/*C1*/SET SCHEMA SYSTEM_LOBS
INSERT INTO BLOCKS VALUES(0,2147483647,0)
COMMIT
/*C4*/SET SCHEMA PUBLIC
INSERT INTO PARSER VALUES(1,'\u041a\u041e\u041c\u0410\u041d\u0414\u0423',2)
COMMIT
DISCONNECT
/*C5*/SET SCHEMA PUBLIC
INSERT INTO PARSER VALUES(2,'\u041f\u041e\u0414\u0425\u041e\u0414\u042f\u0422',1)
COMMIT
DISCONNECT
/*C6*/SET SCHEMA PUBLIC
INSERT INTO PARSER VALUES(3,'\u041f\u0420\u0418\u042f\u0422\u041d\u041e\u0415',1)
COMMIT
DISCONNECT
/*C7*/SET SCHEMA PUBLIC
INSERT INTO PARSER VALUES(4,'\u0417\u0410\u0412\u0415\u0420\u0428\u0418\u041b\u0418',1)
COMMIT
DISCONNECT
/*C8*/SET SCHEMA PUBLIC
INSERT INTO PARSER VALUES(5,'\u041f\u041e\u0414\u041a\u041b\u042e\u0427\u0418\u041c',1)
COMMIT
DISCONNECT
/*C9*/SET SCHEMA PUBLIC
INSERT INTO PARSER VALUES(6,'\u041e\u0411\u0420\u0410\u0417\u041e\u041c',1)
COMMIT
DISCONNECT
/*C10*/SET SCHEMA PUBLIC
INSERT INTO PARSER VALUES(7,'\u0423\u0427\u0410\u0421\u0422\u041d\u0418\u041a\u041e\u0412',1)
COMMIT
DISCONNECT
/*C11*/SET SCHEMA PUBLIC
INSERT INTO PARSER VALUES(8,'\u0421\u041e\u0417\u0414\u0410\u0415\u041c',1)
COMMIT
DISCONNECT
/*C12*/SET SCHEMA PUBLIC
INSERT INTO PARSER VALUES(9,'\u0411\u042b\u0421\u0422\u0420\u041e',7)
COMMIT
DISCONNECT
/*C13*/SET SCHEMA PUBLIC
INSERT INTO PARSER VALUES(10,'\u041a\u041e\u041c\u0410\u041d\u0414\u042b',4)
COMMIT
DISCONNECT
/*C14*/SET SCHEMA PUBLIC
INSERT INTO PARSER VALUES(11,'\u0425\u041e\u0420\u041e\u0428\u0423\u042e',1)
COMMIT
DISCONNECT
/*C15*/SET SCHEMA PUBLIC
INSERT INTO PARSER VALUES(12,'\u0410',1)
COMMIT
DISCONNECT
/*C16*/SET SCHEMA PUBLIC
INSERT INTO PARSER VALUES(13,'\u0412',34)
COMMIT
DISCONNECT
/*C17*/SET SCHEMA PUBLIC
INSERT INTO PARSER VALUES(14,'\u0418\u041d\u041d\u041e\u0412\u0410\u0426\u0418\u041e\u041d\u041d\u042b\u0415',1)
COMMIT
DISCONNECT
/*C18*/SET SCHEMA PUBLIC
INSERT INTO PARSER VALUES(15,'\u041a\u041e\u041c\u0410\u041d\u0414\u0410',5)
COMMIT
DISCONNECT
/*C19*/SET SCHEMA PUBLIC
INSERT INTO PARSER VALUES(16,'\u0420\u0415\u0410\u041b\u042c\u041d\u041e',1)
COMMIT
DISCONNECT
/*C20*/SET SCHEMA PUBLIC
INSERT INTO PARSER VALUES(17,'\u0418',41)
COMMIT
DISCONNECT
/*C21*/SET SCHEMA PUBLIC
INSERT INTO PARSER VALUES(18,'\u041f\u041e\u041d\u0420\u0410\u0412\u0418\u041b\u041e\u0421\u042c',1)
COMMIT
DISCONNECT
/*C22*/SET SCHEMA PUBLIC
INSERT INTO PARSER VALUES(19,'\u0421\u0415\u0420\u0422\u0418\u0424\u0418\u0426\u0418\u0420\u041e\u0412\u0410\u041d\u041d\u042b\u0425',1)
COMMIT
DISCONNECT
/*C23*/SET SCHEMA PUBLIC
INSERT INTO PARSER VALUES(20,'\u041f\u041e\u0414',3)
COMMIT
DISCONNECT
/*C24*/SET SCHEMA PUBLIC
INSERT INTO PARSER VALUES(21,'\u041a',9)
COMMIT
DISCONNECT
/*C25*/SET SCHEMA PUBLIC
INSERT INTO PARSER VALUES(22,'\u041f\u0420\u0418\u041e\u0420\u0418\u0422\u0415\u0422\u041e\u0412',1)
COMMIT
DISCONNECT
/*C26*/SET SCHEMA PUBLIC
INSERT INTO PARSER VALUES(23,'\u0413\u0420\u0410\u0424\u0418\u0427\u0415\u0421\u041a\u041e\u041c',1)
COMMIT
DISCONNECT
/*C27*/SET SCHEMA PUBLIC
INSERT INTO PARSER VALUES(24,'\u0411\u042b\u0421\u0422\u0420\u0415\u0415',1)
COMMIT
DISCONNECT
/*C28*/SET SCHEMA PUBLIC
INSERT INTO PARSER VALUES(25,'\u0421\u041e',1)
COMMIT
DISCONNECT
/*C29*/SET SCHEMA PUBLIC
INSERT INTO PARSER VALUES(26,'\u041e',8)
COMMIT
DISCONNECT
/*C30*/SET SCHEMA PUBLIC
INSERT INTO PARSER VALUES(27,'\u0414\u0415\u0422\u0410\u041b\u042f\u041c',1)
COMMIT
DISCONNECT
/*C31*/SET SCHEMA PUBLIC
INSERT INTO PARSER VALUES(28,'\u0421\u041c\u041e\u0422\u0420\u0418\u041c',1)
COMMIT
DISCONNECT
/*C32*/SET SCHEMA PUBLIC
INSERT INTO PARSER VALUES(29,'\u041f\u041e\u0422\u0420\u0415\u0411\u041d\u041e\u0421\u0422\u0418',1)
COMMIT
DISCONNECT
/*C33*/SET SCHEMA PUBLIC
INSERT INTO PARSER VALUES(30,'\u0412\u0417\u042f\u041b\u0418',1)
COMMIT
DISCONNECT
/*C34*/SET SCHEMA PUBLIC
INSERT INTO PARSER VALUES(31,'\u0421',16)
COMMIT
DISCONNECT
/*C35*/SET SCHEMA PUBLIC
INSERT INTO PARSER VALUES(32,'\u0412\u042b\u0421\u041e\u041a\u041e\u0413\u041e',1)
COMMIT
DISCONNECT
/*C36*/SET SCHEMA PUBLIC
INSERT INTO PARSER VALUES(33,'\u0414\u0415\u0422\u0410\u041b\u042f\u0425',1)
COMMIT
DISCONNECT
/*C37*/SET SCHEMA PUBLIC
INSERT INTO PARSER VALUES(34,'\u041e\u0422\u041d\u041e\u0428\u0415\u041d\u0418\u042f\u041c\u0418',1)
COMMIT
DISCONNECT
/*C38*/SET SCHEMA PUBLIC
INSERT INTO PARSER VALUES(35,'\u0412\u0415\u0429\u0415\u0419',1)
COMMIT
DISCONNECT
/*C39*/SET SCHEMA PUBLIC
INSERT INTO PARSER VALUES(36,'\u041c\u0410\u041a\u0421\u0418\u041c\u0410\u041b\u042c\u041d\u041e',1)
COMMIT
DISCONNECT
/*C40*/SET SCHEMA PUBLIC
INSERT INTO PARSER VALUES(37,'\u041f\u0420\u041e\u0426\u0415\u0421\u0421',3)
COMMIT
DISCONNECT
/*C41*/SET SCHEMA PUBLIC
INSERT INTO PARSER VALUES(38,'\u042f',3)
COMMIT
DISCONNECT
/*C42*/SET SCHEMA PUBLIC
INSERT INTO PARSER VALUES(39,'\u0422\u0415',1)
COMMIT
DISCONNECT
/*C43*/SET SCHEMA PUBLIC
INSERT INTO PARSER VALUES(40,'\u0421\u041e\u0426\u0418\u0410\u041b\u042c\u041d\u0410\u042f',2)
COMMIT
DISCONNECT
/*C44*/SET SCHEMA PUBLIC
INSERT INTO PARSER VALUES(41,'\u041e\u041d\u0418',5)
COMMIT
DISCONNECT
/*C45*/SET SCHEMA PUBLIC
INSERT INTO PARSER VALUES(42,'\u041f\u041e\u0422\u0415\u041d\u0426\u0418\u0410\u041b\u041e\u041c',1)
COMMIT
DISCONNECT
/*C46*/SET SCHEMA PUBLIC
INSERT INTO PARSER VALUES(43,'\u041e\u0422\u0412\u0415\u0422\u0421\u0422\u0412\u0415\u041d\u041d\u0410\u042f',1)
COMMIT
DISCONNECT
/*C47*/SET SCHEMA PUBLIC
INSERT INTO PARSER VALUES(44,'\u0417\u0410\u0414\u0410\u0427',6)
COMMIT
DISCONNECT
/*C48*/SET SCHEMA PUBLIC
INSERT INTO PARSER VALUES(45,'\u042f\u0417\u042b\u041a\u041e\u041c',1)
COMMIT
DISCONNECT
/*C49*/SET SCHEMA PUBLIC
INSERT INTO PARSER VALUES(46,'\u0423\u0414\u0410\u041b\u041e\u0421\u042c',1)
COMMIT
DISCONNECT
/*C50*/SET SCHEMA PUBLIC
INSERT INTO PARSER VALUES(47,'\u0422\u041e',1)
COMMIT
DISCONNECT
/*C51*/SET SCHEMA PUBLIC
INSERT INTO PARSER VALUES(48,'\u0421\u041a\u041e\u0420\u041e\u0421\u0422\u042c\u042e',1)
COMMIT
DISCONNECT
/*C52*/SET SCHEMA PUBLIC
INSERT INTO PARSER VALUES(49,'\u0423\u0412\u0415\u041b\u0418\u0427\u0415\u041d\u0418\u042f',1)
COMMIT
DISCONNECT
/*C53*/SET SCHEMA PUBLIC
INSERT INTO PARSER VALUES(50,'\u0426\u0415\u041b\u042f\u0425',1)
COMMIT
DISCONNECT
/*C54*/SET SCHEMA PUBLIC
INSERT INTO PARSER VALUES(51,'\u0421\u041a\u041e\u041b\u041a\u041e\u0412\u041e',1)
COMMIT
DISCONNECT
/*C55*/SET SCHEMA PUBLIC
INSERT INTO PARSER VALUES(52,'\u0414\u0415\u041b\u0423',1)
COMMIT
DISCONNECT
/*C56*/SET SCHEMA PUBLIC
INSERT INTO PARSER VALUES(53,'\u0412\u0415\u0421\u042c',1)
COMMIT
DISCONNECT
/*C57*/SET SCHEMA PUBLIC
INSERT INTO PARSER VALUES(54,'\u041f\u041e\u0414\u0425\u041e\u0414\u042b',2)
COMMIT
DISCONNECT
/*C58*/SET SCHEMA PUBLIC
INSERT INTO PARSER VALUES(55,'\u041f\u0420\u041e\u0422\u0415\u0421\u0422\u0418\u0420\u0423\u0415\u041c',1)
COMMIT
DISCONNECT
/*C59*/SET SCHEMA PUBLIC
INSERT INTO PARSER VALUES(56,'\u0421\u0418\u0421\u0422\u0415\u041c',1)
COMMIT
DISCONNECT
/*C60*/SET SCHEMA PUBLIC
INSERT INTO PARSER VALUES(57,'\u041c\u0415\u0421\u042f\u0426',1)
COMMIT
DISCONNECT
/*C61*/SET SCHEMA PUBLIC
INSERT INTO PARSER VALUES(58,'\u0420\u0415\u041b\u0418\u0417',1)
COMMIT
DISCONNECT
/*C62*/SET SCHEMA PUBLIC
INSERT INTO PARSER VALUES(59,'\u041d\u0410\u041b\u0418\u0427\u0418\u0418',1)
COMMIT
DISCONNECT
/*C63*/SET SCHEMA PUBLIC
INSERT INTO PARSER VALUES(60,'\u0421\u0414\u0415\u041b\u0410\u0422\u042c',1)
COMMIT
DISCONNECT
/*C64*/SET SCHEMA PUBLIC
INSERT INTO PARSER VALUES(61,'\u041f\u0420\u041e\u0428\u041b\u0418',1)
COMMIT
DISCONNECT
/*C65*/SET SCHEMA PUBLIC
INSERT INTO PARSER VALUES(62,'\u041d\u0410\u0420\u0418\u041c\u0410\u041d\u041e\u0412\u0410',1)
COMMIT
DISCONNECT
/*C66*/SET SCHEMA PUBLIC
INSERT INTO PARSER VALUES(63,'\u0414\u0415\u0421\u042f\u0422\u041a\u0418',1)
COMMIT
DISCONNECT
/*C67*/SET SCHEMA PUBLIC
INSERT INTO PARSER VALUES(64,'\u0421\u0422\u0420\u0415\u0421\u0421\u0410',1)
COMMIT
DISCONNECT
/*C68*/SET SCHEMA PUBLIC
INSERT INTO PARSER VALUES(65,'\u0410\u041b\u042c\u0422\u0415\u0420\u041d\u0410\u0422\u0418\u0412\u041d\u042b\u0415',1)
COMMIT
DISCONNECT
/*C69*/SET SCHEMA PUBLIC
INSERT INTO PARSER VALUES(66,'SIMBIRSOFT',7)
COMMIT
DISCONNECT
/*C70*/SET SCHEMA PUBLIC
INSERT INTO PARSER VALUES(67,'\u0414\u0415\u0419\u0421\u0422\u0412\u0418\u0419',1)
COMMIT
DISCONNECT
/*C71*/SET SCHEMA PUBLIC
INSERT INTO PARSER VALUES(68,'\u0411\u042e\u0414\u0416\u0415\u0422\u0410',1)
COMMIT
DISCONNECT
/*C72*/SET SCHEMA PUBLIC
INSERT INTO PARSER VALUES(69,'\u0418\u041d\u0412\u0415\u0421\u0422\u0418\u0426\u0418\u0419',1)
COMMIT
DISCONNECT
/*C73*/SET SCHEMA PUBLIC
INSERT INTO PARSER VALUES(70,'\u0422\u041e\u0427\u041d\u041e',1)
COMMIT
DISCONNECT
/*C74*/SET SCHEMA PUBLIC
INSERT INTO PARSER VALUES(71,'\u0421\u041f\u041e\u0421\u041e\u0411',1)
COMMIT
DISCONNECT
/*C75*/SET SCHEMA PUBLIC
INSERT INTO PARSER VALUES(72,'\u0421\u041e\u041e\u0422\u0412\u0415\u0422\u0421\u0422\u0412\u041e\u0412\u0410\u041b',1)
COMMIT
DISCONNECT
/*C76*/SET SCHEMA PUBLIC
INSERT INTO PARSER VALUES(73,'\u0420\u0415\u0410\u0413\u0418\u0420\u0423\u042e\u0422',2)
COMMIT
DISCONNECT
/*C77*/SET SCHEMA PUBLIC
INSERT INTO PARSER VALUES(74,'\u0411\u0423\u041a\u0412\u0410\u041b\u042c\u041d\u041e',2)
COMMIT
DISCONNECT
/*C78*/SET SCHEMA PUBLIC
INSERT INTO PARSER VALUES(75,'ISO',1)
COMMIT
DISCONNECT
/*C79*/SET SCHEMA PUBLIC
INSERT INTO PARSER VALUES(76,'\u0412\u041e\u0421\u0421\u0422\u0410\u041d\u041e\u0412\u0418\u041c',1)
COMMIT
DISCONNECT
/*C80*/SET SCHEMA PUBLIC
INSERT INTO PARSER VALUES(77,'\u0411\u0418\u0417\u041d\u0415\u0421\u0410',5)
COMMIT
DISCONNECT
/*C81*/SET SCHEMA PUBLIC
INSERT INTO PARSER VALUES(78,'\u0427\u0422\u041e\u0411\u042b',5)
COMMIT
DISCONNECT
/*C82*/SET SCHEMA PUBLIC
INSERT INTO PARSER VALUES(79,'\u0412\u042b\u0425\u041e\u0414\u0410',1)
COMMIT
DISCONNECT
/*C83*/SET SCHEMA PUBLIC
INSERT INTO PARSER VALUES(80,'\u041d\u0410\u0413\u0420\u0410\u0414\u042b',2)
COMMIT
DISCONNECT
/*C84*/SET SCHEMA PUBLIC
INSERT INTO PARSER VALUES(81,'\u0418\u041d\u0412\u0415\u0421\u0422\u0418\u0426\u0418\u041e\u041d\u041d\u042b\u0419',1)
COMMIT
DISCONNECT
/*C85*/SET SCHEMA PUBLIC
INSERT INTO PARSER VALUES(82,'\u0422\u0415\u041a\u0423\u0429\u0423\u042e',1)
COMMIT
DISCONNECT
/*C86*/SET SCHEMA PUBLIC
INSERT INTO PARSER VALUES(83,'\u041a\u041e\u041c\u041f\u041b\u0415\u041a\u0421\u041d\u042b\u0425',1)
COMMIT
DISCONNECT
/*C87*/SET SCHEMA PUBLIC
INSERT INTO PARSER VALUES(84,'\u041d\u0423\u0416\u041d\u041e\u0415',1)
COMMIT
DISCONNECT
/*C88*/SET SCHEMA PUBLIC
INSERT INTO PARSER VALUES(85,'\u0412\u041e\u0412\u0420\u0415\u041c\u042f',2)
COMMIT
DISCONNECT
/*C89*/SET SCHEMA PUBLIC
INSERT INTO PARSER VALUES(86,'\u0420\u0415\u0428\u0415\u041d\u0418\u042e',3)
COMMIT
DISCONNECT
/*C90*/SET SCHEMA PUBLIC
INSERT INTO PARSER VALUES(87,'\u0421\u0418\u041c\u0411\u0418\u0420\u0421\u041e\u0424\u0422',4)
COMMIT
DISCONNECT
/*C91*/SET SCHEMA PUBLIC
INSERT INTO PARSER VALUES(88,'\u0420\u0415\u0428\u0415\u041d\u0418\u042f',4)
COMMIT
DISCONNECT
/*C92*/SET SCHEMA PUBLIC
INSERT INTO PARSER VALUES(89,'\u041f\u041e\u041c\u041e\u0427\u042c',1)
COMMIT
DISCONNECT
/*C93*/SET SCHEMA PUBLIC
INSERT INTO PARSER VALUES(90,'FOOD',2)
COMMIT
DISCONNECT
/*C94*/SET SCHEMA PUBLIC
INSERT INTO PARSER VALUES(91,'\u041d\u0415\u041e\u0411\u0425\u041e\u0414\u0418\u041c\u0410\u042f',1)
COMMIT
DISCONNECT
/*C95*/SET SCHEMA PUBLIC
INSERT INTO PARSER VALUES(92,'\u0423\u0421\u041f\u0415\u0428\u041d\u041e',1)
COMMIT
DISCONNECT
/*C96*/SET SCHEMA PUBLIC
INSERT INTO PARSER VALUES(93,'\u041f\u0410\u0420\u0422\u041d\u0415\u0420',1)
COMMIT
DISCONNECT
/*C97*/SET SCHEMA PUBLIC
INSERT INTO PARSER VALUES(94,'\u0420\u0415\u0410\u041a\u0426\u0418\u042f',1)
COMMIT
DISCONNECT
/*C98*/SET SCHEMA PUBLIC
INSERT INTO PARSER VALUES(95,'\u0412\u042b\u0413\u041e\u0414\u041d\u041e',1)
COMMIT
DISCONNECT
/*C99*/SET SCHEMA PUBLIC
INSERT INTO PARSER VALUES(96,'\u041a\u041e\u041c\u041f\u0410\u041d\u0418\u0419',1)
COMMIT
DISCONNECT
/*C100*/SET SCHEMA PUBLIC
INSERT INTO PARSER VALUES(97,'\u041a\u041e\u041c\u041f\u0410\u041d\u0418\u0418',3)
COMMIT
DISCONNECT
/*C101*/SET SCHEMA PUBLIC
INSERT INTO PARSER VALUES(98,'\u0426\u0415\u041b\u0415\u0419',1)
COMMIT
DISCONNECT
/*C102*/SET SCHEMA PUBLIC
INSERT INTO PARSER VALUES(99,'\u0418\u041d\u0424\u041e\u0420\u041c\u0410\u0426\u0418\u042f',1)
COMMIT
DISCONNECT
/*C103*/SET SCHEMA PUBLIC
INSERT INTO PARSER VALUES(100,'\u042f\u0421\u041d\u041e\u0421\u0422\u042c',1)
COMMIT
DISCONNECT
/*C104*/SET SCHEMA PUBLIC
INSERT INTO PARSER VALUES(101,'\u0412\u042b\u0421\u041e\u041a\u041e\u041c',2)
COMMIT
DISCONNECT
/*C105*/SET SCHEMA PUBLIC
INSERT INTO PARSER VALUES(102,'\u0421\u041c\u0415\u041d\u0423',1)
COMMIT
DISCONNECT
/*C106*/SET SCHEMA PUBLIC
INSERT INTO PARSER VALUES(103,'\u041e\u0424\u0418\u0421',1)
COMMIT
DISCONNECT
/*C107*/SET SCHEMA PUBLIC
INSERT INTO PARSER VALUES(104,'\u041c\u041e\u0416\u041d\u041e',1)
COMMIT
DISCONNECT
/*C108*/SET SCHEMA PUBLIC
INSERT INTO PARSER VALUES(105,'\u0421\u0415\u0411\u042f',1)
COMMIT
DISCONNECT
/*C109*/SET SCHEMA PUBLIC
INSERT INTO PARSER VALUES(106,'\u0421\u0420\u041e\u041a\u0410\u041c',2)
COMMIT
DISCONNECT
/*C110*/SET SCHEMA PUBLIC
INSERT INTO PARSER VALUES(107,'\u041f\u041e\u0420\u0422\u0424\u041e\u041b\u0418\u041e',2)
COMMIT
DISCONNECT
/*C111*/SET SCHEMA PUBLIC
INSERT INTO PARSER VALUES(108,'\u041e\u0422\u0414\u0410\u0427\u0423',2)
COMMIT
DISCONNECT
/*C112*/SET SCHEMA PUBLIC
INSERT INTO PARSER VALUES(109,'\u041e\u0422\u041b\u0418\u0427\u041d\u041e\u0413\u041e',1)
COMMIT
DISCONNECT
/*C113*/SET SCHEMA PUBLIC
INSERT INTO PARSER VALUES(110,'\u041c\u042b\u0421\u041b\u042f\u0422',1)
COMMIT
DISCONNECT
/*C114*/SET SCHEMA PUBLIC
INSERT INTO PARSER VALUES(111,'CARES',2)
COMMIT
DISCONNECT
/*C115*/SET SCHEMA PUBLIC
INSERT INTO PARSER VALUES(112,'\u041e\u0422\u0417\u042b\u0412\u042b',1)
COMMIT
DISCONNECT
/*C116*/SET SCHEMA PUBLIC
INSERT INTO PARSER VALUES(113,'\u041f\u041e\u0414\u0413\u041e\u0422\u041e\u0412\u041a\u0418',1)
COMMIT
DISCONNECT
/*C117*/SET SCHEMA PUBLIC
INSERT INTO PARSER VALUES(114,'\u0414\u0415\u041d\u042c\u0413\u0418',1)
COMMIT
DISCONNECT
/*C118*/SET SCHEMA PUBLIC
INSERT INTO PARSER VALUES(115,'\u041f\u0420\u0415\u0414\u0421\u041a\u0410\u0417\u0423\u0415\u041c\u042b\u0415',1)
COMMIT
DISCONNECT
/*C119*/SET SCHEMA PUBLIC
INSERT INTO PARSER VALUES(116,'\u041f\u041e\u041b\u0410\u0413\u0410\u041b\u0418\u0421\u042c',1)
COMMIT
DISCONNECT
/*C120*/SET SCHEMA PUBLIC
INSERT INTO PARSER VALUES(117,'\u0426\u0415\u041d\u0418\u041c',2)
COMMIT
DISCONNECT
/*C121*/SET SCHEMA PUBLIC
INSERT INTO PARSER VALUES(118,'\u0423\u0412\u0415\u0420\u0415\u041d\u041d\u041e\u0421\u0422\u042c\u042e',1)
COMMIT
DISCONNECT
/*C122*/SET SCHEMA PUBLIC
INSERT INTO PARSER VALUES(119,'\u0427\u0410\u0421\u0422\u042c\u042e',1)
COMMIT
DISCONNECT
/*C123*/SET SCHEMA PUBLIC
INSERT INTO PARSER VALUES(120,'\u041a\u041e\u041c\u041f\u0410\u041d\u0418\u042f',2)
COMMIT
DISCONNECT
/*C124*/SET SCHEMA PUBLIC
INSERT INTO PARSER VALUES(121,'\u0414\u041e\u0411\u0420\u041e\u0416\u0415\u041b\u0410\u0422\u0415\u041b\u042c\u041d\u042b\u0415',1)
COMMIT
DISCONNECT
/*C125*/SET SCHEMA PUBLIC
INSERT INTO PARSER VALUES(122,'\u0420\u0415\u0428\u0418\u041b\u0418',1)
COMMIT
DISCONNECT
/*C126*/SET SCHEMA PUBLIC
INSERT INTO PARSER VALUES(123,'COOKIE',1)
COMMIT
DISCONNECT
/*C127*/SET SCHEMA PUBLIC
INSERT INTO PARSER VALUES(124,'\u0421\u041f\u0420\u0410\u0412\u0418\u041b\u0410\u0421\u042c',1)
COMMIT
DISCONNECT
/*C128*/SET SCHEMA PUBLIC
INSERT INTO PARSER VALUES(125,'\u0421\u041e\u041e\u0422\u0412\u0415\u0422\u0421\u0422\u0412\u0418\u0418',1)
COMMIT
DISCONNECT
/*C129*/SET SCHEMA PUBLIC
INSERT INTO PARSER VALUES(126,'\u041c\u0415\u0414\u0418\u0426\u0418\u041d\u0421\u041a\u041e\u0419',2)
COMMIT
DISCONNECT
/*C130*/SET SCHEMA PUBLIC
INSERT INTO PARSER VALUES(127,'\u0421\u0415\u0420\u0412\u0418\u0421\u0410',1)
COMMIT
DISCONNECT
/*C131*/SET SCHEMA PUBLIC
INSERT INTO PARSER VALUES(128,'\u0424\u041b\u0410\u0413\u041c\u0410\u041d\u0421\u041a\u041e\u0413\u041e',1)
COMMIT
DISCONNECT
/*C132*/SET SCHEMA PUBLIC
INSERT INTO PARSER VALUES(129,'\u0421\u0415\u0411\u0415',1)
COMMIT
DISCONNECT
/*C133*/SET SCHEMA PUBLIC
INSERT INTO PARSER VALUES(130,'\u042d\u041a\u0421\u041f\u0415\u0420\u0422\u0418\u0417\u0410',1)
COMMIT
DISCONNECT
/*C134*/SET SCHEMA PUBLIC
INSERT INTO PARSER VALUES(131,'\u0421\u041b\u042b\u0428\u0410\u0422',1)
COMMIT
DISCONNECT
/*C135*/SET SCHEMA PUBLIC
INSERT INTO PARSER VALUES(132,'\u0412\u042b\u041f\u041e\u041b\u041d\u042f\u041b\u0418\u0421\u042c',1)
COMMIT
DISCONNECT
/*C136*/SET SCHEMA PUBLIC
INSERT INTO PARSER VALUES(133,'\u0417\u0410\u041a\u0410\u0417\u0427\u0418\u041a\u0410',2)
COMMIT
DISCONNECT
/*C137*/SET SCHEMA PUBLIC
INSERT INTO PARSER VALUES(134,'\u041f\u0420\u041e\u0414\u0423\u041a\u0422\u0410\u041c\u0418',1)
COMMIT
DISCONNECT
/*C138*/SET SCHEMA PUBLIC
INSERT INTO PARSER VALUES(135,'\u0412\u0421\u0415\u0425',1)
COMMIT
DISCONNECT
/*C139*/SET SCHEMA PUBLIC
INSERT INTO PARSER VALUES(136,'\u0427\u0418\u0422\u0410\u0422\u042c',1)
COMMIT
DISCONNECT
/*C140*/SET SCHEMA PUBLIC
INSERT INTO PARSER VALUES(137,'\u0421\u0428\u0410',1)
COMMIT
DISCONNECT
/*C141*/SET SCHEMA PUBLIC
INSERT INTO PARSER VALUES(138,'\u0414\u0410\u042e\u0422',1)
COMMIT
DISCONNECT
/*C142*/SET SCHEMA PUBLIC
INSERT INTO PARSER VALUES(139,'\u0423\u0412\u0418\u0414\u0415\u041b\u0418',1)
COMMIT
DISCONNECT
/*C143*/SET SCHEMA PUBLIC
INSERT INTO PARSER VALUES(140,'\u0422\u0415\u0427\u0415\u041d\u0418\u0415',1)
COMMIT
DISCONNECT
/*C144*/SET SCHEMA PUBLIC
INSERT INTO PARSER VALUES(141,'\u041e\u0422\u0412\u0415\u0422\u0421\u0422\u0412\u0415\u041d\u041d\u042b\u0415',1)
COMMIT
DISCONNECT
/*C145*/SET SCHEMA PUBLIC
INSERT INTO PARSER VALUES(142,'\u042f\u0417\u042b\u041a',1)
COMMIT
DISCONNECT
/*C146*/SET SCHEMA PUBLIC
INSERT INTO PARSER VALUES(143,'\u041e\u0422\u041d\u041e\u0428\u0415\u041d\u0418\u0419',1)
COMMIT
DISCONNECT
/*C147*/SET SCHEMA PUBLIC
INSERT INTO PARSER VALUES(144,'\u041a\u041e\u0420\u0420\u0415\u041a\u0422\u041d\u041e\u0415',1)
COMMIT
DISCONNECT
/*C148*/SET SCHEMA PUBLIC
INSERT INTO PARSER VALUES(145,'\u0418\u042e\u041b\u042f',1)
COMMIT
DISCONNECT
/*C149*/SET SCHEMA PUBLIC
INSERT INTO PARSER VALUES(146,'\u0412\u042b\u041f\u041e\u041b\u041d\u0418\u041b\u0418',2)
COMMIT
DISCONNECT
/*C150*/SET SCHEMA PUBLIC
INSERT INTO PARSER VALUES(147,'\u041f\u0420\u041e\u0415\u041a\u0422\u041e\u0412',3)
COMMIT
DISCONNECT
/*C151*/SET SCHEMA PUBLIC
INSERT INTO PARSER VALUES(148,'\u041a\u0410\u0427\u0415\u0421\u0422\u0412\u0410',5)
COMMIT
DISCONNECT
/*C152*/SET SCHEMA PUBLIC
INSERT INTO PARSER VALUES(149,'\u0422\u0415\u0425\u041f\u041e\u0414\u0414\u0415\u0420\u0416\u041a\u0410',2)
COMMIT
DISCONNECT
/*C153*/SET SCHEMA PUBLIC
INSERT INTO PARSER VALUES(150,'\u0420\u0410\u0417\u0420\u0410\u0411\u041e\u0422\u0410\u041b\u0418',3)
COMMIT
DISCONNECT
/*C154*/SET SCHEMA PUBLIC
INSERT INTO PARSER VALUES(151,'\u042d\u041a\u0421\u041f\u0415\u0420\u0422\u041e\u0412',1)
COMMIT
DISCONNECT
/*C155*/SET SCHEMA PUBLIC
INSERT INTO PARSER VALUES(152,'\u041f\u041e\u0414\u0420\u041e\u0411\u041d\u0415\u0415',1)
COMMIT
DISCONNECT
/*C156*/SET SCHEMA PUBLIC
INSERT INTO PARSER VALUES(153,'\u041e\u0422\u0412\u0415\u0422\u0421\u0422\u0412\u0415\u041d\u041d\u042b\u0425',1)
COMMIT
DISCONNECT
/*C157*/SET SCHEMA PUBLIC
INSERT INTO PARSER VALUES(154,'\u041e\u0411\u041b\u0410\u0421\u0422\u042c',1)
COMMIT
DISCONNECT
/*C158*/SET SCHEMA PUBLIC
INSERT INTO PARSER VALUES(155,'\u041c\u0418\u0420\u041e\u0412\u041e\u0413\u041e',1)
COMMIT
DISCONNECT
/*C159*/SET SCHEMA PUBLIC
INSERT INTO PARSER VALUES(156,'\u041d\u0410\u0427\u0410\u0422\u042c',1)
COMMIT
DISCONNECT
/*C160*/SET SCHEMA PUBLIC
INSERT INTO PARSER VALUES(157,'\u041f\u0420\u041e\u0415\u041a\u0422',3)
COMMIT
DISCONNECT
/*C161*/SET SCHEMA PUBLIC
INSERT INTO PARSER VALUES(158,'\u0421\u041a\u041e\u0420\u041e\u0421\u0422\u0418',1)
COMMIT
DISCONNECT
/*C162*/SET SCHEMA PUBLIC
INSERT INTO PARSER VALUES(159,'\u0418\u0421\u041a\u0420\u0415\u041d\u041d\u0415',1)
COMMIT
DISCONNECT
/*C163*/SET SCHEMA PUBLIC
INSERT INTO PARSER VALUES(160,'\u041a\u0410\u0427\u0415\u0421\u0422\u0412\u041e',1)
COMMIT
DISCONNECT
/*C164*/SET SCHEMA PUBLIC
INSERT INTO PARSER VALUES(161,'\u0417\u0410\u0411\u041e\u0422\u042f\u0422\u0421\u042f',1)
COMMIT
DISCONNECT
/*C165*/SET SCHEMA PUBLIC
INSERT INTO PARSER VALUES(162,'\u0414\u0415\u041c\u041e\u041d\u0421\u0422\u0420\u0410\u0426\u0418\u041e\u041d\u041d\u042b\u0415',1)
COMMIT
DISCONNECT
/*C166*/SET SCHEMA PUBLIC
INSERT INTO PARSER VALUES(163,'\u0412\u041a\u041b\u042e\u0427\u0418\u041b\u0418\u0421\u042c',1)
COMMIT
DISCONNECT
/*C167*/SET SCHEMA PUBLIC
INSERT INTO PARSER VALUES(164,'\u041a\u0410\u0427\u0415\u0421\u0422\u0412\u0423',1)
COMMIT
DISCONNECT
/*C168*/SET SCHEMA PUBLIC
INSERT INTO PARSER VALUES(165,'\u0420\u0410\u0423\u041d\u0414',1)
COMMIT
DISCONNECT
/*C169*/SET SCHEMA PUBLIC
INSERT INTO PARSER VALUES(166,'\u041d\u0415\u0414\u0415\u041b\u042c',1)
COMMIT
DISCONNECT
/*C170*/SET SCHEMA PUBLIC
INSERT INTO PARSER VALUES(167,'\u0415\u0416\u0415\u041d\u0415\u0414\u0415\u041b\u042c\u041d\u041e',1)
COMMIT
DISCONNECT
/*C171*/SET SCHEMA PUBLIC
INSERT INTO PARSER VALUES(168,'\u041e\u041f\u0418\u0420\u0410\u041b\u0418\u0421\u042c',1)
COMMIT
DISCONNECT
/*C172*/SET SCHEMA PUBLIC
INSERT INTO PARSER VALUES(169,'\u041f\u0420\u0418\u041b\u041e\u0416\u0415\u041d\u0418\u0415',1)
COMMIT
DISCONNECT
/*C173*/SET SCHEMA PUBLIC
INSERT INTO PARSER VALUES(170,'\u041f\u0420\u0418\u041b\u041e\u0416\u0415\u041d\u0418\u0419',1)
COMMIT
DISCONNECT
/*C174*/SET SCHEMA PUBLIC
INSERT INTO PARSER VALUES(171,'\u041f\u0420\u0418\u041b\u041e\u0416\u0415\u041d\u0418\u042f',1)
COMMIT
DISCONNECT
/*C175*/SET SCHEMA PUBLIC
INSERT INTO PARSER VALUES(172,'\u0422\u0415\u0421\u0422\u0418\u0420\u041e\u0412\u0410\u041d\u0418\u042e',1)
COMMIT
DISCONNECT
/*C176*/SET SCHEMA PUBLIC
INSERT INTO PARSER VALUES(173,'\u0420\u0410\u0417\u0420\u0410\u0411\u041e\u0422\u041a\u0418',9)
COMMIT
DISCONNECT
/*C177*/SET SCHEMA PUBLIC
INSERT INTO PARSER VALUES(174,'\u041a\u041e\u0420\u041e\u0422\u041a\u0418\u0415',1)
COMMIT
DISCONNECT
/*C178*/SET SCHEMA PUBLIC
INSERT INTO PARSER VALUES(175,'\u041f\u0420\u041e\u0424\u0415\u0421\u0421\u0418\u041e\u041d\u0410\u041b\u042c\u041d\u0423\u042e',1)
COMMIT
DISCONNECT
/*C179*/SET SCHEMA PUBLIC
INSERT INTO PARSER VALUES(176,'\u0424\u0410\u0419\u041b\u042b',1)
COMMIT
DISCONNECT
/*C180*/SET SCHEMA PUBLIC
INSERT INTO PARSER VALUES(177,'\u0420\u0410\u0417\u0420\u0410\u0411\u041e\u0422\u041a\u0415',7)
COMMIT
DISCONNECT
/*C181*/SET SCHEMA PUBLIC
INSERT INTO PARSER VALUES(178,'\u041e\u0416\u0418\u0414\u0410\u041d\u0418\u042f',3)
COMMIT
DISCONNECT
/*C182*/SET SCHEMA PUBLIC
INSERT INTO PARSER VALUES(179,'\u0427\u0415\u041c',1)
COMMIT
DISCONNECT
/*C183*/SET SCHEMA PUBLIC
INSERT INTO PARSER VALUES(180,'\u041f\u0420\u0418\u041e\u0411\u0420\u0415\u0422\u0410\u0415\u0422\u0415',1)
COMMIT
DISCONNECT
/*C184*/SET SCHEMA PUBLIC
INSERT INTO PARSER VALUES(181,'\u0413\u041b\u0410\u0412\u041d\u042b\u0419',1)
COMMIT
DISCONNECT
/*C185*/SET SCHEMA PUBLIC
INSERT INTO PARSER VALUES(182,'\u0410\u0414\u0410\u041f\u0422\u0418\u0420\u041e\u0412\u0410\u041b\u0418',1)
COMMIT
DISCONNECT
/*C186*/SET SCHEMA PUBLIC
INSERT INTO PARSER VALUES(183,'\u0411\u0410\u041d\u041a\u041e\u0412',2)
COMMIT
DISCONNECT
/*C187*/SET SCHEMA PUBLIC
INSERT INTO PARSER VALUES(184,'\u0414\u0418\u0417\u0410\u0419\u041d\u0410',1)
COMMIT
DISCONNECT
/*C188*/SET SCHEMA PUBLIC
INSERT INTO PARSER VALUES(185,'\u0414\u041e\u0412\u041e\u041b\u0415\u041d',1)
COMMIT
DISCONNECT
/*C189*/SET SCHEMA PUBLIC
INSERT INTO PARSER VALUES(186,'\u0425\u041e\u0414\u0410',1)
COMMIT
DISCONNECT
/*C190*/SET SCHEMA PUBLIC
INSERT INTO PARSER VALUES(187,'\u041f\u041e\u0422\u0420\u0415\u0411\u041d\u041e\u0421\u0422\u0415\u0419',1)
COMMIT
DISCONNECT
/*C191*/SET SCHEMA PUBLIC
INSERT INTO PARSER VALUES(188,'\u041a\u0410\u0427\u0415\u0421\u0422\u0412\u0415\u041d\u041d\u041e',2)
COMMIT
DISCONNECT
/*C192*/SET SCHEMA PUBLIC
INSERT INTO PARSER VALUES(189,'\u0425\u041e\u0414\u0415',1)
COMMIT
DISCONNECT
/*C193*/SET SCHEMA PUBLIC
INSERT INTO PARSER VALUES(190,'\u0423\u0421\u041b\u041e\u0412\u0418\u042f',1)
COMMIT
DISCONNECT
/*C194*/SET SCHEMA PUBLIC
INSERT INTO PARSER VALUES(191,'IT',5)
COMMIT
DISCONNECT
/*C195*/SET SCHEMA PUBLIC
INSERT INTO PARSER VALUES(192,'\u0411\u042b\u041b',2)
COMMIT
DISCONNECT
/*C196*/SET SCHEMA PUBLIC
INSERT INTO PARSER VALUES(193,'\u041e\u041f\u042b\u0422',3)
COMMIT
DISCONNECT
/*C197*/SET SCHEMA PUBLIC
INSERT INTO PARSER VALUES(194,'\u0412\u042b\u0411\u0420\u0410\u041b\u0418',1)
COMMIT
DISCONNECT
/*C198*/SET SCHEMA PUBLIC
INSERT INTO PARSER VALUES(195,'\u0414\u0415\u041b\u0410\u042e\u0422',1)
COMMIT
DISCONNECT
/*C199*/SET SCHEMA PUBLIC
INSERT INTO PARSER VALUES(196,'ANDROID',1)
COMMIT
DISCONNECT
/*C200*/SET SCHEMA PUBLIC
INSERT INTO PARSER VALUES(197,'\u041e\u0411\u0415\u0421\u041f\u0415\u0427\u0418\u0422\u042c',1)
COMMIT
DISCONNECT
/*C201*/SET SCHEMA PUBLIC
INSERT INTO PARSER VALUES(198,'JAVASCRIPT',1)
COMMIT
DISCONNECT
/*C202*/SET SCHEMA PUBLIC
INSERT INTO PARSER VALUES(199,'\u041c\u0415\u041d\u0415\u0414\u0416\u041c\u0415\u041d\u0422',2)
COMMIT
DISCONNECT
/*C203*/SET SCHEMA PUBLIC
INSERT INTO PARSER VALUES(200,'\u041f\u0420\u0415\u0414\u041b\u0410\u0413\u0410\u042e\u0422',2)
COMMIT
DISCONNECT
/*C204*/SET SCHEMA PUBLIC
INSERT INTO PARSER VALUES(201,'\u041e\u041f\u0415\u0420\u0410\u0422\u0418\u0412\u041d\u041e',2)
COMMIT
DISCONNECT
/*C205*/SET SCHEMA PUBLIC
INSERT INTO PARSER VALUES(202,'\u0412\u0418\u0414\u0418\u0422\u0415',2)
COMMIT
DISCONNECT
/*C206*/SET SCHEMA PUBLIC
INSERT INTO PARSER VALUES(203,'PYTHON',1)
COMMIT
DISCONNECT
/*C207*/SET SCHEMA PUBLIC
INSERT INTO PARSER VALUES(204,'\u041f\u0420\u041e\u0414\u0423\u041a\u0422',9)
COMMIT
DISCONNECT
/*C208*/SET SCHEMA PUBLIC
INSERT INTO PARSER VALUES(205,'\u0412\u042b\u0414\u0415\u041b\u0415\u041d\u041d\u042b\u0419',1)
COMMIT
DISCONNECT
/*C209*/SET SCHEMA PUBLIC
INSERT INTO PARSER VALUES(206,'\u0412\u0410\u041a\u0410\u041d\u0421\u0418\u0418',1)
COMMIT
DISCONNECT
/*C210*/SET SCHEMA PUBLIC
INSERT INTO PARSER VALUES(207,'\u0412\u0418\u0414\u0415\u041b\u0418',1)
COMMIT
DISCONNECT
/*C211*/SET SCHEMA PUBLIC
INSERT INTO PARSER VALUES(208,'\u0421\u041e\u0422\u0420\u0423\u0414\u041d\u0418\u0427\u0410\u0422\u042c',1)
COMMIT
DISCONNECT
/*C212*/SET SCHEMA PUBLIC
INSERT INTO PARSER VALUES(209,'\u041e\u0426\u0415\u041d\u041a\u0410',2)
COMMIT
DISCONNECT
/*C213*/SET SCHEMA PUBLIC
INSERT INTO PARSER VALUES(210,'\u0412\u041e\u0412\u041b\u0415\u0427\u0415\u041d\u041d\u041e\u0421\u0422\u042c',1)
COMMIT
DISCONNECT
/*C214*/SET SCHEMA PUBLIC
INSERT INTO PARSER VALUES(211,'\u041c\u041e\u0411\u0418\u041b\u042c\u041d\u041e\u0419',1)
COMMIT
DISCONNECT
/*C215*/SET SCHEMA PUBLIC
INSERT INTO PARSER VALUES(212,'\u0423\u0414\u0415\u041b\u042f\u042e\u0422',1)
COMMIT
DISCONNECT
/*C216*/SET SCHEMA PUBLIC
INSERT INTO PARSER VALUES(213,'\u041e\u0422\u0420\u0410\u0421\u041b\u0418',1)
COMMIT
DISCONNECT
/*C217*/SET SCHEMA PUBLIC
INSERT INTO PARSER VALUES(214,'\u0423\u0421\u0418\u041b\u0418\u0422\u042c',1)
COMMIT
DISCONNECT
/*C218*/SET SCHEMA PUBLIC
INSERT INTO PARSER VALUES(215,'\u0412\u042b\u0421\u041e\u041a\u0418\u041c',1)
COMMIT
DISCONNECT
/*C219*/SET SCHEMA PUBLIC
INSERT INTO PARSER VALUES(216,'\u041c\u041e\u0411\u0418\u041b\u042c\u041d\u041e\u0415',1)
COMMIT
DISCONNECT
/*C220*/SET SCHEMA PUBLIC
INSERT INTO PARSER VALUES(217,'\u041a\u041b\u042e\u0427',2)
COMMIT
DISCONNECT
/*C221*/SET SCHEMA PUBLIC
INSERT INTO PARSER VALUES(218,'SHOPCHAT',2)
COMMIT
DISCONNECT
/*C222*/SET SCHEMA PUBLIC
INSERT INTO PARSER VALUES(219,'PHP',1)
COMMIT
DISCONNECT
/*C223*/SET SCHEMA PUBLIC
INSERT INTO PARSER VALUES(220,'\u0412\u042b\u0421\u041e\u041a\u0418\u0419',1)
COMMIT
DISCONNECT
/*C224*/SET SCHEMA PUBLIC
INSERT INTO PARSER VALUES(221,'\u0414\u0412\u0410',2)
COMMIT
DISCONNECT
/*C225*/SET SCHEMA PUBLIC
INSERT INTO PARSER VALUES(222,'\u0412\u042b\u0421\u041e\u041a\u0418\u0415',2)
COMMIT
DISCONNECT
/*C226*/SET SCHEMA PUBLIC
INSERT INTO PARSER VALUES(223,'COM',2)
COMMIT
DISCONNECT
/*C227*/SET SCHEMA PUBLIC
INSERT INTO PARSER VALUES(224,'\u0423\u0421\u041f\u0415\u0428\u041d\u042b\u041c',1)
COMMIT
DISCONNECT
/*C228*/SET SCHEMA PUBLIC
INSERT INTO PARSER VALUES(225,'\u041f\u041e\u041b\u0423\u0427\u0418\u041b\u0418',5)
COMMIT
DISCONNECT
/*C229*/SET SCHEMA PUBLIC
INSERT INTO PARSER VALUES(226,'\u0418\u041c\u0415\u041d\u041d\u041e',1)
COMMIT
DISCONNECT
/*C230*/SET SCHEMA PUBLIC
INSERT INTO PARSER VALUES(227,'\u0421\u041f\u0415\u0426\u0418\u0410\u041b\u0418\u0421\u0422\u041e\u0412',4)
COMMIT
DISCONNECT
/*C231*/SET SCHEMA PUBLIC
INSERT INTO PARSER VALUES(228,'\u0421\u0412\u0415\u0420\u041d\u0423\u0422',1)
COMMIT
DISCONNECT
/*C232*/SET SCHEMA PUBLIC
INSERT INTO PARSER VALUES(229,'\u0411\u0415\u0417\u041e\u041f\u0410\u0421\u041d\u041e\u0421\u0422\u042c',1)
COMMIT
DISCONNECT
/*C233*/SET SCHEMA PUBLIC
INSERT INTO PARSER VALUES(230,'\u0412\u041d\u0418\u041c\u0410\u041d\u0418\u0415',1)
COMMIT
DISCONNECT
/*C234*/SET SCHEMA PUBLIC
INSERT INTO PARSER VALUES(231,'\u0420\u0415\u0410\u041b\u0418\u0417\u041e\u0412\u0410\u041b\u0418',1)
COMMIT
DISCONNECT
/*C235*/SET SCHEMA PUBLIC
INSERT INTO PARSER VALUES(232,'\u0413\u0420\u0410\u041d\u0422',1)
COMMIT
DISCONNECT
/*C236*/SET SCHEMA PUBLIC
INSERT INTO PARSER VALUES(233,'\u0412\u0410\u0428\u0418\u0425',2)
COMMIT
DISCONNECT
/*C237*/SET SCHEMA PUBLIC
INSERT INTO PARSER VALUES(234,'\u041f\u041e\u0427\u0415\u041c\u0423',1)
COMMIT
DISCONNECT
/*C238*/SET SCHEMA PUBLIC
INSERT INTO PARSER VALUES(235,'\u041d\u0415\u0421\u041a\u041e\u041b\u042c\u041a\u041e',3)
COMMIT
DISCONNECT
/*C239*/SET SCHEMA PUBLIC
INSERT INTO PARSER VALUES(236,'\u041f\u0420\u0415\u041a\u0420\u0410\u0421\u041d\u041e',1)
COMMIT
DISCONNECT
/*C240*/SET SCHEMA PUBLIC
INSERT INTO PARSER VALUES(237,'\u041f\u0420\u041e\u0413\u0420\u0410\u041c\u041c\u041d\u042b\u0415',1)
COMMIT
DISCONNECT
/*C241*/SET SCHEMA PUBLIC
INSERT INTO PARSER VALUES(238,'WWW',1)
COMMIT
DISCONNECT
/*C242*/SET SCHEMA PUBLIC
INSERT INTO PARSER VALUES(239,'\u0422\u0420\u0415\u0411\u041e\u0412\u0410\u041d\u0418\u042f',3)
COMMIT
DISCONNECT
/*C243*/SET SCHEMA PUBLIC
INSERT INTO PARSER VALUES(240,'\u041d\u0415\u0414\u0415\u041b\u0418',1)
COMMIT
DISCONNECT
/*C244*/SET SCHEMA PUBLIC
INSERT INTO PARSER VALUES(241,'NET',1)
COMMIT
DISCONNECT
/*C245*/SET SCHEMA PUBLIC
INSERT INTO PARSER VALUES(242,'\u0410\u0413\u0415\u041d\u0422\u0421\u0422\u0412\u0410',1)
COMMIT
DISCONNECT
/*C246*/SET SCHEMA PUBLIC
INSERT INTO PARSER VALUES(243,'THAT',2)
COMMIT
DISCONNECT
/*C247*/SET SCHEMA PUBLIC
INSERT INTO PARSER VALUES(244,'\u041f\u0420\u0415\u0414\u0415\u041b\u042c\u041d\u041e',1)
COMMIT
DISCONNECT
/*C248*/SET SCHEMA PUBLIC
INSERT INTO PARSER VALUES(245,'\u041a\u041b\u0418\u0415\u041d\u0422\u041e\u041e\u0420\u0418\u0415\u041d\u0422\u0418\u0420\u041e\u0412\u0410\u041d\u041d\u041e\u0419',1)
COMMIT
DISCONNECT
/*C249*/SET SCHEMA PUBLIC
INSERT INTO PARSER VALUES(246,'\u041e\u0416\u0418\u0414\u0410\u041d\u0418\u042f\u041c',2)
COMMIT
DISCONNECT
/*C250*/SET SCHEMA PUBLIC
INSERT INTO PARSER VALUES(247,'\u041f\u041e\u0421\u0422\u0410\u0412\u041b\u0415\u041d\u041d\u042b\u0415',1)
COMMIT
DISCONNECT
/*C251*/SET SCHEMA PUBLIC
INSERT INTO PARSER VALUES(248,'\u0425\u041e\u0427\u0415\u0422',1)
COMMIT
DISCONNECT
/*C252*/SET SCHEMA PUBLIC
INSERT INTO PARSER VALUES(249,'\u041c\u0415\u041d\u0415\u0414\u0416\u0415\u0420',1)
COMMIT
DISCONNECT
/*C253*/SET SCHEMA PUBLIC
INSERT INTO PARSER VALUES(250,'\u0421\u0414\u0415\u041b\u0410\u0415\u041c',1)
COMMIT
DISCONNECT
/*C254*/SET SCHEMA PUBLIC
INSERT INTO PARSER VALUES(251,'\u0412\u0410\u041c',1)
COMMIT
DISCONNECT
/*C255*/SET SCHEMA PUBLIC
INSERT INTO PARSER VALUES(252,'\u0411\u041e\u041b\u0415\u0415',1)
COMMIT
DISCONNECT
/*C256*/SET SCHEMA PUBLIC
INSERT INTO PARSER VALUES(253,'\u041f\u041e\u0414\u041a\u041b\u042e\u0427\u0418\u041b\u0418',1)
COMMIT
DISCONNECT
/*C257*/SET SCHEMA PUBLIC
INSERT INTO PARSER VALUES(254,'\u041f\u0420\u0415\u0412\u0417\u041e\u0428\u041b\u0418',2)
COMMIT
DISCONNECT
/*C258*/SET SCHEMA PUBLIC
INSERT INTO PARSER VALUES(255,'\u041f\u0420\u0415\u0414\u041e\u0421\u0422\u0410\u0412\u0418\u0422\u042c',1)
COMMIT
DISCONNECT
/*C259*/SET SCHEMA PUBLIC
INSERT INTO PARSER VALUES(256,'\u041a\u0410\u041a\u0418\u041c\u0418',1)
COMMIT
DISCONNECT
/*C260*/SET SCHEMA PUBLIC
INSERT INTO PARSER VALUES(257,'\u042d\u0422\u041e\u0413\u041e',1)
COMMIT
DISCONNECT
/*C261*/SET SCHEMA PUBLIC
INSERT INTO PARSER VALUES(258,'\u0420\u0410\u0417\u0420\u0410\u0411\u041e\u0422\u0410\u0422\u042c',2)
COMMIT
DISCONNECT
/*C262*/SET SCHEMA PUBLIC
INSERT INTO PARSER VALUES(259,'\u0412\u042b\u041f\u041e\u041b\u041d\u0415\u041d\u0418\u0415',1)
COMMIT
DISCONNECT
/*C263*/SET SCHEMA PUBLIC
INSERT INTO PARSER VALUES(260,'\u041f\u041e\u041b\u0423\u0427\u0410\u0415\u0422\u0415',2)
COMMIT
DISCONNECT
/*C264*/SET SCHEMA PUBLIC
INSERT INTO PARSER VALUES(261,'\u0417\u0410\u041a\u0410\u0417',1)
COMMIT
DISCONNECT
/*C265*/SET SCHEMA PUBLIC
INSERT INTO PARSER VALUES(262,'\u0412\u0410\u0420\u0418\u0410\u041d\u0422\u042b',2)
COMMIT
DISCONNECT
/*C266*/SET SCHEMA PUBLIC
INSERT INTO PARSER VALUES(263,'\u041a\u041b\u0418\u0415\u041d\u0422',1)
COMMIT
DISCONNECT
/*C267*/SET SCHEMA PUBLIC
INSERT INTO PARSER VALUES(264,'\u0421\u041e\u0413\u041b\u0410\u0421\u0418\u0415',1)
COMMIT
DISCONNECT
/*C268*/SET SCHEMA PUBLIC
INSERT INTO PARSER VALUES(265,'\u0422\u0420\u0415\u0411\u041e\u0412\u0410\u041d\u0418\u042f\u041c',1)
COMMIT
DISCONNECT
/*C269*/SET SCHEMA PUBLIC
INSERT INTO PARSER VALUES(266,'\u0413\u0418\u0411\u041a\u0418\u0419',1)
COMMIT
DISCONNECT
/*C270*/SET SCHEMA PUBLIC
INSERT INTO PARSER VALUES(267,'\u0423\u0414\u0418\u0412\u041b\u042f\u0415\u0422',1)
COMMIT
DISCONNECT
/*C271*/SET SCHEMA PUBLIC
INSERT INTO PARSER VALUES(268,'\u041c\u0410\u041a\u0421\u0418\u041c\u0410\u041b\u042c\u041d\u0423\u042e',1)
COMMIT
DISCONNECT
/*C272*/SET SCHEMA PUBLIC
INSERT INTO PARSER VALUES(269,'\u041c\u041e\u0416\u0415\u041c',2)
COMMIT
DISCONNECT
/*C273*/SET SCHEMA PUBLIC
INSERT INTO PARSER VALUES(270,'\u0420\u0410\u0411\u041e\u0422',4)
COMMIT
DISCONNECT
/*C274*/SET SCHEMA PUBLIC
INSERT INTO PARSER VALUES(271,'\u0412\u042b\u0418\u0413\u0420\u0410\u041b\u0418',1)
COMMIT
DISCONNECT
/*C275*/SET SCHEMA PUBLIC
INSERT INTO PARSER VALUES(272,'\u041c\u0410\u0420\u041a\u0418\u0420\u041e\u0412\u041a\u0418',1)
COMMIT
DISCONNECT
/*C276*/SET SCHEMA PUBLIC
INSERT INTO PARSER VALUES(273,'\u041d\u0418\u041c\u0418',2)
COMMIT
DISCONNECT
/*C277*/SET SCHEMA PUBLIC
INSERT INTO PARSER VALUES(274,'\u0422\u0410\u041a',1)
COMMIT
DISCONNECT
/*C278*/SET SCHEMA PUBLIC
INSERT INTO PARSER VALUES(275,'\u041d\u0410\u041f\u0418\u0428\u0418\u0422\u0415',4)
COMMIT
DISCONNECT
/*C279*/SET SCHEMA PUBLIC
INSERT INTO PARSER VALUES(276,'\u041d\u0410\u0414\u0415\u0416\u041d\u0423\u042e',1)
COMMIT
DISCONNECT
/*C280*/SET SCHEMA PUBLIC
INSERT INTO PARSER VALUES(277,'\u0422\u0410\u041c',2)
COMMIT
DISCONNECT
/*C281*/SET SCHEMA PUBLIC
INSERT INTO PARSER VALUES(278,'\u0421\u041e\u0422\u0420\u0423\u0414\u041d\u0418\u0427\u0415\u0421\u0422\u0412\u0423',1)
COMMIT
DISCONNECT
/*C282*/SET SCHEMA PUBLIC
INSERT INTO PARSER VALUES(279,'\u0414\u0410\u041d\u041d\u042b\u0425',1)
COMMIT
DISCONNECT
/*C283*/SET SCHEMA PUBLIC
INSERT INTO PARSER VALUES(280,'\u041f\u0420\u0418\u041d\u041e\u0421\u0418\u041b\u041e',1)
COMMIT
DISCONNECT
/*C284*/SET SCHEMA PUBLIC
INSERT INTO PARSER VALUES(281,'\u0421\u041e\u0417\u0414\u0410\u041b\u0418',2)
COMMIT
DISCONNECT
/*C285*/SET SCHEMA PUBLIC
INSERT INTO PARSER VALUES(282,'\u0423\u0421\u041f\u0415\u0425',2)
COMMIT
DISCONNECT
/*C286*/SET SCHEMA PUBLIC
INSERT INTO PARSER VALUES(283,'\u041f\u0420\u041e\u0415\u041a\u0422\u0410',1)
COMMIT
DISCONNECT
/*C287*/SET SCHEMA PUBLIC
INSERT INTO PARSER VALUES(284,'\u041a\u041e\u041d\u0422\u0420\u041e\u041b\u0418\u0420\u041e\u0412\u0410\u041b\u0418',1)
COMMIT
DISCONNECT
/*C288*/SET SCHEMA PUBLIC
INSERT INTO PARSER VALUES(285,'\u0420\u0415\u0428\u0410\u0422\u042c',1)
COMMIT
DISCONNECT
/*C289*/SET SCHEMA PUBLIC
INSERT INTO PARSER VALUES(286,'\u041e\u0420\u0413\u0410\u041d\u0418\u0417\u0423\u0415\u041c',1)
COMMIT
DISCONNECT
/*C290*/SET SCHEMA PUBLIC
INSERT INTO PARSER VALUES(287,'\u0411\u041b\u0410\u0413\u041e\u0414\u0410\u0420\u042f',1)
COMMIT
DISCONNECT
/*C291*/SET SCHEMA PUBLIC
INSERT INTO PARSER VALUES(288,'\u041f\u041e\u041d\u0418\u041c\u0410\u041b\u0418',1)
COMMIT
DISCONNECT
/*C292*/SET SCHEMA PUBLIC
INSERT INTO PARSER VALUES(289,'\u041f\u0420\u041e\u0426\u0415\u0421\u0421\u041e\u0412',1)
COMMIT
DISCONNECT
/*C293*/SET SCHEMA PUBLIC
INSERT INTO PARSER VALUES(290,'\u041f\u0415\u0420\u0412\u0410\u042f',1)
COMMIT
DISCONNECT
/*C294*/SET SCHEMA PUBLIC
INSERT INTO PARSER VALUES(291,'\u0413\u0414\u0415',2)
COMMIT
DISCONNECT
/*C295*/SET SCHEMA PUBLIC
INSERT INTO PARSER VALUES(292,'\u041d\u0415\u041e\u0411\u0425\u041e\u0414\u0418\u041c\u042b\u0425',1)
COMMIT
DISCONNECT
/*C296*/SET SCHEMA PUBLIC
INSERT INTO PARSER VALUES(293,'\u041c\u041e\u0414\u0415\u0420\u041d\u0418\u0417\u0410\u0426\u0418\u042f',2)
COMMIT
DISCONNECT
/*C297*/SET SCHEMA PUBLIC
INSERT INTO PARSER VALUES(294,'PRODUCTION',2)
COMMIT
DISCONNECT
/*C298*/SET SCHEMA PUBLIC
INSERT INTO PARSER VALUES(295,'\u0422\u0415\u0425\u041d\u041e\u041b\u041e\u0413\u0418\u0427\u0415\u0421\u041a\u0423\u042e',1)
COMMIT
DISCONNECT
/*C299*/SET SCHEMA PUBLIC
INSERT INTO PARSER VALUES(296,'\u0421\u041f\u0410\u0421\u041b\u0418',1)
COMMIT
DISCONNECT
/*C300*/SET SCHEMA PUBLIC
INSERT INTO PARSER VALUES(297,'\u041a\u041e\u0422\u041e\u0420\u042b\u0415',3)
COMMIT
DISCONNECT
/*C301*/SET SCHEMA PUBLIC
INSERT INTO PARSER VALUES(298,'\u0423\u0427\u0418\u0422\u042b\u0412\u0410\u041b\u0418\u0421\u042c',1)
COMMIT
DISCONNECT
/*C302*/SET SCHEMA PUBLIC
INSERT INTO PARSER VALUES(299,'\u041f\u0410\u0420\u0422\u041d\u0415\u0420\u0410',2)
COMMIT
DISCONNECT
/*C303*/SET SCHEMA PUBLIC
INSERT INTO PARSER VALUES(300,'\u041a\u0410\u041a\u041e\u0419',2)
COMMIT
DISCONNECT
/*C304*/SET SCHEMA PUBLIC
INSERT INTO PARSER VALUES(301,'\u0421\u0420\u041e\u041a',3)
COMMIT
DISCONNECT
/*C305*/SET SCHEMA PUBLIC
INSERT INTO PARSER VALUES(302,'\u041e\u0427\u0415\u041d\u042c',8)
COMMIT
DISCONNECT
/*C306*/SET SCHEMA PUBLIC
INSERT INTO PARSER VALUES(303,'\u0420\u041e\u0421\u0421\u0418\u0418',1)
COMMIT
DISCONNECT
/*C307*/SET SCHEMA PUBLIC
INSERT INTO PARSER VALUES(304,'\u0411\u042b\u0422\u042c',1)
COMMIT
DISCONNECT
/*C308*/SET SCHEMA PUBLIC
INSERT INTO PARSER VALUES(305,'\u041a\u041e\u041c\u041f\u0415\u0422\u0415\u041d\u0422\u041d\u042b\u0415',1)
COMMIT
DISCONNECT
/*C309*/SET SCHEMA PUBLIC
INSERT INTO PARSER VALUES(306,'\u0423\u041b\u0423\u0427\u0428\u0415\u041d\u0418\u042f',1)
COMMIT
DISCONNECT
/*C310*/SET SCHEMA PUBLIC
INSERT INTO PARSER VALUES(307,'\u041f\u0420\u0415\u0414\u0421\u0422\u0410\u0412\u041b\u042f\u041b\u0418',1)
COMMIT
DISCONNECT
/*C311*/SET SCHEMA PUBLIC
INSERT INTO PARSER VALUES(308,'\u0420\u0415\u0410\u041b\u0418\u0417\u0410\u0426\u0418\u0418',3)
COMMIT
DISCONNECT
/*C312*/SET SCHEMA PUBLIC
INSERT INTO PARSER VALUES(309,'\u041a\u041e\u0422\u041e\u0420\u042b\u041c',1)
COMMIT
DISCONNECT
/*C313*/SET SCHEMA PUBLIC
INSERT INTO PARSER VALUES(310,'\u0420\u0410\u0411\u041e\u0422\u042b',5)
COMMIT
DISCONNECT
/*C314*/SET SCHEMA PUBLIC
INSERT INTO PARSER VALUES(311,'\u0420\u041e\u041b\u042c',1)
COMMIT
DISCONNECT
/*C315*/SET SCHEMA PUBLIC
INSERT INTO PARSER VALUES(312,'JAVA',1)
COMMIT
DISCONNECT
/*C316*/SET SCHEMA PUBLIC
INSERT INTO PARSER VALUES(313,'\u0422\u0415\u0425\u041d\u041e\u041b\u041e\u0413\u0418\u0418',2)
COMMIT
DISCONNECT
/*C317*/SET SCHEMA PUBLIC
INSERT INTO PARSER VALUES(314,'\u0421\u041e\u0411\u0421\u0422\u0412\u0415\u041d\u041d\u042b\u0425',1)
COMMIT
DISCONNECT
/*C318*/SET SCHEMA PUBLIC
INSERT INTO PARSER VALUES(315,'\u0415\u0412\u0420\u041e\u041f\u042b',1)
COMMIT
DISCONNECT
/*C319*/SET SCHEMA PUBLIC
INSERT INTO PARSER VALUES(316,'\u0423\u0427\u0415\u0422\u041e\u041c',1)
COMMIT
DISCONNECT
/*C320*/SET SCHEMA PUBLIC
INSERT INTO PARSER VALUES(317,'\u0420\u0415\u041b\u0418\u0417\u041e\u0412',1)
COMMIT
DISCONNECT
/*C321*/SET SCHEMA PUBLIC
INSERT INTO PARSER VALUES(318,'\u0414\u041e\u0412\u041e\u041b\u042c\u041d\u042b',4)
COMMIT
DISCONNECT
/*C322*/SET SCHEMA PUBLIC
INSERT INTO PARSER VALUES(319,'\u0423\u041f\u0420\u0410\u0412\u041b\u0415\u041d\u0418\u042e',3)
COMMIT
DISCONNECT
/*C323*/SET SCHEMA PUBLIC
INSERT INTO PARSER VALUES(320,'QA',1)
COMMIT
DISCONNECT
/*C324*/SET SCHEMA PUBLIC
INSERT INTO PARSER VALUES(321,'\u041a\u041e\u041c\u0424\u041e\u0420\u0422\u041d\u042b\u0415',1)
COMMIT
DISCONNECT
/*C325*/SET SCHEMA PUBLIC
INSERT INTO PARSER VALUES(322,'\u041f\u041e\u0421\u0422\u0423\u041f\u0410\u041b\u0410',1)
COMMIT
DISCONNECT
/*C326*/SET SCHEMA PUBLIC
INSERT INTO PARSER VALUES(323,'\u0414\u041e\u0412\u0415\u0420\u042f\u042e\u0422',1)
COMMIT
DISCONNECT
/*C327*/SET SCHEMA PUBLIC
INSERT INTO PARSER VALUES(324,'\u0412\u041e\u0417\u041c\u041e\u0416\u041d\u041e\u0415',1)
COMMIT
DISCONNECT
/*C328*/SET SCHEMA PUBLIC
INSERT INTO PARSER VALUES(325,'\u0423\u0421\u041b\u0423\u0413\u0418',3)
COMMIT
DISCONNECT
/*C329*/SET SCHEMA PUBLIC
INSERT INTO PARSER VALUES(326,'\u0422\u041e\u0427\u041d\u041e\u0421\u0422\u0418',1)
COMMIT
DISCONNECT
/*C330*/SET SCHEMA PUBLIC
INSERT INTO PARSER VALUES(327,'\u0411\u0423\u0414\u0423\u0429\u0415\u0415',1)
COMMIT
DISCONNECT
/*C331*/SET SCHEMA PUBLIC
INSERT INTO PARSER VALUES(328,'\u0412\u0415\u0420\u0421\u0418\u042f',1)
COMMIT
DISCONNECT
/*C332*/SET SCHEMA PUBLIC
INSERT INTO PARSER VALUES(329,'\u0412\u0415\u0420\u0421\u0418\u042e',1)
COMMIT
DISCONNECT
/*C333*/SET SCHEMA PUBLIC
INSERT INTO PARSER VALUES(330,'\u0427\u0415\u041b\u041e\u0412\u0415\u0427\u0415\u0421\u041a\u0418\u041c\u0418',1)
COMMIT
DISCONNECT
/*C334*/SET SCHEMA PUBLIC
INSERT INTO PARSER VALUES(331,'\u0420\u0415\u0417\u0423\u041b\u042c\u0422\u0410\u0422\u042b',4)
COMMIT
DISCONNECT
/*C335*/SET SCHEMA PUBLIC
INSERT INTO PARSER VALUES(332,'\u041c\u0410\u041a\u0421\u0418\u041c\u0423\u041c',1)
COMMIT
DISCONNECT
/*C336*/SET SCHEMA PUBLIC
INSERT INTO PARSER VALUES(333,'\u0412\u0410\u0428\u0415\u0413\u041e',3)
COMMIT
DISCONNECT
/*C337*/SET SCHEMA PUBLIC
INSERT INTO PARSER VALUES(334,'\u041d\u0415\u0423\u0414\u0410\u0427\u041d\u041e\u0419',1)
COMMIT
DISCONNECT
/*C338*/SET SCHEMA PUBLIC
INSERT INTO PARSER VALUES(335,'\u0415\u0421\u0422\u042c',1)
COMMIT
DISCONNECT
/*C339*/SET SCHEMA PUBLIC
INSERT INTO PARSER VALUES(336,'\u041f\u041e\u0414\u0425\u041e\u0414\u041e\u041c',1)
COMMIT
DISCONNECT
/*C340*/SET SCHEMA PUBLIC
INSERT INTO PARSER VALUES(337,'\u041e\u0411\u042f\u0417\u0410\u0422\u0415\u041b\u042c\u0421\u0422\u0412\u0410',1)
COMMIT
DISCONNECT
/*C341*/SET SCHEMA PUBLIC
INSERT INTO PARSER VALUES(338,'\u0421\u041e\u0417\u0414\u0410\u041d\u0418\u0418',1)
COMMIT
DISCONNECT
/*C342*/SET SCHEMA PUBLIC
INSERT INTO PARSER VALUES(339,'\u041a\u041e\u041c\u041f\u041e\u041d\u0415\u041d\u0422\u042b',1)
COMMIT
DISCONNECT
/*C343*/SET SCHEMA PUBLIC
INSERT INTO PARSER VALUES(340,'\u041e\u0421\u0412\u041e\u0418\u0412',1)
COMMIT
DISCONNECT
/*C344*/SET SCHEMA PUBLIC
INSERT INTO PARSER VALUES(341,'\u0417\u0410\u041a\u041b\u042e\u0427\u0415\u041d\u0418\u042f',1)
COMMIT
DISCONNECT
/*C345*/SET SCHEMA PUBLIC
INSERT INTO PARSER VALUES(342,'\u041b\u0418\u0414\u0415\u0420\u042b',1)
COMMIT
DISCONNECT
/*C346*/SET SCHEMA PUBLIC
INSERT INTO PARSER VALUES(343,'\u0420\u0415\u0413\u0418\u0421\u0422\u0420\u0410\u0426\u0418\u042e',1)
COMMIT
DISCONNECT
/*C347*/SET SCHEMA PUBLIC
INSERT INTO PARSER VALUES(344,'\u0423\u0421\u041b\u041e\u0412\u0418\u042f\u0425',1)
COMMIT
DISCONNECT
/*C348*/SET SCHEMA PUBLIC
INSERT INTO PARSER VALUES(345,'\u041f\u0415\u0420\u0412\u042b\u0419',3)
COMMIT
DISCONNECT
/*C349*/SET SCHEMA PUBLIC
INSERT INTO PARSER VALUES(346,'\u041f\u041e\u041d\u0418\u041c\u0410\u041d\u0418\u0415',1)
COMMIT
DISCONNECT
/*C350*/SET SCHEMA PUBLIC
INSERT INTO PARSER VALUES(347,'\u041f\u0420\u041e\u0414\u0423\u041a\u0422\u041e\u0412',1)
COMMIT
DISCONNECT
/*C351*/SET SCHEMA PUBLIC
INSERT INTO PARSER VALUES(348,'\u041a\u0410\u0427\u0415\u0421\u0422\u0412\u0415\u041d\u041d\u041e\u0413\u041e',1)
COMMIT
DISCONNECT
/*C352*/SET SCHEMA PUBLIC
INSERT INTO PARSER VALUES(349,'\u0417\u0410\u041f\u041b\u0410\u041d\u0418\u0420\u041e\u0412\u0410\u041d\u041d\u041e\u0413\u041e',2)
COMMIT
DISCONNECT
/*C353*/SET SCHEMA PUBLIC
INSERT INTO PARSER VALUES(350,'\u041f\u0420\u041e\u0422\u041e\u0422\u0418\u041f\u041e\u0412',1)
COMMIT
DISCONNECT
/*C354*/SET SCHEMA PUBLIC
INSERT INTO PARSER VALUES(351,'\u041f\u0415\u0420\u0412\u042b\u0415',1)
COMMIT
DISCONNECT
/*C355*/SET SCHEMA PUBLIC
INSERT INTO PARSER VALUES(352,'\u0421\u0422\u0420\u041e\u0415\u041d\u0418\u0415',1)
COMMIT
DISCONNECT
/*C356*/SET SCHEMA PUBLIC
INSERT INTO PARSER VALUES(353,'\u041d\u0410\u0428\u0418',12)
COMMIT
DISCONNECT
/*C357*/SET SCHEMA PUBLIC
INSERT INTO PARSER VALUES(354,'\u0420\u0410\u0411\u041e\u0422\u0410',1)
COMMIT
DISCONNECT
/*C358*/SET SCHEMA PUBLIC
INSERT INTO PARSER VALUES(355,'\u0412\u041d\u0415\u0421\u041b\u0418',1)
COMMIT
DISCONNECT
/*C359*/SET SCHEMA PUBLIC
INSERT INTO PARSER VALUES(356,'\u0412\u042b\u0421\u0422\u0420\u0410\u0418\u0412\u0410\u0415\u041c',1)
COMMIT
DISCONNECT
/*C360*/SET SCHEMA PUBLIC
INSERT INTO PARSER VALUES(357,'\u0423\u0416\u0415',1)
COMMIT
DISCONNECT
/*C361*/SET SCHEMA PUBLIC
INSERT INTO PARSER VALUES(358,'\u041a\u0412\u0410\u041b\u0418\u0424\u0418\u0426\u0418\u0420\u041e\u0412\u0410\u041d\u041d\u0410\u042f',1)
COMMIT
DISCONNECT
/*C362*/SET SCHEMA PUBLIC
INSERT INTO PARSER VALUES(359,'\u041f\u0420\u041e\u0414\u0423\u041a\u0422\u0410',4)
COMMIT
DISCONNECT
/*C363*/SET SCHEMA PUBLIC
INSERT INTO PARSER VALUES(360,'\u0421\u041e\u0422\u0420\u0423\u0414\u041d\u0418\u0427\u0415\u0421\u0422\u0412\u0410',2)
COMMIT
DISCONNECT
/*C364*/SET SCHEMA PUBLIC
INSERT INTO PARSER VALUES(361,'\u0420\u0410\u0411\u041e\u0422\u0423',4)
COMMIT
DISCONNECT
/*C365*/SET SCHEMA PUBLIC
INSERT INTO PARSER VALUES(362,'\u041d\u0410\u0428\u0415\u0413\u041e',4)
COMMIT
DISCONNECT
/*C366*/SET SCHEMA PUBLIC
INSERT INTO PARSER VALUES(363,'\u0411\u042b',1)
COMMIT
DISCONNECT
/*C367*/SET SCHEMA PUBLIC
INSERT INTO PARSER VALUES(364,'\u041b\u0415\u0422\u041d\u0418\u0419',1)
COMMIT
DISCONNECT
/*C368*/SET SCHEMA PUBLIC
INSERT INTO PARSER VALUES(365,'\u0421\u0410\u041c\u0418',1)
COMMIT
DISCONNECT
/*C369*/SET SCHEMA PUBLIC
INSERT INTO PARSER VALUES(366,'\u041f\u041b\u0410\u041d\u0418\u0420\u041e\u0412\u0410\u041b',1)
COMMIT
DISCONNECT
/*C370*/SET SCHEMA PUBLIC
INSERT INTO PARSER VALUES(367,'\u0418\u041d\u0422\u0415\u041d\u0421\u0418\u0412',1)
COMMIT
DISCONNECT
/*C371*/SET SCHEMA PUBLIC
INSERT INTO PARSER VALUES(368,'\u0412\u042b\u0421\u041e\u041a\u0410\u042f',1)
COMMIT
DISCONNECT
/*C372*/SET SCHEMA PUBLIC
INSERT INTO PARSER VALUES(369,'\u0414\u041e\u041f\u041e\u041b\u041d\u0418\u0422\u0415\u041b\u042c\u041d\u042b\u0425',1)
COMMIT
DISCONNECT
/*C373*/SET SCHEMA PUBLIC
INSERT INTO PARSER VALUES(370,'\u0427\u0410\u0421\u041e\u0412',1)
COMMIT
DISCONNECT
/*C374*/SET SCHEMA PUBLIC
INSERT INTO PARSER VALUES(371,'\u0417\u0410\u041f\u0420\u041e\u0421\u042b',1)
COMMIT
DISCONNECT
/*C375*/SET SCHEMA PUBLIC
INSERT INTO PARSER VALUES(372,'\u0423\u0420\u041e\u0412\u0415\u041d\u042c',1)
COMMIT
DISCONNECT
/*C376*/SET SCHEMA PUBLIC
INSERT INTO PARSER VALUES(373,'\u0412\u0410\u0428\u0415',1)
COMMIT
DISCONNECT
/*C377*/SET SCHEMA PUBLIC
INSERT INTO PARSER VALUES(374,'\u041d\u0410\u0419\u0422\u0418',1)
COMMIT
DISCONNECT
/*C378*/SET SCHEMA PUBLIC
INSERT INTO PARSER VALUES(375,'\u0412\u0410\u0428\u0418',1)
COMMIT
DISCONNECT
/*C379*/SET SCHEMA PUBLIC
INSERT INTO PARSER VALUES(376,'\u0412\u042b\u041f\u041e\u041b\u041d\u0415\u041d\u0418\u042e',1)
COMMIT
DISCONNECT
/*C380*/SET SCHEMA PUBLIC
INSERT INTO PARSER VALUES(377,'\u0427\u0415\u0413\u041e',2)
COMMIT
DISCONNECT
/*C381*/SET SCHEMA PUBLIC
INSERT INTO PARSER VALUES(378,'\u041d\u0410\u0418\u041b\u0423\u0427\u0428\u0418\u041c',1)
COMMIT
DISCONNECT
/*C382*/SET SCHEMA PUBLIC
INSERT INTO PARSER VALUES(379,'\u0421\u0420\u0410\u0411\u041e\u0422\u0410\u041d\u041d\u0410\u042f',1)
COMMIT
DISCONNECT
/*C383*/SET SCHEMA PUBLIC
INSERT INTO PARSER VALUES(380,'\u0412\u0410\u0428\u0423',1)
COMMIT
DISCONNECT
/*C384*/SET SCHEMA PUBLIC
INSERT INTO PARSER VALUES(381,'\u041a\u0420\u0423\u041f\u041d\u042b\u0425',1)
COMMIT
DISCONNECT
/*C385*/SET SCHEMA PUBLIC
INSERT INTO PARSER VALUES(382,'\u0413\u041e\u0422\u041e\u0412',1)
COMMIT
DISCONNECT
/*C386*/SET SCHEMA PUBLIC
INSERT INTO PARSER VALUES(383,'\u0421\u041e\u0411\u041b\u042e\u0414\u0415\u041d\u042b',1)
COMMIT
DISCONNECT
/*C387*/SET SCHEMA PUBLIC
INSERT INTO PARSER VALUES(384,'\u0415\u0414\u0418\u041d\u041e\u0413\u041e',1)
COMMIT
DISCONNECT
/*C388*/SET SCHEMA PUBLIC
INSERT INTO PARSER VALUES(385,'\u0422\u041e\u0413\u041e',1)
COMMIT
DISCONNECT
/*C389*/SET SCHEMA PUBLIC
INSERT INTO PARSER VALUES(386,'\u042d\u041a\u0421\u041f\u0415\u0420\u0422\u042b',1)
COMMIT
DISCONNECT
/*C390*/SET SCHEMA PUBLIC
INSERT INTO PARSER VALUES(387,'\u0412\u042b',6)
COMMIT
DISCONNECT
/*C391*/SET SCHEMA PUBLIC
INSERT INTO PARSER VALUES(388,'\u0410\u0414\u0410\u041f\u0422\u0415\u0420',1)
COMMIT
DISCONNECT
/*C392*/SET SCHEMA PUBLIC
INSERT INTO PARSER VALUES(389,'\u0412\u0421\u0415\u0413\u0414\u0410',12)
COMMIT
DISCONNECT
/*C393*/SET SCHEMA PUBLIC
INSERT INTO PARSER VALUES(390,'\u041f\u0410\u0420\u0422\u041d\u0415\u0420\u041e\u041c',1)
COMMIT
DISCONNECT
/*C394*/SET SCHEMA PUBLIC
INSERT INTO PARSER VALUES(391,'\u0413\u041e\u0420\u042b',1)
COMMIT
DISCONNECT
/*C395*/SET SCHEMA PUBLIC
INSERT INTO PARSER VALUES(392,'\u041f\u0420\u041e\u0421\u041f\u0415\u041a\u0422',1)
COMMIT
DISCONNECT
/*C396*/SET SCHEMA PUBLIC
INSERT INTO PARSER VALUES(393,'\u041f\u041e\u0414\u0425\u041e\u0414',2)
COMMIT
DISCONNECT
/*C397*/SET SCHEMA PUBLIC
INSERT INTO PARSER VALUES(394,'\u041a\u0410\u0427\u0415\u0421\u0422\u0412\u0415\u041d\u041d\u042b\u0415',2)
COMMIT
DISCONNECT
/*C398*/SET SCHEMA PUBLIC
INSERT INTO PARSER VALUES(395,'\u0417\u041d\u0410\u0415\u0422\u0415',1)
COMMIT
DISCONNECT
/*C399*/SET SCHEMA PUBLIC
INSERT INTO PARSER VALUES(396,'\u0427\u0415\u0422\u041a\u0418\u0419',1)
COMMIT
DISCONNECT
/*C400*/SET SCHEMA PUBLIC
INSERT INTO PARSER VALUES(397,'\u0420\u0410\u0417\u0423\u041c\u041d\u042b\u0415',1)
COMMIT
DISCONNECT
/*C401*/SET SCHEMA PUBLIC
INSERT INTO PARSER VALUES(398,'\u0420\u0415\u0417\u0423\u041b\u042c\u0422\u0410\u0422\u0415',1)
COMMIT
DISCONNECT
/*C402*/SET SCHEMA PUBLIC
INSERT INTO PARSER VALUES(399,'\u0412\u0417\u0410\u0418\u041c\u041e\u0412\u042b\u0413\u041e\u0414\u041d\u041e\u041c\u0423',1)
COMMIT
DISCONNECT
/*C403*/SET SCHEMA PUBLIC
INSERT INTO PARSER VALUES(400,'\u041f\u041e\u0422\u0420\u0415\u0411\u041d\u041e\u0421\u0422\u042f\u0425',1)
COMMIT
DISCONNECT
/*C404*/SET SCHEMA PUBLIC
INSERT INTO PARSER VALUES(401,'\u041e\u041a\u041e\u041d\u0427\u0410\u041d\u0418\u042e',1)
COMMIT
DISCONNECT
/*C405*/SET SCHEMA PUBLIC
INSERT INTO PARSER VALUES(402,'\u041f\u0420\u0418\u041b\u041e\u0416\u0415\u041d\u0418\u0415\u041c',1)
COMMIT
DISCONNECT
/*C406*/SET SCHEMA PUBLIC
INSERT INTO PARSER VALUES(403,'\u0425\u041e\u0422\u042f\u0422',1)
COMMIT
DISCONNECT
/*C407*/SET SCHEMA PUBLIC
INSERT INTO PARSER VALUES(404,'\u0417\u041d\u0410\u042e',1)
COMMIT
DISCONNECT
/*C408*/SET SCHEMA PUBLIC
INSERT INTO PARSER VALUES(405,'\u0410\u041d\u0410\u041b\u0418\u0417\u0423',2)
COMMIT
DISCONNECT
/*C409*/SET SCHEMA PUBLIC
INSERT INTO PARSER VALUES(406,'\u0418\u0421\u041f\u041e\u041b\u042c\u0417\u0423\u0415\u0422',1)
COMMIT
DISCONNECT
/*C410*/SET SCHEMA PUBLIC
INSERT INTO PARSER VALUES(407,'\u0424\u0420\u0410\u0417',1)
COMMIT
DISCONNECT
/*C411*/SET SCHEMA PUBLIC
INSERT INTO PARSER VALUES(408,'\u0421\u0422\u0420\u0410\u041d',1)
COMMIT
DISCONNECT
/*C412*/SET SCHEMA PUBLIC
INSERT INTO PARSER VALUES(409,'\u0420\u0410\u0411\u041e\u0422\u0410\u0415\u041c',1)
COMMIT
DISCONNECT
/*C413*/SET SCHEMA PUBLIC
INSERT INTO PARSER VALUES(410,'\u0421\u0412\u041e\u0415',1)
COMMIT
DISCONNECT
/*C414*/SET SCHEMA PUBLIC
INSERT INTO PARSER VALUES(411,'TO',1)
COMMIT
DISCONNECT
/*C415*/SET SCHEMA PUBLIC
INSERT INTO PARSER VALUES(412,'\u0421\u0410\u041c\u041e\u041c',1)
COMMIT
DISCONNECT
/*C416*/SET SCHEMA PUBLIC
INSERT INTO PARSER VALUES(413,'\u0421\u0412\u041e\u0419',2)
COMMIT
DISCONNECT
/*C417*/SET SCHEMA PUBLIC
INSERT INTO PARSER VALUES(414,'\u0414\u0415\u041c\u041e\u041d\u0421\u0422\u0420\u0410\u0426\u0418\u042f',1)
COMMIT
DISCONNECT
/*C418*/SET SCHEMA PUBLIC
INSERT INTO PARSER VALUES(415,'\u041f\u041e\u041b\u041d\u041e\u0421\u0422\u042c\u042e',2)
COMMIT
DISCONNECT
/*C419*/SET SCHEMA PUBLIC
INSERT INTO PARSER VALUES(416,'\u0414\u041b\u042f',16)
COMMIT
DISCONNECT
/*C420*/SET SCHEMA PUBLIC
INSERT INTO PARSER VALUES(417,'\u0421\u0410\u0419\u0422',1)
COMMIT
DISCONNECT
/*C421*/SET SCHEMA PUBLIC
INSERT INTO PARSER VALUES(418,'\u0412\u0410\u0428\u0415\u0419',1)
COMMIT
DISCONNECT
/*C422*/SET SCHEMA PUBLIC
INSERT INTO PARSER VALUES(419,'\u0415\u0416\u0415\u0414\u041d\u0415\u0412\u041d\u0410\u042f',1)
COMMIT
DISCONNECT
/*C423*/SET SCHEMA PUBLIC
INSERT INTO PARSER VALUES(420,'\u0421\u041c\u0415\u041b\u042b\u0415',1)
COMMIT
DISCONNECT
/*C424*/SET SCHEMA PUBLIC
INSERT INTO PARSER VALUES(421,'\u042d\u0422\u0410\u041f\u042b',1)
COMMIT
DISCONNECT
/*C425*/SET SCHEMA PUBLIC
INSERT INTO PARSER VALUES(422,'\u041f\u0420\u0415\u0414\u041e\u0421\u0422\u0410\u0412\u0418\u041b\u0418',1)
COMMIT
DISCONNECT
/*C426*/SET SCHEMA PUBLIC
INSERT INTO PARSER VALUES(423,'\u041c\u042b\u0421\u041b\u0418',1)
COMMIT
DISCONNECT
/*C427*/SET SCHEMA PUBLIC
INSERT INTO PARSER VALUES(424,'\u041f\u0420\u041e\u0424\u0415\u0421\u0421\u0418\u041e\u041d\u0410\u041b\u042b',1)
COMMIT
DISCONNECT
/*C428*/SET SCHEMA PUBLIC
INSERT INTO PARSER VALUES(425,'\u0421\u041e\u041a\u0420\u0410\u0429\u0410\u0415\u041c',1)
COMMIT
DISCONNECT
/*C429*/SET SCHEMA PUBLIC
INSERT INTO PARSER VALUES(426,'\u041e\u041a\u0410\u0416\u0415\u041c',1)
COMMIT
DISCONNECT
/*C430*/SET SCHEMA PUBLIC
INSERT INTO PARSER VALUES(427,'\u041e\u0426\u0415\u041d\u041a\u0410\u041c',1)
COMMIT
DISCONNECT
/*C431*/SET SCHEMA PUBLIC
INSERT INTO PARSER VALUES(428,'\u041c\u041e\u041c\u0415\u041d\u0422\u0410\u041b\u042c\u041d\u041e',1)
COMMIT
DISCONNECT
/*C432*/SET SCHEMA PUBLIC
INSERT INTO PARSER VALUES(429,'\u0412\u042b\u0413\u041e\u0414\u0423',1)
COMMIT
DISCONNECT
/*C433*/SET SCHEMA PUBLIC
INSERT INTO PARSER VALUES(430,'\u041f\u041e\u0416\u0415\u041b\u0410\u041d\u0418\u042f',4)
COMMIT
DISCONNECT
/*C434*/SET SCHEMA PUBLIC
INSERT INTO PARSER VALUES(431,'\u041f\u0420\u041e\u042f\u0412\u041b\u042f\u042e\u0422',1)
COMMIT
DISCONNECT
/*C435*/SET SCHEMA PUBLIC
INSERT INTO PARSER VALUES(432,'\u041f\u0420\u041e\u0427\u0418\u0422\u0410\u041b\u0418',1)
COMMIT
DISCONNECT
/*C436*/SET SCHEMA PUBLIC
INSERT INTO PARSER VALUES(433,'TECH',2)
COMMIT
DISCONNECT
/*C437*/SET SCHEMA PUBLIC
INSERT INTO PARSER VALUES(434,'\u0427\u0422\u041e',3)
COMMIT
DISCONNECT
/*C438*/SET SCHEMA PUBLIC
INSERT INTO PARSER VALUES(435,'\u0412\u041a\u041b\u0410\u0414\u041e\u041c',1)
COMMIT
DISCONNECT
/*C439*/SET SCHEMA PUBLIC
INSERT INTO PARSER VALUES(436,'\u0411\u041b\u041e\u0413',1)
COMMIT
DISCONNECT
/*C440*/SET SCHEMA PUBLIC
INSERT INTO PARSER VALUES(437,'\u041e\u0420\u0413\u0410\u041d\u0418\u0417\u041e\u0412\u0410\u041d\u041d\u041e\u0421\u0422\u042c',1)
COMMIT
DISCONNECT
/*C441*/SET SCHEMA PUBLIC
INSERT INTO PARSER VALUES(438,'\u0421\u041f\u041e\u0421\u041e\u0411\u041d\u042b',1)
COMMIT
DISCONNECT
/*C442*/SET SCHEMA PUBLIC
INSERT INTO PARSER VALUES(439,'\u0411\u0418\u0417\u041d\u0415\u0421',2)
COMMIT
DISCONNECT
/*C443*/SET SCHEMA PUBLIC
INSERT INTO PARSER VALUES(440,'\u041b\u0423\u0427\u0428\u0418\u0419',1)
COMMIT
DISCONNECT
/*C444*/SET SCHEMA PUBLIC
INSERT INTO PARSER VALUES(441,'\u041e\u0422\u0412\u0415\u0427\u0410\u042e\u0429\u0418\u0419',1)
COMMIT
DISCONNECT
/*C445*/SET SCHEMA PUBLIC
INSERT INTO PARSER VALUES(442,'\u0412\u0415\u0414\u0423\u0429\u0423\u042e',1)
COMMIT
DISCONNECT
/*C446*/SET SCHEMA PUBLIC
INSERT INTO PARSER VALUES(443,'\u041e\u0421\u0422\u0410\u041b\u0418\u0421\u042c',1)
COMMIT
DISCONNECT
/*C447*/SET SCHEMA PUBLIC
INSERT INTO PARSER VALUES(444,'\u0421\u041e\u0412\u0420\u0415\u041c\u0415\u041d\u041d\u042b\u0425',1)
COMMIT
DISCONNECT
/*C448*/SET SCHEMA PUBLIC
INSERT INTO PARSER VALUES(445,'\u0412\u042b\u041f\u0423\u0421\u0422\u0418\u041c',1)
COMMIT
DISCONNECT
/*C449*/SET SCHEMA PUBLIC
INSERT INTO PARSER VALUES(446,'\u041f\u041b\u0410\u0422\u0424\u041e\u0420\u041c\u0423',1)
COMMIT
DISCONNECT
/*C450*/SET SCHEMA PUBLIC
INSERT INTO PARSER VALUES(447,'\u041d\u0410\u0419\u0414\u0423\u0422',1)
COMMIT
DISCONNECT
/*C451*/SET SCHEMA PUBLIC
INSERT INTO PARSER VALUES(448,'\u0412\u0415\u0414\u0415\u041d\u0418\u042f',1)
COMMIT
DISCONNECT
/*C452*/SET SCHEMA PUBLIC
INSERT INTO PARSER VALUES(449,'\u0414\u0418\u0417\u0410\u0419\u041d\u0423',1)
COMMIT
DISCONNECT
/*C453*/SET SCHEMA PUBLIC
INSERT INTO PARSER VALUES(450,'\u0420\u0410\u0421\u0421\u0427\u0418\u0422\u042b\u0412\u0410\u0422\u042c',1)
COMMIT
DISCONNECT
/*C454*/SET SCHEMA PUBLIC
INSERT INTO PARSER VALUES(451,'\u0428\u0418\u0420\u041e\u041a\u041e\u0413\u041e',1)
COMMIT
DISCONNECT
/*C455*/SET SCHEMA PUBLIC
INSERT INTO PARSER VALUES(452,'\u0418\u041d\u0422\u0415\u0420\u041d\u0415\u0422\u0410',1)
COMMIT
DISCONNECT
/*C456*/SET SCHEMA PUBLIC
INSERT INTO PARSER VALUES(453,'\u041a\u0410\u0420\u042c\u0415\u0420\u042b',1)
COMMIT
DISCONNECT
/*C457*/SET SCHEMA PUBLIC
INSERT INTO PARSER VALUES(454,'\u0421\u0420\u041e\u041a\u041e\u0412',1)
COMMIT
DISCONNECT
/*C458*/SET SCHEMA PUBLIC
INSERT INTO PARSER VALUES(455,'\u041d\u0415\u041e\u0411\u0425\u041e\u0414\u0418\u041c\u0423\u042e',1)
COMMIT
DISCONNECT
/*C459*/SET SCHEMA PUBLIC
INSERT INTO PARSER VALUES(456,'\u0421\u041e\u0422\u0420\u0423\u0414\u041d\u0418\u0427\u0415\u0421\u0422\u0412\u041e\u041c',1)
COMMIT
DISCONNECT
/*C460*/SET SCHEMA PUBLIC
INSERT INTO PARSER VALUES(457,'\u0412\u041b\u041e\u0416\u0415\u041d\u0418\u042f',1)
COMMIT
DISCONNECT
/*C461*/SET SCHEMA PUBLIC
INSERT INTO PARSER VALUES(458,'\u041a\u0410\u0420\u042c\u0415\u0420\u0410',1)
COMMIT
DISCONNECT
/*C462*/SET SCHEMA PUBLIC
INSERT INTO PARSER VALUES(459,'\u0417\u0410',1)
COMMIT
DISCONNECT
/*C463*/SET SCHEMA PUBLIC
INSERT INTO PARSER VALUES(460,'\u041f\u0420\u041e\u0413\u0420\u0410\u041c\u041c\u041d\u041e\u0415',2)
COMMIT
DISCONNECT
/*C464*/SET SCHEMA PUBLIC
INSERT INTO PARSER VALUES(461,'\u0427\u0415\u0422\u041a\u041e\u0415',1)
COMMIT
DISCONNECT
/*C465*/SET SCHEMA PUBLIC
INSERT INTO PARSER VALUES(462,'\u0414\u041e\u041c',1)
COMMIT
DISCONNECT
/*C466*/SET SCHEMA PUBLIC
INSERT INTO PARSER VALUES(463,'\u0414\u041e\u0413\u041e\u0412\u041e\u0420\u0410',1)
COMMIT
DISCONNECT
/*C467*/SET SCHEMA PUBLIC
INSERT INTO PARSER VALUES(464,'\u041d\u0410\u0421',5)
COMMIT
DISCONNECT
/*C468*/SET SCHEMA PUBLIC
INSERT INTO PARSER VALUES(465,'\u0412\u041b\u0410\u0414\u0415\u041d\u0418\u0415',1)
COMMIT
DISCONNECT
/*C469*/SET SCHEMA PUBLIC
INSERT INTO PARSER VALUES(466,'\u042d\u0422\u0410\u041f\u0410',1)
COMMIT
DISCONNECT
/*C470*/SET SCHEMA PUBLIC
INSERT INTO PARSER VALUES(467,'\u041d\u0410\u041c',9)
COMMIT
DISCONNECT
/*C471*/SET SCHEMA PUBLIC
INSERT INTO PARSER VALUES(468,'\u0421\u0424\u041e\u0420\u041c\u0418\u0420\u0423\u0415\u041c',1)
COMMIT
DISCONNECT
/*C472*/SET SCHEMA PUBLIC
INSERT INTO PARSER VALUES(469,'\u0411\u042b\u041b\u0410',1)
COMMIT
DISCONNECT
/*C473*/SET SCHEMA PUBLIC
INSERT INTO PARSER VALUES(470,'SDET',1)
COMMIT
DISCONNECT
/*C474*/SET SCHEMA PUBLIC
INSERT INTO PARSER VALUES(471,'TIME',1)
COMMIT
DISCONNECT
/*C475*/SET SCHEMA PUBLIC
INSERT INTO PARSER VALUES(472,'\u0420\u0410\u0411\u041e\u0422\u041e\u0421\u041f\u041e\u0421\u041e\u0411\u041d\u041e\u0421\u0422\u042c',1)
COMMIT
DISCONNECT
/*C476*/SET SCHEMA PUBLIC
INSERT INTO PARSER VALUES(473,'\u0412\u041f\u0415\u0427\u0410\u0422\u041b\u0418\u041b\u0418',1)
COMMIT
DISCONNECT
/*C477*/SET SCHEMA PUBLIC
INSERT INTO PARSER VALUES(474,'\u041c\u0415\u0421\u042f\u0426\u0410',2)
COMMIT
DISCONNECT
/*C478*/SET SCHEMA PUBLIC
INSERT INTO PARSER VALUES(475,'\u041f\u0423\u0422\u0418',1)
COMMIT
DISCONNECT
/*C479*/SET SCHEMA PUBLIC
INSERT INTO PARSER VALUES(476,'\u041f\u0420\u041e\u0421\u0422\u041e',1)
COMMIT
DISCONNECT
/*C480*/SET SCHEMA PUBLIC
INSERT INTO PARSER VALUES(477,'\u041d\u0410\u0428',3)
COMMIT
DISCONNECT
/*C481*/SET SCHEMA PUBLIC
INSERT INTO PARSER VALUES(478,'\u041e\u0421\u0422\u0410\u0412\u0410\u042f\u0421\u042c',1)
COMMIT
DISCONNECT
/*C482*/SET SCHEMA PUBLIC
INSERT INTO PARSER VALUES(479,'\u041f\u041e\u0421\u041b\u0415',4)
COMMIT
DISCONNECT
/*C483*/SET SCHEMA PUBLIC
INSERT INTO PARSER VALUES(480,'\u0420\u0410\u0421\u0421\u041a\u0410\u0416\u0423\u0422',1)
COMMIT
DISCONNECT
/*C484*/SET SCHEMA PUBLIC
INSERT INTO PARSER VALUES(481,'\u0411\u042b\u041b\u0418',3)
COMMIT
DISCONNECT
/*C485*/SET SCHEMA PUBLIC
INSERT INTO PARSER VALUES(482,'\u0420\u0410\u0417\u0412\u0418\u0422\u0418\u042f',1)
COMMIT
DISCONNECT
/*C486*/SET SCHEMA PUBLIC
INSERT INTO PARSER VALUES(483,'\u0418\u0417',1)
COMMIT
DISCONNECT
/*C487*/SET SCHEMA PUBLIC
INSERT INTO PARSER VALUES(484,'\u041f\u041e\u041a\u0410\u0417\u0410\u041b\u0418',2)
COMMIT
DISCONNECT
/*C488*/SET SCHEMA PUBLIC
INSERT INTO PARSER VALUES(485,'\u0423\u041b\u041e\u0416\u0418\u0422\u042c\u0421\u042f',1)
COMMIT
DISCONNECT
/*C489*/SET SCHEMA PUBLIC
INSERT INTO PARSER VALUES(486,'\u0423\u0420\u041e\u0412\u041d\u0415',2)
COMMIT
DISCONNECT
/*C490*/SET SCHEMA PUBLIC
INSERT INTO PARSER VALUES(487,'\u0418\u041c',1)
COMMIT
DISCONNECT
/*C491*/SET SCHEMA PUBLIC
INSERT INTO PARSER VALUES(488,'\u041c\u0415\u0421\u042f\u0426\u0415\u0412',1)
COMMIT
DISCONNECT
/*C492*/SET SCHEMA PUBLIC
INSERT INTO PARSER VALUES(489,'\u0422\u0415\u041c\u041f',1)
COMMIT
DISCONNECT
/*C493*/SET SCHEMA PUBLIC
INSERT INTO PARSER VALUES(490,'\u0423\u041d\u0418\u041a\u0410\u041b\u042c\u041d\u042b\u0415',1)
COMMIT
DISCONNECT
/*C494*/SET SCHEMA PUBLIC
INSERT INTO PARSER VALUES(491,'\u041e\u0411\u0415\u0429\u0410\u041d\u041d\u042b\u0415',1)
COMMIT
DISCONNECT
/*C495*/SET SCHEMA PUBLIC
INSERT INTO PARSER VALUES(492,'\u0418\u0425',7)
COMMIT
DISCONNECT
/*C496*/SET SCHEMA PUBLIC
INSERT INTO PARSER VALUES(493,'\u041a\u041b\u0418\u0415\u041d\u0422\u0410',1)
COMMIT
DISCONNECT
/*C497*/SET SCHEMA PUBLIC
INSERT INTO PARSER VALUES(494,'\u041f\u041e\u041c\u041e\u0429\u042c\u042e',1)
COMMIT
DISCONNECT
/*C498*/SET SCHEMA PUBLIC
INSERT INTO PARSER VALUES(495,'\u0423\u0412\u0415\u0420\u0415\u041d\u041d\u041e\u0415',1)
COMMIT
DISCONNECT
/*C499*/SET SCHEMA PUBLIC
INSERT INTO PARSER VALUES(496,'\u041e\u0411\u0415\u0421\u041f\u0415\u0427\u0415\u041d\u0418\u042e',1)
COMMIT
DISCONNECT
/*C500*/SET SCHEMA PUBLIC
INSERT INTO PARSER VALUES(497,'\u0420\u0410\u0417\u0420\u0410\u0411\u0410\u0422\u042b\u0412\u0410\u0415\u0422',1)
COMMIT
DISCONNECT
/*C501*/SET SCHEMA PUBLIC
INSERT INTO PARSER VALUES(498,'\u041b\u042e\u0411\u042b\u0415',1)
COMMIT
DISCONNECT
/*C502*/SET SCHEMA PUBLIC
INSERT INTO PARSER VALUES(499,'\u0421\u0410\u041c\u041e\u0413\u041e',1)
COMMIT
DISCONNECT
/*C503*/SET SCHEMA PUBLIC
INSERT INTO PARSER VALUES(500,'\u041f\u0420\u041e\u0426\u0415\u0421\u0421\u042b',3)
COMMIT
DISCONNECT
/*C504*/SET SCHEMA PUBLIC
INSERT INTO PARSER VALUES(501,'\u0422\u0415\u041c\u0418',1)
COMMIT
DISCONNECT
/*C505*/SET SCHEMA PUBLIC
INSERT INTO PARSER VALUES(502,'\u041f\u041e\u0417\u0412\u041e\u041b\u0418\u041b\u041e',1)
COMMIT
DISCONNECT
/*C506*/SET SCHEMA PUBLIC
INSERT INTO PARSER VALUES(503,'\u041b\u041e\u0413\u0418\u041a\u0418',1)
COMMIT
DISCONNECT
/*C507*/SET SCHEMA PUBLIC
INSERT INTO PARSER VALUES(504,'MARKET',1)
COMMIT
DISCONNECT
/*C508*/SET SCHEMA PUBLIC
INSERT INTO PARSER VALUES(505,'\u0420\u0410\u0411\u041e\u0422\u0410\u041b\u0410',1)
COMMIT
DISCONNECT
/*C509*/SET SCHEMA PUBLIC
INSERT INTO PARSER VALUES(506,'\u041d\u0415\u0422\u0420\u0418\u0412\u0418\u0410\u041b\u042c\u041d\u042b\u0415',1)
COMMIT
DISCONNECT
/*C510*/SET SCHEMA PUBLIC
INSERT INTO PARSER VALUES(507,'\u041f\u0420\u0415\u0414\u041b\u0410\u0413\u0410\u041b\u0418',1)
COMMIT
DISCONNECT
/*C511*/SET SCHEMA PUBLIC
INSERT INTO PARSER VALUES(508,'\u0420\u0415\u0410\u041b\u0418\u0417\u0423\u042e\u0422\u0421\u042f',1)
COMMIT
DISCONNECT
/*C512*/SET SCHEMA PUBLIC
INSERT INTO PARSER VALUES(509,'COMPANY',2)
COMMIT
DISCONNECT
/*C513*/SET SCHEMA PUBLIC
INSERT INTO PARSER VALUES(510,'\u041c\u041e\u0411\u0418\u041b\u042c\u041d\u042b\u0425',1)
COMMIT
DISCONNECT
/*C514*/SET SCHEMA PUBLIC
INSERT INTO PARSER VALUES(511,'\u041f\u0420\u0415\u0418\u041c\u0423\u0429\u0415\u0421\u0422\u0412\u041e',2)
COMMIT
DISCONNECT
/*C515*/SET SCHEMA PUBLIC
INSERT INTO PARSER VALUES(512,'\u041d\u0423\u0416\u041d\u041e',1)
COMMIT
DISCONNECT
/*C516*/SET SCHEMA PUBLIC
INSERT INTO PARSER VALUES(513,'\u041a\u041b\u0418\u0415\u041d\u0422\u042b',2)
COMMIT
DISCONNECT
/*C517*/SET SCHEMA PUBLIC
INSERT INTO PARSER VALUES(514,'\u0418\u0421\u041a\u041b\u042e\u0427\u0418\u0422\u0415\u041b\u042c\u041d\u041e',1)
COMMIT
DISCONNECT
/*C518*/SET SCHEMA PUBLIC
INSERT INTO PARSER VALUES(515,'\u0421\u041f\u0415\u041a\u0422\u0420\u0410',1)
COMMIT
DISCONNECT
/*C519*/SET SCHEMA PUBLIC
INSERT INTO PARSER VALUES(516,'\u0414\u0410\u041b\u0410',1)
COMMIT
DISCONNECT
/*C520*/SET SCHEMA PUBLIC
INSERT INTO PARSER VALUES(517,'\u0412\u042b\u0421\u041e\u041a\u041e',1)
COMMIT
DISCONNECT
/*C521*/SET SCHEMA PUBLIC
INSERT INTO PARSER VALUES(518,'\u041d\u0410\u0426\u0415\u041b\u0415\u041d\u042b',1)
COMMIT
DISCONNECT
/*C522*/SET SCHEMA PUBLIC
INSERT INTO PARSER VALUES(519,'\u0424\u0410\u0419\u041b\u041e\u0412',1)
COMMIT
DISCONNECT
/*C523*/SET SCHEMA PUBLIC
INSERT INTO PARSER VALUES(520,'\u0420\u041e\u0421\u0422\u0410',1)
COMMIT
DISCONNECT
/*C524*/SET SCHEMA PUBLIC
INSERT INTO PARSER VALUES(521,'\u041a\u041e\u041d\u0422\u0410\u041a\u0422\u042b',2)
COMMIT
DISCONNECT
/*C525*/SET SCHEMA PUBLIC
INSERT INTO PARSER VALUES(522,'\u0421\u0420\u041e\u041a\u0418',5)
COMMIT
DISCONNECT
/*C526*/SET SCHEMA PUBLIC
INSERT INTO PARSER VALUES(523,'\u041f\u0420\u041e\u0422\u041e\u0422\u0418\u041f\u0410',1)
COMMIT
DISCONNECT
/*C527*/SET SCHEMA PUBLIC
INSERT INTO PARSER VALUES(524,'\u0413\u041e\u0422\u041e\u0412\u042b',2)
COMMIT
DISCONNECT
/*C528*/SET SCHEMA PUBLIC
INSERT INTO PARSER VALUES(525,'\u041e\u0416\u0418\u0414\u0410\u0422\u042c',2)
COMMIT
DISCONNECT
/*C529*/SET SCHEMA PUBLIC
INSERT INTO PARSER VALUES(526,'\u0421\u0420\u041e\u041a\u0410',1)
COMMIT
DISCONNECT
/*C530*/SET SCHEMA PUBLIC
INSERT INTO PARSER VALUES(527,'\u041a\u0420\u0415\u0410\u0422\u0418\u0412\u041d\u041e',1)
COMMIT
DISCONNECT
/*C531*/SET SCHEMA PUBLIC
INSERT INTO PARSER VALUES(528,'\u041c\u0415\u041d\u0415\u0414\u0416\u041c\u0415\u041d\u0422\u041e\u041c',1)
COMMIT
DISCONNECT
/*C532*/SET SCHEMA PUBLIC
INSERT INTO PARSER VALUES(529,'\u041f\u0420\u041e\u0424\u0415\u0421\u0421\u0418\u041e\u041d\u0410\u041b\u042c\u041d\u0410\u042f',1)
COMMIT
DISCONNECT
/*C533*/SET SCHEMA PUBLIC
INSERT INTO PARSER VALUES(530,'\u0422\u0412\u041e\u0420\u0427\u0415\u0421\u041a\u0418\u0415',1)
COMMIT
DISCONNECT
/*C534*/SET SCHEMA PUBLIC
INSERT INTO PARSER VALUES(531,'\u0427\u0415\u0420\u0415\u0417',4)
COMMIT
DISCONNECT
/*C535*/SET SCHEMA PUBLIC
INSERT INTO PARSER VALUES(532,'\u0413\u041e\u0422\u041e\u0412\u042b\u0419',1)
COMMIT
DISCONNECT
/*C536*/SET SCHEMA PUBLIC
INSERT INTO PARSER VALUES(533,'SCIENCE',2)
COMMIT
DISCONNECT
/*C537*/SET SCHEMA PUBLIC
INSERT INTO PARSER VALUES(534,'\u041f\u0420\u041e\u0418\u0417\u0412\u041e\u0414\u0418\u0422\u0415\u041b\u042c\u041d\u041e\u0421\u0422\u0418',1)
COMMIT
DISCONNECT
/*C538*/SET SCHEMA PUBLIC
INSERT INTO PARSER VALUES(535,'\u0414\u041e\u0421\u0422\u041e\u0419\u041d\u042b\u0419',1)
COMMIT
DISCONNECT
/*C539*/SET SCHEMA PUBLIC
INSERT INTO PARSER VALUES(536,'\u0420\u0415\u0417\u0423\u041b\u042c\u0422\u0410\u0422',5)
COMMIT
DISCONNECT
/*C540*/SET SCHEMA PUBLIC
INSERT INTO PARSER VALUES(537,'\u0421\u0416\u0410\u0422\u042b\u0415',1)
COMMIT
DISCONNECT
/*C541*/SET SCHEMA PUBLIC
INSERT INTO PARSER VALUES(538,'\u0412\u041a\u041b\u0410\u0414',1)
COMMIT
DISCONNECT
/*C542*/SET SCHEMA PUBLIC
INSERT INTO PARSER VALUES(539,'\u041f\u041e\u0414\u0422\u0412\u0415\u0420\u0416\u0414\u0410\u0415\u0422\u0415',1)
COMMIT
DISCONNECT
/*C543*/SET SCHEMA PUBLIC
INSERT INTO PARSER VALUES(540,'\u0412\u042b\u041f\u041e\u041b\u041d\u042f\u042e\u0422\u0421\u042f',1)
COMMIT
DISCONNECT
/*C544*/SET SCHEMA PUBLIC
INSERT INTO PARSER VALUES(541,'\u0418\u041d\u0422\u0415\u0420\u0424\u0415\u0419\u0421\u0415',1)
COMMIT
DISCONNECT
/*C545*/SET SCHEMA PUBLIC
INSERT INTO PARSER VALUES(542,'\u0421\u0422\u0420\u0410\u0425\u041e\u0412\u042b\u0425',2)
COMMIT
DISCONNECT
/*C546*/SET SCHEMA PUBLIC
INSERT INTO PARSER VALUES(543,'\u041d\u0410\u0428\u0418\u041c',3)
COMMIT
DISCONNECT
/*C547*/SET SCHEMA PUBLIC
INSERT INTO PARSER VALUES(544,'\u0414\u0415\u041c\u041e\u041d\u0421\u0422\u0420\u0418\u0420\u041e\u0412\u0410\u041b',1)
COMMIT
DISCONNECT
/*C548*/SET SCHEMA PUBLIC
INSERT INTO PARSER VALUES(545,'\u0417\u0410\u0414\u0410\u0427\u0415',1)
COMMIT
DISCONNECT
/*C549*/SET SCHEMA PUBLIC
INSERT INTO PARSER VALUES(546,'\u0417\u0410\u0414\u0410\u0427\u0418',6)
COMMIT
DISCONNECT
/*C550*/SET SCHEMA PUBLIC
INSERT INTO PARSER VALUES(547,'\u0414\u0420\u0423\u0413\u0410\u042f',1)
COMMIT
DISCONNECT
/*C551*/SET SCHEMA PUBLIC
INSERT INTO PARSER VALUES(548,'\u0414\u041e\u0421\u0422\u0418\u0427\u042c',1)
COMMIT
DISCONNECT
/*C552*/SET SCHEMA PUBLIC
INSERT INTO PARSER VALUES(549,'\u041e\u0411\u0415\u0421\u041f\u0415\u0427\u0415\u041d\u0418\u0415',4)
COMMIT
DISCONNECT
/*C553*/SET SCHEMA PUBLIC
INSERT INTO PARSER VALUES(550,'\u041f\u0410\u0420\u0422\u041d\u0415\u0420\u0421\u041a\u0418\u0425',1)
COMMIT
DISCONNECT
/*C554*/SET SCHEMA PUBLIC
INSERT INTO PARSER VALUES(551,'\u0418\u0414\u0415\u0418',1)
COMMIT
DISCONNECT
/*C555*/SET SCHEMA PUBLIC
INSERT INTO PARSER VALUES(552,'\u041f\u0420\u041e\u0410\u041a\u0422\u0418\u0412\u041d\u041e\u0421\u0422\u042c',1)
COMMIT
DISCONNECT
/*C556*/SET SCHEMA PUBLIC
INSERT INTO PARSER VALUES(553,'\u041e\u041f\u0420\u0410\u0412\u0414\u0410\u041b\u0418',1)
COMMIT
DISCONNECT
/*C557*/SET SCHEMA PUBLIC
INSERT INTO PARSER VALUES(554,'\u041e\u0411\u0421\u0423\u0416\u0414\u0410\u0422\u042c',1)
COMMIT
DISCONNECT
/*C558*/SET SCHEMA PUBLIC
INSERT INTO PARSER VALUES(555,'\u041d\u0415\u0417\u041d\u0410\u041a\u041e\u041c\u0423\u042e',1)
COMMIT
DISCONNECT
/*C559*/SET SCHEMA PUBLIC
INSERT INTO PARSER VALUES(556,'\u0418\u041d\u0418\u0426\u0418\u0410\u0422\u0418\u0412\u041d\u041e\u0421\u0422\u042c',1)
COMMIT
DISCONNECT
/*C560*/SET SCHEMA PUBLIC
INSERT INTO PARSER VALUES(557,'\u041f\u041e\u0421\u041c\u041e\u0422\u0420\u0415\u0422\u042c',1)
COMMIT
DISCONNECT
/*C561*/SET SCHEMA PUBLIC
INSERT INTO PARSER VALUES(558,'\u041e\u0422\u041a\u0420\u042b\u041b\u0410',1)
COMMIT
DISCONNECT
/*C562*/SET SCHEMA PUBLIC
INSERT INTO PARSER VALUES(559,'\u0418\u041d\u0422\u0415\u0413\u0420\u0410\u0422\u041e\u0420\u041e\u041c',1)
COMMIT
DISCONNECT
/*C563*/SET SCHEMA PUBLIC
INSERT INTO PARSER VALUES(560,'\u041e\u041f\u0415\u0420\u0410\u0422\u0418\u0412\u041d\u0410\u042f',1)
COMMIT
DISCONNECT
/*C564*/SET SCHEMA PUBLIC
INSERT INTO PARSER VALUES(561,'\u041d\u0415\u0422',1)
COMMIT
DISCONNECT
/*C565*/SET SCHEMA PUBLIC
INSERT INTO PARSER VALUES(562,'\u041e\u0422\u0412\u0415\u0422\u0421\u0422\u0412\u0415\u041d\u041d\u041e\u0421\u0422\u042c',2)
COMMIT
DISCONNECT
/*C566*/SET SCHEMA PUBLIC
INSERT INTO PARSER VALUES(563,'\u041d\u0410\u0428\u0415\u0419',1)
COMMIT
DISCONNECT
/*C567*/SET SCHEMA PUBLIC
INSERT INTO PARSER VALUES(564,'\u0420\u0410\u0417\u0411\u0418\u0412\u041a\u0423',1)
COMMIT
DISCONNECT
/*C568*/SET SCHEMA PUBLIC
INSERT INTO PARSER VALUES(565,'\u042d\u0424\u0424\u0415\u041a\u0422\u0418\u0412\u041d\u041e',1)
COMMIT
DISCONNECT
/*C569*/SET SCHEMA PUBLIC
INSERT INTO PARSER VALUES(566,'JIRA',2)
COMMIT
DISCONNECT
/*C570*/SET SCHEMA PUBLIC
INSERT INTO PARSER VALUES(567,'\u041e\u0420\u0418\u0415\u041d\u0422\u0418\u0420\u0423\u042e\u0422',1)
COMMIT
DISCONNECT
/*C571*/SET SCHEMA PUBLIC
INSERT INTO PARSER VALUES(568,'\u0410\u0423\u0422\u0421\u041e\u0420\u0421\u0418\u041d\u0413',2)
COMMIT
DISCONNECT
/*C572*/SET SCHEMA PUBLIC
INSERT INTO PARSER VALUES(569,'\u041c\u042b',24)
COMMIT
DISCONNECT
/*C573*/SET SCHEMA PUBLIC
INSERT INTO PARSER VALUES(570,'\u0411\u041b\u0415\u0421\u0422\u042f\u0429\u0418\u0415',1)
COMMIT
DISCONNECT
/*C574*/SET SCHEMA PUBLIC
INSERT INTO PARSER VALUES(571,'\u041d\u0410',17)
COMMIT
DISCONNECT
/*C575*/SET SCHEMA PUBLIC
INSERT INTO PARSER VALUES(572,'\u0422\u0415\u0425\u041d\u041e\u041b\u041e\u0413\u0418\u0427\u0415\u0421\u041a\u0410\u042f',1)
COMMIT
DISCONNECT
/*C576*/SET SCHEMA PUBLIC
INSERT INTO PARSER VALUES(573,'\u0410\u0412\u0422\u041e\u041c\u0410\u0422\u0418\u0417\u0410\u0426\u0418\u042f',2)
COMMIT
DISCONNECT
/*C577*/SET SCHEMA PUBLIC
INSERT INTO PARSER VALUES(574,'\u0421\u0422\u0410\u0411\u0418\u041b\u042c\u041d\u041e\u0413\u041e',1)
COMMIT
DISCONNECT
/*C578*/SET SCHEMA PUBLIC
INSERT INTO PARSER VALUES(575,'\u041f\u0420\u0415\u0414\u0410\u041d\u041d\u041e\u0421\u0422\u042c',1)
COMMIT
DISCONNECT
/*C579*/SET SCHEMA PUBLIC
INSERT INTO PARSER VALUES(576,'\u0418\u0421\u041f\u041e\u041b\u042c\u0417\u041e\u0412\u0410\u041d\u0418\u0415',1)
COMMIT
DISCONNECT
/*C580*/SET SCHEMA PUBLIC
INSERT INTO PARSER VALUES(577,'\u041f\u041e\u041b\u042c\u0417\u041e\u0412\u0410\u0422\u0415\u041b\u0418',1)
COMMIT
DISCONNECT
/*C581*/SET SCHEMA PUBLIC
INSERT INTO PARSER VALUES(578,'\u041d\u0415',4)
COMMIT
DISCONNECT
/*C582*/SET SCHEMA PUBLIC
INSERT INTO PARSER VALUES(579,'SERVICE',2)
COMMIT
DISCONNECT
/*C583*/SET SCHEMA PUBLIC
INSERT INTO PARSER VALUES(580,'\u041d\u0418',1)
COMMIT
DISCONNECT
/*C584*/SET SCHEMA PUBLIC
INSERT INTO PARSER VALUES(581,'\u0411\u041e\u041b\u042c\u0428\u0415',1)
COMMIT
DISCONNECT
/*C585*/SET SCHEMA PUBLIC
INSERT INTO PARSER VALUES(582,'\u0414\u0423\u0428\u041e\u0419',1)
COMMIT
DISCONNECT
/*C586*/SET SCHEMA PUBLIC
INSERT INTO PARSER VALUES(583,'\u041d\u0410\u041c\u0418',1)
COMMIT
DISCONNECT
/*C587*/SET SCHEMA PUBLIC
INSERT INTO PARSER VALUES(584,'\u0413\u041e\u0422\u041e\u0412\u0410',1)
COMMIT
DISCONNECT
/*C588*/SET SCHEMA PUBLIC
INSERT INTO PARSER VALUES(585,'\u041f\u041e\u041b\u0423\u0427\u0410\u0415\u041c',2)
COMMIT
DISCONNECT
/*C589*/SET SCHEMA PUBLIC
INSERT INTO PARSER VALUES(586,'\u0421\u041b\u041e\u0416\u041d\u042b\u0425',2)
COMMIT
DISCONNECT
/*C590*/SET SCHEMA PUBLIC
INSERT INTO PARSER VALUES(587,'\u0420\u0410\u0411\u041e\u0422\u0410\u042e\u0429\u0418\u0419',1)
COMMIT
DISCONNECT
/*C591*/SET SCHEMA PUBLIC
INSERT INTO PARSER VALUES(588,'\u0420\u0410\u0411\u041e\u0422\u0410\u042e\u0429\u0418\u041c',1)
COMMIT
DISCONNECT
/*C592*/SET SCHEMA PUBLIC
INSERT INTO PARSER VALUES(589,'\u0412\u0421\u0415',10)
COMMIT
DISCONNECT
/*C593*/SET SCHEMA PUBLIC
INSERT INTO PARSER VALUES(590,'\u041d\u041e\u0412\u041e\u0421\u0422\u0418',4)
COMMIT
DISCONNECT
/*C594*/SET SCHEMA PUBLIC
INSERT INTO PARSER VALUES(591,'\u0421\u041e\u0411\u0420\u0410\u041d\u041d\u041e\u0421\u0422\u042c',1)
COMMIT
DISCONNECT
/*C595*/SET SCHEMA PUBLIC
INSERT INTO PARSER VALUES(592,'\u0410\u041d\u0410\u041b\u0418\u0422\u0418\u041a\u0418',1)
COMMIT
DISCONNECT
/*C596*/SET SCHEMA PUBLIC
INSERT INTO PARSER VALUES(593,'\u041a\u0410\u041a',1)
COMMIT
DISCONNECT
/*C597*/SET SCHEMA PUBLIC
INSERT INTO PARSER VALUES(594,'\u041e\u0411\u0429\u0415\u041d\u0418\u0415',1)
COMMIT
DISCONNECT
/*C598*/SET SCHEMA PUBLIC
INSERT INTO PARSER VALUES(595,'\u041f\u041e\u0413\u0420\u0423\u0417\u0418\u041b\u0418\u0421\u042c',1)
COMMIT
DISCONNECT
/*C599*/SET SCHEMA PUBLIC
INSERT INTO PARSER VALUES(596,'\u0414\u041e\u041b\u0413\u041e\u0421\u0420\u041e\u0427\u041d\u0423\u042e',1)
COMMIT
DISCONNECT
/*C600*/SET SCHEMA PUBLIC
INSERT INTO PARSER VALUES(597,'\u0422\u0415\u0425\u041d\u041e\u041b\u041e\u0413\u0418\u0427\u0415\u0421\u041a\u041e\u0413\u041e',1)
COMMIT
DISCONNECT
/*C601*/SET SCHEMA PUBLIC
INSERT INTO PARSER VALUES(598,'\u041a\u0420\u0415\u0410\u0422\u0418\u0412\u041d\u042b\u0415',1)
COMMIT
DISCONNECT
/*C602*/SET SCHEMA PUBLIC
INSERT INTO PARSER VALUES(599,'\u0424\u0423\u041d\u041a\u0426\u0418\u041e\u041d\u0410\u041b\u041e\u041c',1)
COMMIT
DISCONNECT
/*C603*/SET SCHEMA PUBLIC
INSERT INTO PARSER VALUES(600,'\u0410\u041d\u0410\u041b\u0418\u0422\u0418\u041a\u0415',1)
COMMIT
DISCONNECT
/*C604*/SET SCHEMA PUBLIC
INSERT INTO PARSER VALUES(601,'\u042d\u0422\u0410\u0416',1)
COMMIT
DISCONNECT
/*C605*/SET SCHEMA PUBLIC
INSERT INTO PARSER VALUES(602,'\u041f\u0420\u0415\u0414\u041e\u0421\u0422\u0410\u0412\u041b\u042f\u042e\u0422',1)
COMMIT
DISCONNECT
/*C606*/SET SCHEMA PUBLIC
INSERT INTO PARSER VALUES(603,'\u0410\u041d\u0413\u041b\u0418\u0419\u0421\u041a\u0418\u041c',1)
COMMIT
DISCONNECT
/*C607*/SET SCHEMA PUBLIC
INSERT INTO PARSER VALUES(604,'\u041f\u0420\u0418\u0417\u041d\u0410\u041d\u042b',1)
COMMIT
DISCONNECT
/*C608*/SET SCHEMA PUBLIC
INSERT INTO PARSER VALUES(605,'\u0412\u042b\u041f\u041e\u041b\u041d\u042f\u042e\u0422',2)
COMMIT
DISCONNECT
/*C609*/SET SCHEMA PUBLIC
INSERT INTO PARSER VALUES(606,'\u0410\u0414\u0410\u041f\u0422\u0418\u0420\u041e\u0412\u0410\u041b\u0418\u0421\u042c',1)
COMMIT
DISCONNECT
/*C610*/SET SCHEMA PUBLIC
INSERT INTO PARSER VALUES(607,'DATA',2)
COMMIT
DISCONNECT
/*C611*/SET SCHEMA PUBLIC
INSERT INTO PARSER VALUES(608,'\u041f\u0420\u0415\u0414\u041c\u0415\u0422\u041d\u0423\u042e',1)
COMMIT
DISCONNECT
/*C612*/SET SCHEMA PUBLIC
INSERT INTO PARSER VALUES(609,'\u041e\u0411\u0429\u0418\u0419',2)
COMMIT
DISCONNECT
/*C613*/SET SCHEMA PUBLIC
INSERT INTO PARSER VALUES(610,'\u041d\u0410\u0413\u0420\u0423\u0417\u041a\u0423',1)
COMMIT
DISCONNECT
/*C614*/SET SCHEMA PUBLIC
INSERT INTO PARSER VALUES(611,'\u0421\u0422\u0410\u041b\u0410',1)
COMMIT
DISCONNECT
/*C615*/SET SCHEMA PUBLIC
INSERT INTO PARSER VALUES(612,'\u041e\u041a',1)
COMMIT
DISCONNECT
/*C616*/SET SCHEMA PUBLIC
INSERT INTO PARSER VALUES(613,'\u041f\u0415\u0420\u0412\u041e\u0419',1)
COMMIT
DISCONNECT
/*C617*/SET SCHEMA PUBLIC
INSERT INTO PARSER VALUES(614,'\u0421\u041e\u0422\u0420\u0423\u0414\u041d\u0418\u0427\u0410\u042f',1)
COMMIT
DISCONNECT
/*C618*/SET SCHEMA PUBLIC
INSERT INTO PARSER VALUES(615,'\u0414\u0410\u0415\u0422',1)
COMMIT
DISCONNECT
/*C619*/SET SCHEMA PUBLIC
INSERT INTO PARSER VALUES(616,'\u041e\u0422',1)
COMMIT
DISCONNECT
/*C620*/SET SCHEMA PUBLIC
INSERT INTO PARSER VALUES(617,'\u0413\u041e\u0420\u0410\u0417\u0414\u041e',1)
COMMIT
DISCONNECT
/*C621*/SET SCHEMA PUBLIC
INSERT INTO PARSER VALUES(618,'\u0422\u0415\u041d\u0414\u0415\u041d\u0426\u0418\u042f\u041c\u0418',1)
COMMIT
DISCONNECT
/*C622*/SET SCHEMA PUBLIC
INSERT INTO PARSER VALUES(619,'\u041f\u041e\u0414\u0421\u0422\u0420\u0410\u0418\u0412\u0410\u0415\u041c\u0421\u042f',1)
COMMIT
DISCONNECT
/*C623*/SET SCHEMA PUBLIC
INSERT INTO PARSER VALUES(620,'\u0413\u041e\u0414\u0410',3)
COMMIT
DISCONNECT
/*C624*/SET SCHEMA PUBLIC
INSERT INTO PARSER VALUES(621,'\u0412\u0421\u042f',1)
COMMIT
DISCONNECT
/*C625*/SET SCHEMA PUBLIC
INSERT INTO PARSER VALUES(622,'\u0412\u041e\u0417\u041c\u041e\u0416\u041d\u041e\u0421\u0422\u042c',1)
COMMIT
DISCONNECT
/*C626*/SET SCHEMA PUBLIC
INSERT INTO PARSER VALUES(623,'\u0414\u0410\u0416\u0415',2)
COMMIT
DISCONNECT
/*C627*/SET SCHEMA PUBLIC
INSERT INTO PARSER VALUES(624,'\u0418\u041d\u0422\u0415\u0420\u0415\u0421\u041d\u042b\u0415',1)
COMMIT
DISCONNECT
/*C628*/SET SCHEMA PUBLIC
INSERT INTO PARSER VALUES(625,'\u0417\u0410\u0411\u041e\u0422\u0418\u041c\u0421\u042f',1)
COMMIT
DISCONNECT
/*C629*/SET SCHEMA PUBLIC
INSERT INTO PARSER VALUES(626,'\u0422\u0415\u0425\u041d\u0418\u0427\u0415\u0421\u041a\u0418\u0425',1)
COMMIT
DISCONNECT
/*C630*/SET SCHEMA PUBLIC
INSERT INTO PARSER VALUES(627,'\u0412\u042b\u041f\u041e\u041b\u041d\u0415\u041d\u042b',2)
COMMIT
DISCONNECT
/*C631*/SET SCHEMA PUBLIC
INSERT INTO PARSER VALUES(628,'\u041a\u041e\u041d\u0422\u0420\u041e\u041b\u042e',1)
COMMIT
DISCONNECT
/*C632*/SET SCHEMA PUBLIC
INSERT INTO PARSER VALUES(629,'\u041f\u0420\u041e\u0422\u041e\u0422\u0418\u041f',1)
COMMIT
DISCONNECT
/*C633*/SET SCHEMA PUBLIC
INSERT INTO PARSER VALUES(630,'\u0423\u0414\u041e\u0412\u041b\u0415\u0422\u0412\u041e\u0420\u0418\u0422\u042c',2)
COMMIT
DISCONNECT
/*C634*/SET SCHEMA PUBLIC
INSERT INTO PARSER VALUES(631,'\u0412\u041d\u0415\u0421',1)
COMMIT
DISCONNECT
/*C635*/SET SCHEMA PUBLIC
INSERT INTO PARSER VALUES(632,'\u0421\u0422\u0410\u041d\u041e\u0412\u042f\u0422\u0421\u042f',1)
COMMIT
DISCONNECT
/*C636*/SET SCHEMA PUBLIC
INSERT INTO PARSER VALUES(633,'\u041f\u041e',9)
COMMIT
DISCONNECT
/*C637*/SET SCHEMA PUBLIC
INSERT INTO PARSER VALUES(634,'\u0412\u042b\u041f\u041e\u041b\u041d\u0415\u041d\u041e',1)
COMMIT
DISCONNECT
/*C638*/SET SCHEMA PUBLIC
INSERT INTO PARSER VALUES(635,'\u041d\u0410\u0427\u0410\u041b\u0410',1)
COMMIT
DISCONNECT
/*C639*/SET SCHEMA PUBLIC
INSERT INTO PARSER VALUES(636,'\u0421\u0410\u041c\u042b\u0415',1)
COMMIT
DISCONNECT
/*C640*/SET SCHEMA PUBLIC
INSERT INTO PARSER VALUES(637,'\u0412\u041d\u0418\u041a\u041d\u0423\u0422\u042c',1)
COMMIT
DISCONNECT
/*C641*/SET SCHEMA PUBLIC
INSERT INTO PARSER VALUES(638,'\u041f\u041e\u041d\u042f\u0422\u042c',1)
COMMIT
DISCONNECT
/*C642*/SET SCHEMA PUBLIC
INSERT INTO PARSER VALUES(639,'\u0421\u0424\u0415\u0420\u0415',1)
COMMIT
DISCONNECT
/*C643*/SET SCHEMA PUBLIC
INSERT INTO PARSER VALUES(640,'IOS',1)
COMMIT
DISCONNECT
/*C644*/SET SCHEMA PUBLIC
INSERT INTO PARSER VALUES(641,'\u041d\u0410\u0427\u0410\u041b\u041e',1)
COMMIT
DISCONNECT
/*C645*/SET SCHEMA PUBLIC
INSERT INTO PARSER VALUES(642,'\u041d\u0410\u0425\u041e\u0414\u042f\u0422',1)
COMMIT
DISCONNECT
/*C646*/SET SCHEMA PUBLIC
INSERT INTO PARSER VALUES(643,'\u0421\u0418\u0421\u0422\u0415\u041c\u0423',1)
COMMIT
DISCONNECT
/*C647*/SET SCHEMA PUBLIC
INSERT INTO PARSER VALUES(644,'\u041e\u0422\u041b\u0418\u0427\u041d\u042b\u0419',1)
COMMIT
DISCONNECT
/*C648*/SET SCHEMA PUBLIC
INSERT INTO PARSER VALUES(645,'\u041d\u0415\u0421\u041a\u041e\u041b\u042c\u041a\u0418\u0425',1)
COMMIT
DISCONNECT
/*C649*/SET SCHEMA PUBLIC
INSERT INTO PARSER VALUES(646,'\u041a\u0423\u0420\u0421\u0415',1)
COMMIT
DISCONNECT
/*C650*/SET SCHEMA PUBLIC
INSERT INTO PARSER VALUES(647,'\u0425\u041e\u0420\u041e\u0428\u041e',1)
COMMIT
DISCONNECT
/*C651*/SET SCHEMA PUBLIC
INSERT INTO PARSER VALUES(648,'\u041f\u0420\u0418\u042f\u0422\u041d\u041e',1)
COMMIT
DISCONNECT
/*C652*/SET SCHEMA PUBLIC
INSERT INTO PARSER VALUES(649,'\u0421\u041b\u041e\u0416\u041d\u042b\u041c\u0418',1)
COMMIT
DISCONNECT
/*C653*/SET SCHEMA PUBLIC
INSERT INTO PARSER VALUES(650,'\u0421\u0424\u0415\u0420\u042b',2)
COMMIT
DISCONNECT
/*C654*/SET SCHEMA PUBLIC
INSERT INTO PARSER VALUES(651,'\u0421\u0418\u0421\u0422\u0415\u041c\u042b',2)
COMMIT
DISCONNECT
/*C655*/SET SCHEMA PUBLIC
INSERT INTO PARSER VALUES(652,'\u0423\u041a\u041b\u0410\u0414\u042b\u0412\u0410\u042e\u0422\u0421\u042f',1)
COMMIT
DISCONNECT
/*C656*/SET SCHEMA PUBLIC
DISCONNECT
/*C657*/SET SCHEMA PUBLIC
DISCONNECT
