/*C294*/SET SCHEMA PUBLIC
DELETE FROM PARSER WHERE ID=782
DELETE FROM PARSER WHERE ID=783
DELETE FROM PARSER WHERE ID=784
DELETE FROM PARSER WHERE ID=785
DELETE FROM PARSER WHERE ID=786
DELETE FROM PARSER WHERE ID=787
DELETE FROM PARSER WHERE ID=788
DELETE FROM PARSER WHERE ID=789
DELETE FROM PARSER WHERE ID=790
DELETE FROM PARSER WHERE ID=791
DELETE FROM PARSER WHERE ID=792
DELETE FROM PARSER WHERE ID=793
DELETE FROM PARSER WHERE ID=794
DELETE FROM PARSER WHERE ID=795
DELETE FROM PARSER WHERE ID=796
DELETE FROM PARSER WHERE ID=797
DELETE FROM PARSER WHERE ID=798
DELETE FROM PARSER WHERE ID=799
DELETE FROM PARSER WHERE ID=800
DELETE FROM PARSER WHERE ID=801
DELETE FROM PARSER WHERE ID=802
DELETE FROM PARSER WHERE ID=803
DELETE FROM PARSER WHERE ID=804
DELETE FROM PARSER WHERE ID=805
DELETE FROM PARSER WHERE ID=806
DELETE FROM PARSER WHERE ID=807
DELETE FROM PARSER WHERE ID=808
DELETE FROM PARSER WHERE ID=809
DELETE FROM PARSER WHERE ID=810
DELETE FROM PARSER WHERE ID=811
DELETE FROM PARSER WHERE ID=812
DELETE FROM PARSER WHERE ID=813
DELETE FROM PARSER WHERE ID=814
DELETE FROM PARSER WHERE ID=815
DELETE FROM PARSER WHERE ID=816
DELETE FROM PARSER WHERE ID=817
DELETE FROM PARSER WHERE ID=818
DELETE FROM PARSER WHERE ID=819
DELETE FROM PARSER WHERE ID=820
DELETE FROM PARSER WHERE ID=821
DELETE FROM PARSER WHERE ID=822
DELETE FROM PARSER WHERE ID=823
DELETE FROM PARSER WHERE ID=824
DELETE FROM PARSER WHERE ID=825
DELETE FROM PARSER WHERE ID=826
DELETE FROM PARSER WHERE ID=827
DELETE FROM PARSER WHERE ID=828
DELETE FROM PARSER WHERE ID=829
DELETE FROM PARSER WHERE ID=830
DELETE FROM PARSER WHERE ID=831
DELETE FROM PARSER WHERE ID=832
DELETE FROM PARSER WHERE ID=833
DELETE FROM PARSER WHERE ID=834
DELETE FROM PARSER WHERE ID=835
DELETE FROM PARSER WHERE ID=836
DELETE FROM PARSER WHERE ID=837
DELETE FROM PARSER WHERE ID=838
DELETE FROM PARSER WHERE ID=839
DELETE FROM PARSER WHERE ID=840
DELETE FROM PARSER WHERE ID=841
DELETE FROM PARSER WHERE ID=842
DELETE FROM PARSER WHERE ID=843
DELETE FROM PARSER WHERE ID=844
DELETE FROM PARSER WHERE ID=845
DELETE FROM PARSER WHERE ID=846
DELETE FROM PARSER WHERE ID=847
DELETE FROM PARSER WHERE ID=848
DELETE FROM PARSER WHERE ID=849
DELETE FROM PARSER WHERE ID=850
DELETE FROM PARSER WHERE ID=851
DELETE FROM PARSER WHERE ID=852
DELETE FROM PARSER WHERE ID=853
DELETE FROM PARSER WHERE ID=854
DELETE FROM PARSER WHERE ID=855
DELETE FROM PARSER WHERE ID=856
DELETE FROM PARSER WHERE ID=857
DELETE FROM PARSER WHERE ID=858
DELETE FROM PARSER WHERE ID=859
DELETE FROM PARSER WHERE ID=860
DELETE FROM PARSER WHERE ID=861
DELETE FROM PARSER WHERE ID=862
DELETE FROM PARSER WHERE ID=863
DELETE FROM PARSER WHERE ID=864
DELETE FROM PARSER WHERE ID=865
DELETE FROM PARSER WHERE ID=866
DELETE FROM PARSER WHERE ID=867
DELETE FROM PARSER WHERE ID=868
DELETE FROM PARSER WHERE ID=869
DELETE FROM PARSER WHERE ID=870
DELETE FROM PARSER WHERE ID=871
DELETE FROM PARSER WHERE ID=872
DELETE FROM PARSER WHERE ID=873
DELETE FROM PARSER WHERE ID=874
DELETE FROM PARSER WHERE ID=875
DELETE FROM PARSER WHERE ID=876
DELETE FROM PARSER WHERE ID=877
DELETE FROM PARSER WHERE ID=878
DELETE FROM PARSER WHERE ID=879
DELETE FROM PARSER WHERE ID=880
DELETE FROM PARSER WHERE ID=881
DELETE FROM PARSER WHERE ID=882
DELETE FROM PARSER WHERE ID=883
DELETE FROM PARSER WHERE ID=884
DELETE FROM PARSER WHERE ID=885
DELETE FROM PARSER WHERE ID=886
DELETE FROM PARSER WHERE ID=887
DELETE FROM PARSER WHERE ID=888
DELETE FROM PARSER WHERE ID=889
DELETE FROM PARSER WHERE ID=890
DELETE FROM PARSER WHERE ID=891
DELETE FROM PARSER WHERE ID=892
DELETE FROM PARSER WHERE ID=893
DELETE FROM PARSER WHERE ID=894
DELETE FROM PARSER WHERE ID=895
DELETE FROM PARSER WHERE ID=896
DELETE FROM PARSER WHERE ID=897
DELETE FROM PARSER WHERE ID=898
DELETE FROM PARSER WHERE ID=899
DELETE FROM PARSER WHERE ID=900
DELETE FROM PARSER WHERE ID=901
DELETE FROM PARSER WHERE ID=902
DELETE FROM PARSER WHERE ID=903
DELETE FROM PARSER WHERE ID=904
DELETE FROM PARSER WHERE ID=905
DELETE FROM PARSER WHERE ID=906
DELETE FROM PARSER WHERE ID=907
DELETE FROM PARSER WHERE ID=908
DELETE FROM PARSER WHERE ID=909
DELETE FROM PARSER WHERE ID=910
DELETE FROM PARSER WHERE ID=911
DELETE FROM PARSER WHERE ID=912
DELETE FROM PARSER WHERE ID=913
DELETE FROM PARSER WHERE ID=914
DELETE FROM PARSER WHERE ID=915
DELETE FROM PARSER WHERE ID=916
DELETE FROM PARSER WHERE ID=917
DELETE FROM PARSER WHERE ID=918
DELETE FROM PARSER WHERE ID=919
DELETE FROM PARSER WHERE ID=920
DELETE FROM PARSER WHERE ID=921
DELETE FROM PARSER WHERE ID=922
DELETE FROM PARSER WHERE ID=923
DELETE FROM PARSER WHERE ID=924
DELETE FROM PARSER WHERE ID=925
DELETE FROM PARSER WHERE ID=926
DELETE FROM PARSER WHERE ID=927
DELETE FROM PARSER WHERE ID=928
DELETE FROM PARSER WHERE ID=929
DELETE FROM PARSER WHERE ID=930
DELETE FROM PARSER WHERE ID=931
DELETE FROM PARSER WHERE ID=932
DELETE FROM PARSER WHERE ID=933
DELETE FROM PARSER WHERE ID=934
DELETE FROM PARSER WHERE ID=935
DELETE FROM PARSER WHERE ID=936
DELETE FROM PARSER WHERE ID=937
DELETE FROM PARSER WHERE ID=938
DELETE FROM PARSER WHERE ID=939
DELETE FROM PARSER WHERE ID=940
DELETE FROM PARSER WHERE ID=941
DELETE FROM PARSER WHERE ID=942
DELETE FROM PARSER WHERE ID=943
DELETE FROM PARSER WHERE ID=944
DELETE FROM PARSER WHERE ID=945
DELETE FROM PARSER WHERE ID=946
DELETE FROM PARSER WHERE ID=947
DELETE FROM PARSER WHERE ID=948
DELETE FROM PARSER WHERE ID=949
DELETE FROM PARSER WHERE ID=950
DELETE FROM PARSER WHERE ID=951
DELETE FROM PARSER WHERE ID=952
DELETE FROM PARSER WHERE ID=953
DELETE FROM PARSER WHERE ID=954
DELETE FROM PARSER WHERE ID=955
DELETE FROM PARSER WHERE ID=956
DELETE FROM PARSER WHERE ID=957
DELETE FROM PARSER WHERE ID=958
DELETE FROM PARSER WHERE ID=959
DELETE FROM PARSER WHERE ID=960
DELETE FROM PARSER WHERE ID=961
DELETE FROM PARSER WHERE ID=962
DELETE FROM PARSER WHERE ID=963
DELETE FROM PARSER WHERE ID=964
DELETE FROM PARSER WHERE ID=965
DELETE FROM PARSER WHERE ID=966
DELETE FROM PARSER WHERE ID=967
DELETE FROM PARSER WHERE ID=968
DELETE FROM PARSER WHERE ID=969
DELETE FROM PARSER WHERE ID=970
DELETE FROM PARSER WHERE ID=971
DELETE FROM PARSER WHERE ID=972
DELETE FROM PARSER WHERE ID=973
DELETE FROM PARSER WHERE ID=974
DELETE FROM PARSER WHERE ID=975
DELETE FROM PARSER WHERE ID=976
DELETE FROM PARSER WHERE ID=977
DELETE FROM PARSER WHERE ID=978
DELETE FROM PARSER WHERE ID=979
DELETE FROM PARSER WHERE ID=980
DELETE FROM PARSER WHERE ID=981
DELETE FROM PARSER WHERE ID=982
DELETE FROM PARSER WHERE ID=983
DELETE FROM PARSER WHERE ID=984
DELETE FROM PARSER WHERE ID=985
DELETE FROM PARSER WHERE ID=986
DELETE FROM PARSER WHERE ID=987
DELETE FROM PARSER WHERE ID=988
DELETE FROM PARSER WHERE ID=989
DELETE FROM PARSER WHERE ID=990
DELETE FROM PARSER WHERE ID=991
DELETE FROM PARSER WHERE ID=992
DELETE FROM PARSER WHERE ID=993
DELETE FROM PARSER WHERE ID=994
DELETE FROM PARSER WHERE ID=995
DELETE FROM PARSER WHERE ID=996
DELETE FROM PARSER WHERE ID=997
DELETE FROM PARSER WHERE ID=998
DELETE FROM PARSER WHERE ID=999
DELETE FROM PARSER WHERE ID=1000
DELETE FROM PARSER WHERE ID=1001
DELETE FROM PARSER WHERE ID=1002
DELETE FROM PARSER WHERE ID=1003
DELETE FROM PARSER WHERE ID=1004
DELETE FROM PARSER WHERE ID=1005
DELETE FROM PARSER WHERE ID=1006
DELETE FROM PARSER WHERE ID=1007
DELETE FROM PARSER WHERE ID=1008
DELETE FROM PARSER WHERE ID=1009
DELETE FROM PARSER WHERE ID=1010
DELETE FROM PARSER WHERE ID=1011
DELETE FROM PARSER WHERE ID=1012
DELETE FROM PARSER WHERE ID=1013
DELETE FROM PARSER WHERE ID=1014
DELETE FROM PARSER WHERE ID=1015
DELETE FROM PARSER WHERE ID=1016
DELETE FROM PARSER WHERE ID=1017
DELETE FROM PARSER WHERE ID=1018
DELETE FROM PARSER WHERE ID=1019
DELETE FROM PARSER WHERE ID=1020
DELETE FROM PARSER WHERE ID=1021
DELETE FROM PARSER WHERE ID=1022
DELETE FROM PARSER WHERE ID=1023
DELETE FROM PARSER WHERE ID=1024
DELETE FROM PARSER WHERE ID=1025
DELETE FROM PARSER WHERE ID=1026
DELETE FROM PARSER WHERE ID=1027
DELETE FROM PARSER WHERE ID=1028
DELETE FROM PARSER WHERE ID=1029
DELETE FROM PARSER WHERE ID=1030
DELETE FROM PARSER WHERE ID=1031
DELETE FROM PARSER WHERE ID=1032
DELETE FROM PARSER WHERE ID=1033
DELETE FROM PARSER WHERE ID=1034
DELETE FROM PARSER WHERE ID=1035
DELETE FROM PARSER WHERE ID=1036
DELETE FROM PARSER WHERE ID=1037
DELETE FROM PARSER WHERE ID=1038
DELETE FROM PARSER WHERE ID=1039
DELETE FROM PARSER WHERE ID=1040
DELETE FROM PARSER WHERE ID=1041
DELETE FROM PARSER WHERE ID=1042
DELETE FROM PARSER WHERE ID=1043
DELETE FROM PARSER WHERE ID=1044
DELETE FROM PARSER WHERE ID=1045
DELETE FROM PARSER WHERE ID=1046
DELETE FROM PARSER WHERE ID=1047
DELETE FROM PARSER WHERE ID=1048
DELETE FROM PARSER WHERE ID=1049
DELETE FROM PARSER WHERE ID=1050
DELETE FROM PARSER WHERE ID=1051
DELETE FROM PARSER WHERE ID=1052
DELETE FROM PARSER WHERE ID=1053
DELETE FROM PARSER WHERE ID=1054
DELETE FROM PARSER WHERE ID=1055
DELETE FROM PARSER WHERE ID=1056
DELETE FROM PARSER WHERE ID=1057
DELETE FROM PARSER WHERE ID=1058
DELETE FROM PARSER WHERE ID=1059
DELETE FROM PARSER WHERE ID=1060
DELETE FROM PARSER WHERE ID=1061
DELETE FROM PARSER WHERE ID=1062
DELETE FROM PARSER WHERE ID=1063
DELETE FROM PARSER WHERE ID=1064
DELETE FROM PARSER WHERE ID=1065
DELETE FROM PARSER WHERE ID=1066
DELETE FROM PARSER WHERE ID=1067
DELETE FROM PARSER WHERE ID=1068
DELETE FROM PARSER WHERE ID=1069
DELETE FROM PARSER WHERE ID=1070
DELETE FROM PARSER WHERE ID=1071
DELETE FROM PARSER WHERE ID=1072
COMMIT
/*C295*/SET SCHEMA PUBLIC
INSERT INTO PARSER VALUES(1073,'\u041a\u041e\u041c\u0410\u041d\u0414\u0423',2)
COMMIT
DISCONNECT
/*C296*/SET SCHEMA PUBLIC
INSERT INTO PARSER VALUES(1074,'\u041f\u041e\u0414\u0425\u041e\u0414\u042f\u0422',1)
COMMIT
DISCONNECT
/*C297*/SET SCHEMA PUBLIC
INSERT INTO PARSER VALUES(1075,'\u041f\u0420\u0418\u042f\u0422\u041d\u041e\u0415',1)
COMMIT
DISCONNECT
/*C298*/SET SCHEMA PUBLIC
INSERT INTO PARSER VALUES(1076,'\u0417\u0410\u0412\u0415\u0420\u0428\u0418\u041b\u0418',1)
COMMIT
DISCONNECT
/*C299*/SET SCHEMA PUBLIC
INSERT INTO PARSER VALUES(1077,'\u041f\u041e\u0414\u041a\u041b\u042e\u0427\u0418\u041c',1)
COMMIT
DISCONNECT
/*C300*/SET SCHEMA PUBLIC
INSERT INTO PARSER VALUES(1078,'\u041e\u0411\u0420\u0410\u0417\u041e\u041c',1)
COMMIT
DISCONNECT
/*C301*/SET SCHEMA PUBLIC
INSERT INTO PARSER VALUES(1079,'\u0423\u0427\u0410\u0421\u0422\u041d\u0418\u041a\u041e\u0412',1)
COMMIT
DISCONNECT
/*C302*/SET SCHEMA PUBLIC
INSERT INTO PARSER VALUES(1080,'\u0421\u041e\u0417\u0414\u0410\u0415\u041c',1)
COMMIT
DISCONNECT
/*C303*/SET SCHEMA PUBLIC
INSERT INTO PARSER VALUES(1081,'\u0411\u042b\u0421\u0422\u0420\u041e',7)
COMMIT
DISCONNECT
/*C304*/SET SCHEMA PUBLIC
INSERT INTO PARSER VALUES(1082,'\u041a\u041e\u041c\u0410\u041d\u0414\u042b',4)
COMMIT
DISCONNECT
/*C305*/SET SCHEMA PUBLIC
INSERT INTO PARSER VALUES(1083,'\u0425\u041e\u0420\u041e\u0428\u0423\u042e',1)
COMMIT
DISCONNECT
/*C306*/SET SCHEMA PUBLIC
INSERT INTO PARSER VALUES(1084,'\u0410',1)
COMMIT
DISCONNECT
/*C307*/SET SCHEMA PUBLIC
INSERT INTO PARSER VALUES(1085,'\u0412',34)
COMMIT
DISCONNECT
/*C308*/SET SCHEMA PUBLIC
INSERT INTO PARSER VALUES(1086,'\u0418\u041d\u041d\u041e\u0412\u0410\u0426\u0418\u041e\u041d\u041d\u042b\u0415',1)
COMMIT
DISCONNECT
/*C309*/SET SCHEMA PUBLIC
INSERT INTO PARSER VALUES(1087,'\u041a\u041e\u041c\u0410\u041d\u0414\u0410',5)
COMMIT
DISCONNECT
/*C310*/SET SCHEMA PUBLIC
INSERT INTO PARSER VALUES(1088,'\u0420\u0415\u0410\u041b\u042c\u041d\u041e',1)
COMMIT
DISCONNECT
/*C311*/SET SCHEMA PUBLIC
INSERT INTO PARSER VALUES(1089,'\u0418',41)
COMMIT
DISCONNECT
/*C312*/SET SCHEMA PUBLIC
INSERT INTO PARSER VALUES(1090,'\u041f\u041e\u041d\u0420\u0410\u0412\u0418\u041b\u041e\u0421\u042c',1)
COMMIT
DISCONNECT
/*C313*/SET SCHEMA PUBLIC
INSERT INTO PARSER VALUES(1091,'\u0421\u0415\u0420\u0422\u0418\u0424\u0418\u0426\u0418\u0420\u041e\u0412\u0410\u041d\u041d\u042b\u0425',1)
COMMIT
DISCONNECT
/*C314*/SET SCHEMA PUBLIC
INSERT INTO PARSER VALUES(1092,'\u041f\u041e\u0414',3)
COMMIT
DISCONNECT
/*C315*/SET SCHEMA PUBLIC
INSERT INTO PARSER VALUES(1093,'\u041a',8)
COMMIT
DISCONNECT
/*C316*/SET SCHEMA PUBLIC
INSERT INTO PARSER VALUES(1094,'\u041f\u0420\u0418\u041e\u0420\u0418\u0422\u0415\u0422\u041e\u0412',1)
COMMIT
DISCONNECT
/*C317*/SET SCHEMA PUBLIC
INSERT INTO PARSER VALUES(1095,'\u0413\u0420\u0410\u0424\u0418\u0427\u0415\u0421\u041a\u041e\u041c',1)
COMMIT
DISCONNECT
/*C318*/SET SCHEMA PUBLIC
INSERT INTO PARSER VALUES(1096,'\u0411\u042b\u0421\u0422\u0420\u0415\u0415',1)
COMMIT
DISCONNECT
/*C319*/SET SCHEMA PUBLIC
INSERT INTO PARSER VALUES(1097,'\u0421\u041e',1)
COMMIT
DISCONNECT
/*C320*/SET SCHEMA PUBLIC
INSERT INTO PARSER VALUES(1098,'\u041e',7)
COMMIT
DISCONNECT
/*C321*/SET SCHEMA PUBLIC
INSERT INTO PARSER VALUES(1099,'\u0414\u0415\u0422\u0410\u041b\u042f\u041c',1)
COMMIT
DISCONNECT
/*C322*/SET SCHEMA PUBLIC
INSERT INTO PARSER VALUES(1100,'\u0421\u041c\u041e\u0422\u0420\u0418\u041c',1)
COMMIT
DISCONNECT
/*C323*/SET SCHEMA PUBLIC
INSERT INTO PARSER VALUES(1101,'\u041f\u041e\u0422\u0420\u0415\u0411\u041d\u041e\u0421\u0422\u0418',1)
COMMIT
DISCONNECT
/*C324*/SET SCHEMA PUBLIC
INSERT INTO PARSER VALUES(1102,'\u0412\u0417\u042f\u041b\u0418',1)
COMMIT
DISCONNECT
/*C325*/SET SCHEMA PUBLIC
INSERT INTO PARSER VALUES(1103,'\u0421',16)
COMMIT
DISCONNECT
/*C326*/SET SCHEMA PUBLIC
INSERT INTO PARSER VALUES(1104,'\u0412\u042b\u0421\u041e\u041a\u041e\u0413\u041e',1)
COMMIT
DISCONNECT
/*C327*/SET SCHEMA PUBLIC
INSERT INTO PARSER VALUES(1105,'\u0414\u0415\u0422\u0410\u041b\u042f\u0425',1)
COMMIT
DISCONNECT
/*C328*/SET SCHEMA PUBLIC
INSERT INTO PARSER VALUES(1106,'\u041e\u0422\u041d\u041e\u0428\u0415\u041d\u0418\u042f\u041c\u0418',1)
COMMIT
DISCONNECT
/*C329*/SET SCHEMA PUBLIC
INSERT INTO PARSER VALUES(1107,'\u0412\u0415\u0429\u0415\u0419',1)
COMMIT
DISCONNECT
/*C330*/SET SCHEMA PUBLIC
INSERT INTO PARSER VALUES(1108,'\u041c\u0410\u041a\u0421\u0418\u041c\u0410\u041b\u042c\u041d\u041e',1)
COMMIT
DISCONNECT
/*C331*/SET SCHEMA PUBLIC
INSERT INTO PARSER VALUES(1109,'\u041f\u0420\u041e\u0426\u0415\u0421\u0421',3)
COMMIT
DISCONNECT
/*C332*/SET SCHEMA PUBLIC
INSERT INTO PARSER VALUES(1110,'\u042f',3)
COMMIT
DISCONNECT
/*C333*/SET SCHEMA PUBLIC
INSERT INTO PARSER VALUES(1111,'\u0422\u0415',1)
COMMIT
DISCONNECT
/*C334*/SET SCHEMA PUBLIC
INSERT INTO PARSER VALUES(1112,'\u0421\u041e\u0426\u0418\u0410\u041b\u042c\u041d\u0410\u042f',2)
COMMIT
DISCONNECT
/*C335*/SET SCHEMA PUBLIC
INSERT INTO PARSER VALUES(1113,'\u041e\u041d\u0418',5)
COMMIT
DISCONNECT
/*C336*/SET SCHEMA PUBLIC
INSERT INTO PARSER VALUES(1114,'\u041f\u041e\u0422\u0415\u041d\u0426\u0418\u0410\u041b\u041e\u041c',1)
COMMIT
DISCONNECT
/*C337*/SET SCHEMA PUBLIC
INSERT INTO PARSER VALUES(1115,'\u041e\u0422\u0412\u0415\u0422\u0421\u0422\u0412\u0415\u041d\u041d\u0410\u042f',1)
COMMIT
DISCONNECT
/*C338*/SET SCHEMA PUBLIC
INSERT INTO PARSER VALUES(1116,'\u0417\u0410\u0414\u0410\u0427',6)
COMMIT
DISCONNECT
/*C339*/SET SCHEMA PUBLIC
INSERT INTO PARSER VALUES(1117,'\u042f\u0417\u042b\u041a\u041e\u041c',1)
COMMIT
DISCONNECT
/*C340*/SET SCHEMA PUBLIC
INSERT INTO PARSER VALUES(1118,'\u0423\u0414\u0410\u041b\u041e\u0421\u042c',1)
COMMIT
DISCONNECT
/*C341*/SET SCHEMA PUBLIC
INSERT INTO PARSER VALUES(1119,'\u0422\u041e',1)
COMMIT
DISCONNECT
/*C342*/SET SCHEMA PUBLIC
INSERT INTO PARSER VALUES(1120,'\u0421\u041a\u041e\u0420\u041e\u0421\u0422\u042c\u042e',1)
COMMIT
DISCONNECT
/*C343*/SET SCHEMA PUBLIC
INSERT INTO PARSER VALUES(1121,'\u0423\u0412\u0415\u041b\u0418\u0427\u0415\u041d\u0418\u042f',1)
COMMIT
DISCONNECT
/*C344*/SET SCHEMA PUBLIC
INSERT INTO PARSER VALUES(1122,'\u0426\u0415\u041b\u042f\u0425',1)
COMMIT
DISCONNECT
/*C345*/SET SCHEMA PUBLIC
INSERT INTO PARSER VALUES(1123,'\u0421\u041a\u041e\u041b\u041a\u041e\u0412\u041e',1)
COMMIT
DISCONNECT
/*C346*/SET SCHEMA PUBLIC
INSERT INTO PARSER VALUES(1124,'\u0414\u0415\u041b\u0423',1)
COMMIT
DISCONNECT
/*C347*/SET SCHEMA PUBLIC
INSERT INTO PARSER VALUES(1125,'\u0412\u0415\u0421\u042c',1)
COMMIT
DISCONNECT
/*C348*/SET SCHEMA PUBLIC
INSERT INTO PARSER VALUES(1126,'\u041f\u041e\u0414\u0425\u041e\u0414\u042b',2)
COMMIT
DISCONNECT
/*C349*/SET SCHEMA PUBLIC
INSERT INTO PARSER VALUES(1127,'\u041f\u0420\u041e\u0422\u0415\u0421\u0422\u0418\u0420\u0423\u0415\u041c',1)
COMMIT
DISCONNECT
/*C350*/SET SCHEMA PUBLIC
INSERT INTO PARSER VALUES(1128,'\u041c\u0415\u0421\u042f\u0426',1)
COMMIT
DISCONNECT
/*C351*/SET SCHEMA PUBLIC
INSERT INTO PARSER VALUES(1129,'\u0420\u0415\u041b\u0418\u0417',1)
COMMIT
DISCONNECT
/*C352*/SET SCHEMA PUBLIC
INSERT INTO PARSER VALUES(1130,'\u041d\u0410\u041b\u0418\u0427\u0418\u0418',1)
COMMIT
DISCONNECT
/*C353*/SET SCHEMA PUBLIC
INSERT INTO PARSER VALUES(1131,'\u0421\u0414\u0415\u041b\u0410\u0422\u042c',1)
COMMIT
DISCONNECT
/*C354*/SET SCHEMA PUBLIC
INSERT INTO PARSER VALUES(1132,'\u041f\u0420\u041e\u0428\u041b\u0418',1)
COMMIT
DISCONNECT
/*C355*/SET SCHEMA PUBLIC
INSERT INTO PARSER VALUES(1133,'\u041d\u0410\u0420\u0418\u041c\u0410\u041d\u041e\u0412\u0410',1)
COMMIT
DISCONNECT
/*C356*/SET SCHEMA PUBLIC
INSERT INTO PARSER VALUES(1134,'\u0414\u0415\u0421\u042f\u0422\u041a\u0418',1)
COMMIT
DISCONNECT
/*C357*/SET SCHEMA PUBLIC
INSERT INTO PARSER VALUES(1135,'\u0421\u0422\u0420\u0415\u0421\u0421\u0410',1)
COMMIT
DISCONNECT
/*C358*/SET SCHEMA PUBLIC
INSERT INTO PARSER VALUES(1136,'\u0410\u041b\u042c\u0422\u0415\u0420\u041d\u0410\u0422\u0418\u0412\u041d\u042b\u0415',1)
COMMIT
DISCONNECT
/*C359*/SET SCHEMA PUBLIC
INSERT INTO PARSER VALUES(1137,'SIMBIRSOFT',7)
COMMIT
DISCONNECT
/*C360*/SET SCHEMA PUBLIC
INSERT INTO PARSER VALUES(1138,'\u0414\u0415\u0419\u0421\u0422\u0412\u0418\u0419',1)
COMMIT
DISCONNECT
/*C361*/SET SCHEMA PUBLIC
INSERT INTO PARSER VALUES(1139,'\u0411\u042e\u0414\u0416\u0415\u0422\u0410',1)
COMMIT
DISCONNECT
/*C362*/SET SCHEMA PUBLIC
INSERT INTO PARSER VALUES(1140,'\u0418\u041d\u0412\u0415\u0421\u0422\u0418\u0426\u0418\u0419',1)
COMMIT
DISCONNECT
/*C363*/SET SCHEMA PUBLIC
INSERT INTO PARSER VALUES(1141,'\u0422\u041e\u0427\u041d\u041e',1)
COMMIT
DISCONNECT
/*C364*/SET SCHEMA PUBLIC
INSERT INTO PARSER VALUES(1142,'\u0421\u041f\u041e\u0421\u041e\u0411',1)
COMMIT
DISCONNECT
/*C365*/SET SCHEMA PUBLIC
INSERT INTO PARSER VALUES(1143,'\u0421\u041e\u041e\u0422\u0412\u0415\u0422\u0421\u0422\u0412\u041e\u0412\u0410\u041b',1)
COMMIT
DISCONNECT
/*C366*/SET SCHEMA PUBLIC
INSERT INTO PARSER VALUES(1144,'\u0420\u0415\u0410\u0413\u0418\u0420\u0423\u042e\u0422',2)
COMMIT
DISCONNECT
/*C367*/SET SCHEMA PUBLIC
INSERT INTO PARSER VALUES(1145,'\u0411\u0423\u041a\u0412\u0410\u041b\u042c\u041d\u041e',2)
COMMIT
DISCONNECT
/*C368*/SET SCHEMA PUBLIC
INSERT INTO PARSER VALUES(1146,'ISO',1)
COMMIT
DISCONNECT
/*C369*/SET SCHEMA PUBLIC
INSERT INTO PARSER VALUES(1147,'\u0412\u041e\u0421\u0421\u0422\u0410\u041d\u041e\u0412\u0418\u041c',1)
COMMIT
DISCONNECT
/*C370*/SET SCHEMA PUBLIC
INSERT INTO PARSER VALUES(1148,'\u0411\u0418\u0417\u041d\u0415\u0421\u0410',5)
COMMIT
DISCONNECT
/*C371*/SET SCHEMA PUBLIC
INSERT INTO PARSER VALUES(1149,'\u0427\u0422\u041e\u0411\u042b',5)
COMMIT
DISCONNECT
/*C372*/SET SCHEMA PUBLIC
INSERT INTO PARSER VALUES(1150,'\u0412\u042b\u0425\u041e\u0414\u0410',1)
COMMIT
DISCONNECT
/*C373*/SET SCHEMA PUBLIC
INSERT INTO PARSER VALUES(1151,'\u041d\u0410\u0413\u0420\u0410\u0414\u042b',2)
COMMIT
DISCONNECT
/*C374*/SET SCHEMA PUBLIC
INSERT INTO PARSER VALUES(1152,'\u0418\u041d\u0412\u0415\u0421\u0422\u0418\u0426\u0418\u041e\u041d\u041d\u042b\u0419',1)
COMMIT
DISCONNECT
/*C375*/SET SCHEMA PUBLIC
INSERT INTO PARSER VALUES(1153,'\u0422\u0415\u041a\u0423\u0429\u0423\u042e',1)
COMMIT
DISCONNECT
/*C376*/SET SCHEMA PUBLIC
INSERT INTO PARSER VALUES(1154,'\u041a\u041e\u041c\u041f\u041b\u0415\u041a\u0421\u041d\u042b\u0425',1)
COMMIT
DISCONNECT
/*C377*/SET SCHEMA PUBLIC
INSERT INTO PARSER VALUES(1155,'\u041d\u0423\u0416\u041d\u041e\u0415',1)
COMMIT
DISCONNECT
/*C378*/SET SCHEMA PUBLIC
INSERT INTO PARSER VALUES(1156,'\u0412\u041e\u0412\u0420\u0415\u041c\u042f',2)
COMMIT
DISCONNECT
/*C379*/SET SCHEMA PUBLIC
INSERT INTO PARSER VALUES(1157,'\u0420\u0415\u0428\u0415\u041d\u0418\u042e',3)
COMMIT
DISCONNECT
/*C380*/SET SCHEMA PUBLIC
INSERT INTO PARSER VALUES(1158,'\u0421\u0418\u041c\u0411\u0418\u0420\u0421\u041e\u0424\u0422',4)
COMMIT
DISCONNECT
/*C381*/SET SCHEMA PUBLIC
INSERT INTO PARSER VALUES(1159,'\u0420\u0415\u0428\u0415\u041d\u0418\u042f',4)
COMMIT
DISCONNECT
/*C382*/SET SCHEMA PUBLIC
INSERT INTO PARSER VALUES(1160,'\u041f\u041e\u041c\u041e\u0427\u042c',1)
COMMIT
DISCONNECT
/*C383*/SET SCHEMA PUBLIC
INSERT INTO PARSER VALUES(1161,'FOOD',2)
COMMIT
DISCONNECT
/*C384*/SET SCHEMA PUBLIC
INSERT INTO PARSER VALUES(1162,'\u041d\u0415\u041e\u0411\u0425\u041e\u0414\u0418\u041c\u0410\u042f',1)
COMMIT
DISCONNECT
/*C385*/SET SCHEMA PUBLIC
INSERT INTO PARSER VALUES(1163,'\u0423\u0421\u041f\u0415\u0428\u041d\u041e',1)
COMMIT
DISCONNECT
/*C386*/SET SCHEMA PUBLIC
INSERT INTO PARSER VALUES(1164,'\u041f\u0410\u0420\u0422\u041d\u0415\u0420',1)
COMMIT
DISCONNECT
/*C387*/SET SCHEMA PUBLIC
INSERT INTO PARSER VALUES(1165,'\u0420\u0415\u0410\u041a\u0426\u0418\u042f',1)
COMMIT
DISCONNECT
/*C388*/SET SCHEMA PUBLIC
INSERT INTO PARSER VALUES(1166,'\u0412\u042b\u0413\u041e\u0414\u041d\u041e',1)
COMMIT
DISCONNECT
/*C389*/SET SCHEMA PUBLIC
INSERT INTO PARSER VALUES(1167,'\u041a\u041e\u041c\u041f\u0410\u041d\u0418\u0419',1)
COMMIT
DISCONNECT
/*C390*/SET SCHEMA PUBLIC
INSERT INTO PARSER VALUES(1168,'\u041a\u041e\u041c\u041f\u0410\u041d\u0418\u0418',3)
COMMIT
DISCONNECT
/*C391*/SET SCHEMA PUBLIC
INSERT INTO PARSER VALUES(1169,'\u0426\u0415\u041b\u0415\u0419',1)
COMMIT
DISCONNECT
/*C392*/SET SCHEMA PUBLIC
INSERT INTO PARSER VALUES(1170,'\u0418\u041d\u0424\u041e\u0420\u041c\u0410\u0426\u0418\u042f',1)
COMMIT
DISCONNECT
/*C393*/SET SCHEMA PUBLIC
INSERT INTO PARSER VALUES(1171,'\u042f\u0421\u041d\u041e\u0421\u0422\u042c',1)
COMMIT
DISCONNECT
/*C394*/SET SCHEMA PUBLIC
INSERT INTO PARSER VALUES(1172,'\u0412\u042b\u0421\u041e\u041a\u041e\u041c',2)
COMMIT
DISCONNECT
/*C395*/SET SCHEMA PUBLIC
INSERT INTO PARSER VALUES(1173,'\u0421\u041c\u0415\u041d\u0423',1)
COMMIT
DISCONNECT
/*C396*/SET SCHEMA PUBLIC
INSERT INTO PARSER VALUES(1174,'\u041e\u0424\u0418\u0421',1)
COMMIT
DISCONNECT
/*C397*/SET SCHEMA PUBLIC
INSERT INTO PARSER VALUES(1175,'\u041c\u041e\u0416\u041d\u041e',1)
COMMIT
DISCONNECT
/*C398*/SET SCHEMA PUBLIC
INSERT INTO PARSER VALUES(1176,'\u0421\u0415\u0411\u042f',1)
COMMIT
DISCONNECT
/*C399*/SET SCHEMA PUBLIC
INSERT INTO PARSER VALUES(1177,'\u0421\u0420\u041e\u041a\u0410\u041c',2)
COMMIT
DISCONNECT
/*C400*/SET SCHEMA PUBLIC
INSERT INTO PARSER VALUES(1178,'\u041f\u041e\u0420\u0422\u0424\u041e\u041b\u0418\u041e',2)
COMMIT
DISCONNECT
/*C401*/SET SCHEMA PUBLIC
INSERT INTO PARSER VALUES(1179,'\u041e\u0422\u0414\u0410\u0427\u0423',2)
COMMIT
DISCONNECT
/*C402*/SET SCHEMA PUBLIC
INSERT INTO PARSER VALUES(1180,'\u041e\u0422\u041b\u0418\u0427\u041d\u041e\u0413\u041e',1)
COMMIT
DISCONNECT
/*C403*/SET SCHEMA PUBLIC
INSERT INTO PARSER VALUES(1181,'\u041c\u042b\u0421\u041b\u042f\u0422',1)
COMMIT
DISCONNECT
/*C404*/SET SCHEMA PUBLIC
INSERT INTO PARSER VALUES(1182,'CARES',2)
COMMIT
DISCONNECT
/*C405*/SET SCHEMA PUBLIC
INSERT INTO PARSER VALUES(1183,'\u041e\u0422\u0417\u042b\u0412\u042b',1)
COMMIT
DISCONNECT
/*C406*/SET SCHEMA PUBLIC
INSERT INTO PARSER VALUES(1184,'\u041f\u041e\u0414\u0413\u041e\u0422\u041e\u0412\u041a\u0418',1)
COMMIT
DISCONNECT
/*C407*/SET SCHEMA PUBLIC
INSERT INTO PARSER VALUES(1185,'\u0414\u0415\u041d\u042c\u0413\u0418',1)
COMMIT
DISCONNECT
/*C408*/SET SCHEMA PUBLIC
INSERT INTO PARSER VALUES(1186,'\u041f\u0420\u0415\u0414\u0421\u041a\u0410\u0417\u0423\u0415\u041c\u042b\u0415',1)
COMMIT
DISCONNECT
/*C409*/SET SCHEMA PUBLIC
INSERT INTO PARSER VALUES(1187,'\u041f\u041e\u041b\u0410\u0413\u0410\u041b\u0418\u0421\u042c',1)
COMMIT
DISCONNECT
/*C410*/SET SCHEMA PUBLIC
INSERT INTO PARSER VALUES(1188,'\u0426\u0415\u041d\u0418\u041c',2)
COMMIT
DISCONNECT
/*C411*/SET SCHEMA PUBLIC
INSERT INTO PARSER VALUES(1189,'\u0423\u0412\u0415\u0420\u0415\u041d\u041d\u041e\u0421\u0422\u042c\u042e',1)
COMMIT
DISCONNECT
/*C412*/SET SCHEMA PUBLIC
INSERT INTO PARSER VALUES(1190,'\u0427\u0410\u0421\u0422\u042c\u042e',1)
COMMIT
DISCONNECT
/*C413*/SET SCHEMA PUBLIC
INSERT INTO PARSER VALUES(1191,'\u041a\u041e\u041c\u041f\u0410\u041d\u0418\u042f',2)
COMMIT
DISCONNECT
/*C414*/SET SCHEMA PUBLIC
INSERT INTO PARSER VALUES(1192,'\u0414\u041e\u0411\u0420\u041e\u0416\u0415\u041b\u0410\u0422\u0415\u041b\u042c\u041d\u042b\u0415',1)
COMMIT
DISCONNECT
/*C415*/SET SCHEMA PUBLIC
INSERT INTO PARSER VALUES(1193,'\u0420\u0415\u0428\u0418\u041b\u0418',1)
COMMIT
DISCONNECT
/*C416*/SET SCHEMA PUBLIC
INSERT INTO PARSER VALUES(1194,'COOKIE',1)
COMMIT
DISCONNECT
/*C417*/SET SCHEMA PUBLIC
INSERT INTO PARSER VALUES(1195,'\u0421\u041f\u0420\u0410\u0412\u0418\u041b\u0410\u0421\u042c',1)
COMMIT
DISCONNECT
/*C418*/SET SCHEMA PUBLIC
INSERT INTO PARSER VALUES(1196,'\u0421\u041e\u041e\u0422\u0412\u0415\u0422\u0421\u0422\u0412\u0418\u0418',1)
COMMIT
DISCONNECT
/*C419*/SET SCHEMA PUBLIC
INSERT INTO PARSER VALUES(1197,'\u041c\u0415\u0414\u0418\u0426\u0418\u041d\u0421\u041a\u041e\u0419',2)
COMMIT
DISCONNECT
/*C420*/SET SCHEMA PUBLIC
INSERT INTO PARSER VALUES(1198,'\u0421\u0415\u0420\u0412\u0418\u0421\u0410',1)
COMMIT
DISCONNECT
/*C421*/SET SCHEMA PUBLIC
INSERT INTO PARSER VALUES(1199,'\u0424\u041b\u0410\u0413\u041c\u0410\u041d\u0421\u041a\u041e\u0413\u041e',1)
COMMIT
DISCONNECT
/*C422*/SET SCHEMA PUBLIC
INSERT INTO PARSER VALUES(1200,'\u0421\u0415\u0411\u0415',1)
COMMIT
DISCONNECT
/*C423*/SET SCHEMA PUBLIC
INSERT INTO PARSER VALUES(1201,'\u042d\u041a\u0421\u041f\u0415\u0420\u0422\u0418\u0417\u0410',1)
COMMIT
DISCONNECT
/*C424*/SET SCHEMA PUBLIC
INSERT INTO PARSER VALUES(1202,'\u0421\u041b\u042b\u0428\u0410\u0422',1)
COMMIT
DISCONNECT
/*C425*/SET SCHEMA PUBLIC
INSERT INTO PARSER VALUES(1203,'\u0412\u042b\u041f\u041e\u041b\u041d\u042f\u041b\u0418\u0421\u042c',1)
COMMIT
DISCONNECT
/*C426*/SET SCHEMA PUBLIC
INSERT INTO PARSER VALUES(1204,'\u0417\u0410\u041a\u0410\u0417\u0427\u0418\u041a\u0410',2)
COMMIT
DISCONNECT
/*C427*/SET SCHEMA PUBLIC
INSERT INTO PARSER VALUES(1205,'\u041f\u0420\u041e\u0414\u0423\u041a\u0422\u0410\u041c\u0418',1)
COMMIT
DISCONNECT
/*C428*/SET SCHEMA PUBLIC
INSERT INTO PARSER VALUES(1206,'\u0412\u0421\u0415\u0425',1)
COMMIT
DISCONNECT
/*C429*/SET SCHEMA PUBLIC
INSERT INTO PARSER VALUES(1207,'\u0427\u0418\u0422\u0410\u0422\u042c',1)
COMMIT
DISCONNECT
/*C430*/SET SCHEMA PUBLIC
INSERT INTO PARSER VALUES(1208,'\u0421\u0428\u0410',1)
COMMIT
DISCONNECT
/*C431*/SET SCHEMA PUBLIC
INSERT INTO PARSER VALUES(1209,'\u0414\u0410\u042e\u0422',1)
COMMIT
DISCONNECT
/*C432*/SET SCHEMA PUBLIC
INSERT INTO PARSER VALUES(1210,'\u0423\u0412\u0418\u0414\u0415\u041b\u0418',1)
COMMIT
DISCONNECT
/*C433*/SET SCHEMA PUBLIC
INSERT INTO PARSER VALUES(1211,'\u0422\u0415\u0427\u0415\u041d\u0418\u0415',1)
COMMIT
DISCONNECT
/*C434*/SET SCHEMA PUBLIC
INSERT INTO PARSER VALUES(1212,'\u041e\u0422\u0412\u0415\u0422\u0421\u0422\u0412\u0415\u041d\u041d\u042b\u0415',1)
COMMIT
DISCONNECT
/*C435*/SET SCHEMA PUBLIC
INSERT INTO PARSER VALUES(1213,'\u042f\u0417\u042b\u041a',1)
COMMIT
DISCONNECT
/*C436*/SET SCHEMA PUBLIC
INSERT INTO PARSER VALUES(1214,'\u041e\u0422\u041d\u041e\u0428\u0415\u041d\u0418\u0419',1)
COMMIT
DISCONNECT
/*C437*/SET SCHEMA PUBLIC
INSERT INTO PARSER VALUES(1215,'\u041a\u041e\u0420\u0420\u0415\u041a\u0422\u041d\u041e\u0415',1)
COMMIT
DISCONNECT
/*C438*/SET SCHEMA PUBLIC
INSERT INTO PARSER VALUES(1216,'\u0412\u042b\u041f\u041e\u041b\u041d\u0418\u041b\u0418',2)
COMMIT
DISCONNECT
/*C439*/SET SCHEMA PUBLIC
INSERT INTO PARSER VALUES(1217,'\u041f\u0420\u041e\u0415\u041a\u0422\u041e\u0412',3)
COMMIT
DISCONNECT
/*C440*/SET SCHEMA PUBLIC
INSERT INTO PARSER VALUES(1218,'\u041a\u0410\u0427\u0415\u0421\u0422\u0412\u0410',5)
COMMIT
DISCONNECT
/*C441*/SET SCHEMA PUBLIC
INSERT INTO PARSER VALUES(1219,'\u0422\u0415\u0425\u041f\u041e\u0414\u0414\u0415\u0420\u0416\u041a\u0410',2)
COMMIT
DISCONNECT
/*C442*/SET SCHEMA PUBLIC
INSERT INTO PARSER VALUES(1220,'\u0420\u0410\u0417\u0420\u0410\u0411\u041e\u0422\u0410\u041b\u0418',3)
COMMIT
DISCONNECT
/*C443*/SET SCHEMA PUBLIC
INSERT INTO PARSER VALUES(1221,'\u042d\u041a\u0421\u041f\u0415\u0420\u0422\u041e\u0412',1)
COMMIT
DISCONNECT
/*C444*/SET SCHEMA PUBLIC
INSERT INTO PARSER VALUES(1222,'\u041f\u041e\u0414\u0420\u041e\u0411\u041d\u0415\u0415',1)
COMMIT
DISCONNECT
/*C445*/SET SCHEMA PUBLIC
INSERT INTO PARSER VALUES(1223,'\u041e\u0422\u0412\u0415\u0422\u0421\u0422\u0412\u0415\u041d\u041d\u042b\u0425',1)
COMMIT
DISCONNECT
/*C446*/SET SCHEMA PUBLIC
INSERT INTO PARSER VALUES(1224,'\u041e\u0411\u041b\u0410\u0421\u0422\u042c',1)
COMMIT
DISCONNECT
/*C447*/SET SCHEMA PUBLIC
INSERT INTO PARSER VALUES(1225,'\u041c\u0418\u0420\u041e\u0412\u041e\u0413\u041e',1)
COMMIT
DISCONNECT
/*C448*/SET SCHEMA PUBLIC
INSERT INTO PARSER VALUES(1226,'\u041d\u0410\u0427\u0410\u0422\u042c',1)
COMMIT
DISCONNECT
/*C449*/SET SCHEMA PUBLIC
INSERT INTO PARSER VALUES(1227,'\u041f\u0420\u041e\u0415\u041a\u0422',3)
COMMIT
DISCONNECT
/*C450*/SET SCHEMA PUBLIC
INSERT INTO PARSER VALUES(1228,'\u0421\u041a\u041e\u0420\u041e\u0421\u0422\u0418',1)
COMMIT
DISCONNECT
/*C451*/SET SCHEMA PUBLIC
INSERT INTO PARSER VALUES(1229,'\u0418\u0421\u041a\u0420\u0415\u041d\u041d\u0415',1)
COMMIT
DISCONNECT
/*C452*/SET SCHEMA PUBLIC
INSERT INTO PARSER VALUES(1230,'\u041a\u0410\u0427\u0415\u0421\u0422\u0412\u041e',1)
COMMIT
DISCONNECT
/*C453*/SET SCHEMA PUBLIC
INSERT INTO PARSER VALUES(1231,'\u0417\u0410\u0411\u041e\u0422\u042f\u0422\u0421\u042f',1)
COMMIT
DISCONNECT
/*C454*/SET SCHEMA PUBLIC
INSERT INTO PARSER VALUES(1232,'\u0412\u041e\u0428\u041b\u0410',1)
COMMIT
DISCONNECT
/*C455*/SET SCHEMA PUBLIC
INSERT INTO PARSER VALUES(1233,'\u0414\u0415\u041c\u041e\u041d\u0421\u0422\u0420\u0410\u0426\u0418\u041e\u041d\u041d\u042b\u0415',1)
COMMIT
DISCONNECT
/*C456*/SET SCHEMA PUBLIC
INSERT INTO PARSER VALUES(1234,'\u0412\u041a\u041b\u042e\u0427\u0418\u041b\u0418\u0421\u042c',1)
COMMIT
DISCONNECT
/*C457*/SET SCHEMA PUBLIC
INSERT INTO PARSER VALUES(1235,'\u041a\u0410\u0427\u0415\u0421\u0422\u0412\u0423',1)
COMMIT
DISCONNECT
/*C458*/SET SCHEMA PUBLIC
INSERT INTO PARSER VALUES(1236,'\u0420\u0410\u0423\u041d\u0414',1)
COMMIT
DISCONNECT
/*C459*/SET SCHEMA PUBLIC
INSERT INTO PARSER VALUES(1237,'\u041d\u0415\u0414\u0415\u041b\u042c',1)
COMMIT
DISCONNECT
/*C460*/SET SCHEMA PUBLIC
INSERT INTO PARSER VALUES(1238,'\u0415\u0416\u0415\u041d\u0415\u0414\u0415\u041b\u042c\u041d\u041e',1)
COMMIT
DISCONNECT
/*C461*/SET SCHEMA PUBLIC
INSERT INTO PARSER VALUES(1239,'\u041e\u041f\u0418\u0420\u0410\u041b\u0418\u0421\u042c',1)
COMMIT
DISCONNECT
/*C462*/SET SCHEMA PUBLIC
INSERT INTO PARSER VALUES(1240,'\u041f\u0420\u0418\u041b\u041e\u0416\u0415\u041d\u0418\u0415',1)
COMMIT
DISCONNECT
/*C463*/SET SCHEMA PUBLIC
INSERT INTO PARSER VALUES(1241,'\u041f\u0420\u0418\u041b\u041e\u0416\u0415\u041d\u0418\u0419',1)
COMMIT
DISCONNECT
/*C464*/SET SCHEMA PUBLIC
INSERT INTO PARSER VALUES(1242,'\u041f\u0420\u0418\u041b\u041e\u0416\u0415\u041d\u0418\u042f',1)
COMMIT
DISCONNECT
/*C465*/SET SCHEMA PUBLIC
INSERT INTO PARSER VALUES(1243,'\u0422\u0415\u0421\u0422\u0418\u0420\u041e\u0412\u0410\u041d\u0418\u042e',1)
COMMIT
DISCONNECT
/*C466*/SET SCHEMA PUBLIC
INSERT INTO PARSER VALUES(1244,'\u0420\u0410\u0417\u0420\u0410\u0411\u041e\u0422\u041a\u0418',9)
COMMIT
DISCONNECT
/*C467*/SET SCHEMA PUBLIC
INSERT INTO PARSER VALUES(1245,'\u041a\u041e\u0420\u041e\u0422\u041a\u0418\u0415',1)
COMMIT
DISCONNECT
/*C468*/SET SCHEMA PUBLIC
INSERT INTO PARSER VALUES(1246,'\u041f\u0420\u041e\u0424\u0415\u0421\u0421\u0418\u041e\u041d\u0410\u041b\u042c\u041d\u0423\u042e',1)
COMMIT
DISCONNECT
/*C469*/SET SCHEMA PUBLIC
INSERT INTO PARSER VALUES(1247,'\u0424\u0410\u0419\u041b\u042b',1)
COMMIT
DISCONNECT
/*C470*/SET SCHEMA PUBLIC
INSERT INTO PARSER VALUES(1248,'\u0420\u0410\u0417\u0420\u0410\u0411\u041e\u0422\u041a\u0415',6)
COMMIT
DISCONNECT
/*C471*/SET SCHEMA PUBLIC
INSERT INTO PARSER VALUES(1249,'\u041e\u0416\u0418\u0414\u0410\u041d\u0418\u042f',3)
COMMIT
DISCONNECT
/*C472*/SET SCHEMA PUBLIC
INSERT INTO PARSER VALUES(1250,'\u0427\u0415\u041c',1)
COMMIT
DISCONNECT
/*C473*/SET SCHEMA PUBLIC
INSERT INTO PARSER VALUES(1251,'\u041f\u0420\u0418\u041e\u0411\u0420\u0415\u0422\u0410\u0415\u0422\u0415',1)
COMMIT
DISCONNECT
/*C474*/SET SCHEMA PUBLIC
INSERT INTO PARSER VALUES(1252,'\u0413\u041b\u0410\u0412\u041d\u042b\u0419',1)
COMMIT
DISCONNECT
/*C475*/SET SCHEMA PUBLIC
INSERT INTO PARSER VALUES(1253,'\u0410\u0414\u0410\u041f\u0422\u0418\u0420\u041e\u0412\u0410\u041b\u0418',1)
COMMIT
DISCONNECT
/*C476*/SET SCHEMA PUBLIC
INSERT INTO PARSER VALUES(1254,'\u0411\u0410\u041d\u041a\u041e\u0412',2)
COMMIT
DISCONNECT
/*C477*/SET SCHEMA PUBLIC
INSERT INTO PARSER VALUES(1255,'\u0414\u0418\u0417\u0410\u0419\u041d\u0410',1)
COMMIT
DISCONNECT
/*C478*/SET SCHEMA PUBLIC
INSERT INTO PARSER VALUES(1256,'\u0414\u041e\u0412\u041e\u041b\u0415\u041d',1)
COMMIT
DISCONNECT
/*C479*/SET SCHEMA PUBLIC
INSERT INTO PARSER VALUES(1257,'\u0425\u041e\u0414\u0410',1)
COMMIT
DISCONNECT
/*C480*/SET SCHEMA PUBLIC
INSERT INTO PARSER VALUES(1258,'\u041f\u041e\u0422\u0420\u0415\u0411\u041d\u041e\u0421\u0422\u0415\u0419',1)
COMMIT
DISCONNECT
/*C481*/SET SCHEMA PUBLIC
INSERT INTO PARSER VALUES(1259,'\u041a\u0410\u0427\u0415\u0421\u0422\u0412\u0415\u041d\u041d\u041e',2)
COMMIT
DISCONNECT
/*C482*/SET SCHEMA PUBLIC
INSERT INTO PARSER VALUES(1260,'\u0425\u041e\u0414\u0415',1)
COMMIT
DISCONNECT
/*C483*/SET SCHEMA PUBLIC
INSERT INTO PARSER VALUES(1261,'\u0423\u0421\u041b\u041e\u0412\u0418\u042f',1)
COMMIT
DISCONNECT
/*C484*/SET SCHEMA PUBLIC
INSERT INTO PARSER VALUES(1262,'IT',3)
COMMIT
DISCONNECT
/*C485*/SET SCHEMA PUBLIC
INSERT INTO PARSER VALUES(1263,'\u0411\u042b\u041b',2)
COMMIT
DISCONNECT
/*C486*/SET SCHEMA PUBLIC
INSERT INTO PARSER VALUES(1264,'\u041e\u041f\u042b\u0422',3)
COMMIT
DISCONNECT
/*C487*/SET SCHEMA PUBLIC
INSERT INTO PARSER VALUES(1265,'\u0412\u042b\u0411\u0420\u0410\u041b\u0418',1)
COMMIT
DISCONNECT
/*C488*/SET SCHEMA PUBLIC
INSERT INTO PARSER VALUES(1266,'\u0414\u0415\u041b\u0410\u042e\u0422',1)
COMMIT
DISCONNECT
/*C489*/SET SCHEMA PUBLIC
INSERT INTO PARSER VALUES(1267,'ANDROID',1)
COMMIT
DISCONNECT
/*C490*/SET SCHEMA PUBLIC
INSERT INTO PARSER VALUES(1268,'\u041e\u0411\u0415\u0421\u041f\u0415\u0427\u0418\u0422\u042c',1)
COMMIT
DISCONNECT
/*C491*/SET SCHEMA PUBLIC
INSERT INTO PARSER VALUES(1269,'JAVASCRIPT',1)
COMMIT
DISCONNECT
/*C492*/SET SCHEMA PUBLIC
INSERT INTO PARSER VALUES(1270,'\u041c\u0415\u041d\u0415\u0414\u0416\u041c\u0415\u041d\u0422',2)
COMMIT
DISCONNECT
/*C493*/SET SCHEMA PUBLIC
INSERT INTO PARSER VALUES(1271,'\u041f\u0420\u0415\u0414\u041b\u0410\u0413\u0410\u042e\u0422',2)
COMMIT
DISCONNECT
/*C494*/SET SCHEMA PUBLIC
INSERT INTO PARSER VALUES(1272,'\u041e\u041f\u0415\u0420\u0410\u0422\u0418\u0412\u041d\u041e',2)
COMMIT
DISCONNECT
/*C495*/SET SCHEMA PUBLIC
INSERT INTO PARSER VALUES(1273,'\u0412\u0418\u0414\u0418\u0422\u0415',2)
COMMIT
DISCONNECT
/*C496*/SET SCHEMA PUBLIC
INSERT INTO PARSER VALUES(1274,'PYTHON',1)
COMMIT
DISCONNECT
/*C497*/SET SCHEMA PUBLIC
INSERT INTO PARSER VALUES(1275,'\u041f\u0420\u041e\u0414\u0423\u041a\u0422',8)
COMMIT
DISCONNECT
/*C498*/SET SCHEMA PUBLIC
INSERT INTO PARSER VALUES(1276,'\u0412\u042b\u0414\u0415\u041b\u0415\u041d\u041d\u042b\u0419',1)
COMMIT
DISCONNECT
/*C499*/SET SCHEMA PUBLIC
INSERT INTO PARSER VALUES(1277,'\u0412\u0410\u041a\u0410\u041d\u0421\u0418\u0418',1)
COMMIT
DISCONNECT
/*C500*/SET SCHEMA PUBLIC
INSERT INTO PARSER VALUES(1278,'\u0412\u0418\u0414\u0415\u041b\u0418',1)
COMMIT
DISCONNECT
/*C501*/SET SCHEMA PUBLIC
INSERT INTO PARSER VALUES(1279,'\u0421\u041e\u0422\u0420\u0423\u0414\u041d\u0418\u0427\u0410\u0422\u042c',1)
COMMIT
DISCONNECT
/*C502*/SET SCHEMA PUBLIC
INSERT INTO PARSER VALUES(1280,'\u041e\u0426\u0415\u041d\u041a\u0410',2)
COMMIT
DISCONNECT
/*C503*/SET SCHEMA PUBLIC
INSERT INTO PARSER VALUES(1281,'\u0412\u041e\u0412\u041b\u0415\u0427\u0415\u041d\u041d\u041e\u0421\u0422\u042c',1)
COMMIT
DISCONNECT
/*C504*/SET SCHEMA PUBLIC
INSERT INTO PARSER VALUES(1282,'\u041c\u041e\u0411\u0418\u041b\u042c\u041d\u041e\u0419',1)
COMMIT
DISCONNECT
/*C505*/SET SCHEMA PUBLIC
INSERT INTO PARSER VALUES(1283,'\u0423\u0414\u0415\u041b\u042f\u042e\u0422',1)
COMMIT
DISCONNECT
/*C506*/SET SCHEMA PUBLIC
INSERT INTO PARSER VALUES(1284,'\u041e\u0422\u0420\u0410\u0421\u041b\u0418',1)
COMMIT
DISCONNECT
/*C507*/SET SCHEMA PUBLIC
INSERT INTO PARSER VALUES(1285,'\u0423\u0421\u0418\u041b\u0418\u0422\u042c',1)
COMMIT
DISCONNECT
/*C508*/SET SCHEMA PUBLIC
INSERT INTO PARSER VALUES(1286,'\u0412\u042b\u0421\u041e\u041a\u0418\u041c',1)
COMMIT
DISCONNECT
/*C509*/SET SCHEMA PUBLIC
INSERT INTO PARSER VALUES(1287,'\u041c\u041e\u0411\u0418\u041b\u042c\u041d\u041e\u0415',1)
COMMIT
DISCONNECT
/*C510*/SET SCHEMA PUBLIC
INSERT INTO PARSER VALUES(1288,'\u041a\u041b\u042e\u0427',2)
COMMIT
DISCONNECT
/*C511*/SET SCHEMA PUBLIC
INSERT INTO PARSER VALUES(1289,'SHOPCHAT',2)
COMMIT
DISCONNECT
/*C512*/SET SCHEMA PUBLIC
INSERT INTO PARSER VALUES(1290,'PHP',1)
COMMIT
DISCONNECT
/*C513*/SET SCHEMA PUBLIC
INSERT INTO PARSER VALUES(1291,'\u0412\u042b\u0421\u041e\u041a\u0418\u0419',1)
COMMIT
DISCONNECT
/*C514*/SET SCHEMA PUBLIC
INSERT INTO PARSER VALUES(1292,'\u0414\u0412\u0410',2)
COMMIT
DISCONNECT
/*C515*/SET SCHEMA PUBLIC
INSERT INTO PARSER VALUES(1293,'\u0412\u042b\u0421\u041e\u041a\u0418\u0415',2)
COMMIT
DISCONNECT
/*C516*/SET SCHEMA PUBLIC
INSERT INTO PARSER VALUES(1294,'\u041e\u0426\u0415\u041d\u041a\u0415',1)
COMMIT
DISCONNECT
/*C517*/SET SCHEMA PUBLIC
INSERT INTO PARSER VALUES(1295,'COM',2)
COMMIT
DISCONNECT
/*C518*/SET SCHEMA PUBLIC
INSERT INTO PARSER VALUES(1296,'\u0423\u0421\u041f\u0415\u0428\u041d\u042b\u041c',1)
COMMIT
DISCONNECT
/*C519*/SET SCHEMA PUBLIC
INSERT INTO PARSER VALUES(1297,'\u041f\u041e\u041b\u0423\u0427\u0418\u041b\u0418',5)
COMMIT
DISCONNECT
/*C520*/SET SCHEMA PUBLIC
INSERT INTO PARSER VALUES(1298,'\u0418\u041c\u0415\u041d\u041d\u041e',1)
COMMIT
DISCONNECT
/*C521*/SET SCHEMA PUBLIC
INSERT INTO PARSER VALUES(1299,'\u0421\u041f\u0415\u0426\u0418\u0410\u041b\u0418\u0421\u0422\u041e\u0412',4)
COMMIT
DISCONNECT
/*C522*/SET SCHEMA PUBLIC
INSERT INTO PARSER VALUES(1300,'\u0421\u0412\u0415\u0420\u041d\u0423\u0422',1)
COMMIT
DISCONNECT
/*C523*/SET SCHEMA PUBLIC
INSERT INTO PARSER VALUES(1301,'\u0411\u0415\u0417\u041e\u041f\u0410\u0421\u041d\u041e\u0421\u0422\u042c',1)
COMMIT
DISCONNECT
/*C524*/SET SCHEMA PUBLIC
INSERT INTO PARSER VALUES(1302,'\u0412\u041d\u0418\u041c\u0410\u041d\u0418\u0415',1)
COMMIT
DISCONNECT
/*C525*/SET SCHEMA PUBLIC
INSERT INTO PARSER VALUES(1303,'\u0420\u0415\u0410\u041b\u0418\u0417\u041e\u0412\u0410\u041b\u0418',1)
COMMIT
DISCONNECT
/*C526*/SET SCHEMA PUBLIC
INSERT INTO PARSER VALUES(1304,'\u0413\u0420\u0410\u041d\u0422',1)
COMMIT
DISCONNECT
/*C527*/SET SCHEMA PUBLIC
INSERT INTO PARSER VALUES(1305,'\u0412\u0410\u0428\u0418\u0425',2)
COMMIT
DISCONNECT
/*C528*/SET SCHEMA PUBLIC
INSERT INTO PARSER VALUES(1306,'\u041f\u041e\u0427\u0415\u041c\u0423',1)
COMMIT
DISCONNECT
/*C529*/SET SCHEMA PUBLIC
INSERT INTO PARSER VALUES(1307,'\u041d\u0415\u0421\u041a\u041e\u041b\u042c\u041a\u041e',3)
COMMIT
DISCONNECT
/*C530*/SET SCHEMA PUBLIC
INSERT INTO PARSER VALUES(1308,'\u041f\u0420\u0415\u041a\u0420\u0410\u0421\u041d\u041e',1)
COMMIT
DISCONNECT
/*C531*/SET SCHEMA PUBLIC
INSERT INTO PARSER VALUES(1309,'\u041f\u0420\u041e\u0413\u0420\u0410\u041c\u041c\u041d\u042b\u0415',1)
COMMIT
DISCONNECT
/*C532*/SET SCHEMA PUBLIC
INSERT INTO PARSER VALUES(1310,'WWW',1)
COMMIT
DISCONNECT
/*C533*/SET SCHEMA PUBLIC
INSERT INTO PARSER VALUES(1311,'\u0422\u0420\u0415\u0411\u041e\u0412\u0410\u041d\u0418\u042f',3)
COMMIT
DISCONNECT
/*C534*/SET SCHEMA PUBLIC
INSERT INTO PARSER VALUES(1312,'\u041d\u0415\u0414\u0415\u041b\u0418',1)
COMMIT
DISCONNECT
/*C535*/SET SCHEMA PUBLIC
INSERT INTO PARSER VALUES(1313,'NET',1)
COMMIT
DISCONNECT
/*C536*/SET SCHEMA PUBLIC
INSERT INTO PARSER VALUES(1314,'\u0410\u0413\u0415\u041d\u0422\u0421\u0422\u0412\u0410',1)
COMMIT
DISCONNECT
/*C537*/SET SCHEMA PUBLIC
INSERT INTO PARSER VALUES(1315,'THAT',2)
COMMIT
DISCONNECT
/*C538*/SET SCHEMA PUBLIC
INSERT INTO PARSER VALUES(1316,'\u041f\u0420\u0415\u0414\u0415\u041b\u042c\u041d\u041e',1)
COMMIT
DISCONNECT
/*C539*/SET SCHEMA PUBLIC
INSERT INTO PARSER VALUES(1317,'\u041a\u041b\u0418\u0415\u041d\u0422\u041e\u041e\u0420\u0418\u0415\u041d\u0422\u0418\u0420\u041e\u0412\u0410\u041d\u041d\u041e\u0419',1)
COMMIT
DISCONNECT
/*C540*/SET SCHEMA PUBLIC
INSERT INTO PARSER VALUES(1318,'\u041e\u0416\u0418\u0414\u0410\u041d\u0418\u042f\u041c',2)
COMMIT
DISCONNECT
/*C541*/SET SCHEMA PUBLIC
INSERT INTO PARSER VALUES(1319,'\u041f\u041e\u0421\u0422\u0410\u0412\u041b\u0415\u041d\u041d\u042b\u0415',1)
COMMIT
DISCONNECT
/*C542*/SET SCHEMA PUBLIC
INSERT INTO PARSER VALUES(1320,'\u0420\u041e\u0421\u0421\u0418\u0419\u0421\u041a\u0418\u0425',1)
COMMIT
DISCONNECT
/*C543*/SET SCHEMA PUBLIC
INSERT INTO PARSER VALUES(1321,'\u0425\u041e\u0427\u0415\u0422',1)
COMMIT
DISCONNECT
/*C544*/SET SCHEMA PUBLIC
INSERT INTO PARSER VALUES(1322,'\u041c\u0415\u041d\u0415\u0414\u0416\u0415\u0420',1)
COMMIT
DISCONNECT
/*C545*/SET SCHEMA PUBLIC
INSERT INTO PARSER VALUES(1323,'\u0421\u0414\u0415\u041b\u0410\u0415\u041c',1)
COMMIT
DISCONNECT
/*C546*/SET SCHEMA PUBLIC
INSERT INTO PARSER VALUES(1324,'\u0412\u0410\u041c',1)
COMMIT
DISCONNECT
/*C547*/SET SCHEMA PUBLIC
INSERT INTO PARSER VALUES(1325,'\u0411\u041e\u041b\u0415\u0415',1)
COMMIT
DISCONNECT
/*C548*/SET SCHEMA PUBLIC
INSERT INTO PARSER VALUES(1326,'\u041f\u041e\u0414\u041a\u041b\u042e\u0427\u0418\u041b\u0418',1)
COMMIT
DISCONNECT
/*C549*/SET SCHEMA PUBLIC
INSERT INTO PARSER VALUES(1327,'\u041f\u0420\u0415\u0412\u0417\u041e\u0428\u041b\u0418',2)
COMMIT
DISCONNECT
/*C550*/SET SCHEMA PUBLIC
INSERT INTO PARSER VALUES(1328,'\u041f\u0420\u0415\u0414\u041e\u0421\u0422\u0410\u0412\u0418\u0422\u042c',1)
COMMIT
DISCONNECT
/*C551*/SET SCHEMA PUBLIC
INSERT INTO PARSER VALUES(1329,'\u041a\u0410\u041a\u0418\u041c\u0418',1)
COMMIT
DISCONNECT
/*C552*/SET SCHEMA PUBLIC
INSERT INTO PARSER VALUES(1330,'\u042d\u0422\u041e\u0413\u041e',1)
COMMIT
DISCONNECT
/*C553*/SET SCHEMA PUBLIC
INSERT INTO PARSER VALUES(1331,'\u0420\u0410\u0417\u0420\u0410\u0411\u041e\u0422\u0410\u0422\u042c',2)
COMMIT
DISCONNECT
/*C554*/SET SCHEMA PUBLIC
INSERT INTO PARSER VALUES(1332,'\u0412\u042b\u041f\u041e\u041b\u041d\u0415\u041d\u0418\u0415',1)
COMMIT
DISCONNECT
/*C555*/SET SCHEMA PUBLIC
INSERT INTO PARSER VALUES(1333,'\u041f\u041e\u041b\u0423\u0427\u0410\u0415\u0422\u0415',2)
COMMIT
DISCONNECT
/*C556*/SET SCHEMA PUBLIC
INSERT INTO PARSER VALUES(1334,'\u0417\u0410\u041a\u0410\u0417',1)
COMMIT
DISCONNECT
/*C557*/SET SCHEMA PUBLIC
INSERT INTO PARSER VALUES(1335,'\u0412\u0410\u0420\u0418\u0410\u041d\u0422\u042b',2)
COMMIT
DISCONNECT
/*C558*/SET SCHEMA PUBLIC
INSERT INTO PARSER VALUES(1336,'\u041a\u041b\u0418\u0415\u041d\u0422',1)
COMMIT
DISCONNECT
/*C559*/SET SCHEMA PUBLIC
INSERT INTO PARSER VALUES(1337,'\u0421\u041e\u0413\u041b\u0410\u0421\u0418\u0415',1)
COMMIT
DISCONNECT
/*C560*/SET SCHEMA PUBLIC
INSERT INTO PARSER VALUES(1338,'\u0422\u0420\u0415\u0411\u041e\u0412\u0410\u041d\u0418\u042f\u041c',1)
COMMIT
DISCONNECT
/*C561*/SET SCHEMA PUBLIC
INSERT INTO PARSER VALUES(1339,'\u0413\u0418\u0411\u041a\u0418\u0419',1)
COMMIT
DISCONNECT
/*C562*/SET SCHEMA PUBLIC
INSERT INTO PARSER VALUES(1340,'\u0423\u0414\u0418\u0412\u041b\u042f\u0415\u0422',1)
COMMIT
DISCONNECT
/*C563*/SET SCHEMA PUBLIC
INSERT INTO PARSER VALUES(1341,'\u041c\u0410\u041a\u0421\u0418\u041c\u0410\u041b\u042c\u041d\u0423\u042e',1)
COMMIT
DISCONNECT
/*C564*/SET SCHEMA PUBLIC
INSERT INTO PARSER VALUES(1342,'\u041c\u041e\u0416\u0415\u041c',2)
COMMIT
DISCONNECT
/*C565*/SET SCHEMA PUBLIC
INSERT INTO PARSER VALUES(1343,'\u0420\u0410\u0411\u041e\u0422',4)
COMMIT
DISCONNECT
/*C566*/SET SCHEMA PUBLIC
INSERT INTO PARSER VALUES(1344,'\u0412\u042b\u0418\u0413\u0420\u0410\u041b\u0418',1)
COMMIT
DISCONNECT
/*C567*/SET SCHEMA PUBLIC
INSERT INTO PARSER VALUES(1345,'\u041c\u0410\u0420\u041a\u0418\u0420\u041e\u0412\u041a\u0418',1)
COMMIT
DISCONNECT
/*C568*/SET SCHEMA PUBLIC
INSERT INTO PARSER VALUES(1346,'\u041d\u0418\u041c\u0418',2)
COMMIT
DISCONNECT
/*C569*/SET SCHEMA PUBLIC
INSERT INTO PARSER VALUES(1347,'\u0422\u0410\u041a',1)
COMMIT
DISCONNECT
/*C570*/SET SCHEMA PUBLIC
INSERT INTO PARSER VALUES(1348,'\u041d\u0410\u041f\u0418\u0428\u0418\u0422\u0415',4)
COMMIT
DISCONNECT
/*C571*/SET SCHEMA PUBLIC
INSERT INTO PARSER VALUES(1349,'\u041d\u0410\u0414\u0415\u0416\u041d\u0423\u042e',1)
COMMIT
DISCONNECT
/*C572*/SET SCHEMA PUBLIC
INSERT INTO PARSER VALUES(1350,'\u0422\u0410\u041c',2)
COMMIT
DISCONNECT
/*C573*/SET SCHEMA PUBLIC
INSERT INTO PARSER VALUES(1351,'\u0421\u041e\u0422\u0420\u0423\u0414\u041d\u0418\u0427\u0415\u0421\u0422\u0412\u0423',1)
COMMIT
DISCONNECT
/*C574*/SET SCHEMA PUBLIC
INSERT INTO PARSER VALUES(1352,'\u0414\u0410\u041d\u041d\u042b\u0425',1)
COMMIT
DISCONNECT
/*C575*/SET SCHEMA PUBLIC
INSERT INTO PARSER VALUES(1353,'\u041f\u0420\u0418\u041d\u041e\u0421\u0418\u041b\u041e',1)
COMMIT
DISCONNECT
/*C576*/SET SCHEMA PUBLIC
INSERT INTO PARSER VALUES(1354,'\u0421\u041e\u0417\u0414\u0410\u041b\u0418',2)
COMMIT
DISCONNECT
/*C577*/SET SCHEMA PUBLIC
INSERT INTO PARSER VALUES(1355,'\u0423\u0421\u041f\u0415\u0425',2)
COMMIT
DISCONNECT
/*C578*/SET SCHEMA PUBLIC
INSERT INTO PARSER VALUES(1356,'\u041f\u0420\u041e\u0415\u041a\u0422\u0410',1)
COMMIT
DISCONNECT
/*C579*/SET SCHEMA PUBLIC
INSERT INTO PARSER VALUES(1357,'\u041a\u041e\u041d\u0422\u0420\u041e\u041b\u0418\u0420\u041e\u0412\u0410\u041b\u0418',1)
COMMIT
DISCONNECT
/*C580*/SET SCHEMA PUBLIC
INSERT INTO PARSER VALUES(1358,'\u0420\u0415\u0428\u0410\u0422\u042c',1)
COMMIT
DISCONNECT
/*C581*/SET SCHEMA PUBLIC
INSERT INTO PARSER VALUES(1359,'\u041e\u0420\u0413\u0410\u041d\u0418\u0417\u0423\u0415\u041c',1)
COMMIT
DISCONNECT
/*C582*/SET SCHEMA PUBLIC
INSERT INTO PARSER VALUES(1360,'\u0411\u041b\u0410\u0413\u041e\u0414\u0410\u0420\u042f',1)
COMMIT
DISCONNECT
/*C583*/SET SCHEMA PUBLIC
INSERT INTO PARSER VALUES(1361,'\u041f\u041e\u041d\u0418\u041c\u0410\u041b\u0418',1)
COMMIT
DISCONNECT
/*C584*/SET SCHEMA PUBLIC
INSERT INTO PARSER VALUES(1362,'\u041f\u0420\u041e\u0426\u0415\u0421\u0421\u041e\u0412',1)
COMMIT
DISCONNECT
/*C585*/SET SCHEMA PUBLIC
INSERT INTO PARSER VALUES(1363,'\u041f\u0415\u0420\u0412\u0410\u042f',1)
COMMIT
DISCONNECT
/*C586*/SET SCHEMA PUBLIC
INSERT INTO PARSER VALUES(1364,'\u0413\u0414\u0415',2)
COMMIT
DISCONNECT
/*C587*/SET SCHEMA PUBLIC
INSERT INTO PARSER VALUES(1365,'\u041d\u0415\u041e\u0411\u0425\u041e\u0414\u0418\u041c\u042b\u0425',1)
COMMIT
DISCONNECT
/*C588*/SET SCHEMA PUBLIC
INSERT INTO PARSER VALUES(1366,'\u041c\u041e\u0414\u0415\u0420\u041d\u0418\u0417\u0410\u0426\u0418\u042f',2)
COMMIT
DISCONNECT
/*C589*/SET SCHEMA PUBLIC
INSERT INTO PARSER VALUES(1367,'PRODUCTION',2)
COMMIT
DISCONNECT
/*C590*/SET SCHEMA PUBLIC
INSERT INTO PARSER VALUES(1368,'\u0422\u0415\u0425\u041d\u041e\u041b\u041e\u0413\u0418\u0427\u0415\u0421\u041a\u0423\u042e',1)
COMMIT
DISCONNECT
/*C591*/SET SCHEMA PUBLIC
INSERT INTO PARSER VALUES(1369,'\u0421\u041f\u0410\u0421\u041b\u0418',1)
COMMIT
DISCONNECT
/*C592*/SET SCHEMA PUBLIC
INSERT INTO PARSER VALUES(1370,'\u041a\u041e\u0422\u041e\u0420\u042b\u0415',3)
COMMIT
DISCONNECT
/*C593*/SET SCHEMA PUBLIC
INSERT INTO PARSER VALUES(1371,'\u0423\u0427\u0418\u0422\u042b\u0412\u0410\u041b\u0418\u0421\u042c',1)
COMMIT
DISCONNECT
/*C594*/SET SCHEMA PUBLIC
INSERT INTO PARSER VALUES(1372,'\u041f\u0410\u0420\u0422\u041d\u0415\u0420\u0410',2)
COMMIT
DISCONNECT
/*C595*/SET SCHEMA PUBLIC
INSERT INTO PARSER VALUES(1373,'\u041a\u0410\u041a\u041e\u0419',2)
COMMIT
DISCONNECT
/*C596*/SET SCHEMA PUBLIC
INSERT INTO PARSER VALUES(1374,'\u0421\u0420\u041e\u041a',3)
COMMIT
DISCONNECT
/*C597*/SET SCHEMA PUBLIC
INSERT INTO PARSER VALUES(1375,'\u041e\u0427\u0415\u041d\u042c',8)
COMMIT
DISCONNECT
/*C598*/SET SCHEMA PUBLIC
INSERT INTO PARSER VALUES(1376,'\u0420\u041e\u0421\u0421\u0418\u0418',1)
COMMIT
DISCONNECT
/*C599*/SET SCHEMA PUBLIC
INSERT INTO PARSER VALUES(1377,'\u0411\u042b\u0422\u042c',1)
COMMIT
DISCONNECT
/*C600*/SET SCHEMA PUBLIC
INSERT INTO PARSER VALUES(1378,'\u041a\u041e\u041c\u041f\u0415\u0422\u0415\u041d\u0422\u041d\u042b\u0415',1)
COMMIT
DISCONNECT
/*C601*/SET SCHEMA PUBLIC
INSERT INTO PARSER VALUES(1379,'\u0423\u041b\u0423\u0427\u0428\u0415\u041d\u0418\u042f',1)
COMMIT
DISCONNECT
/*C602*/SET SCHEMA PUBLIC
INSERT INTO PARSER VALUES(1380,'\u041f\u0420\u0415\u0414\u0421\u0422\u0410\u0412\u041b\u042f\u041b\u0418',1)
COMMIT
DISCONNECT
/*C603*/SET SCHEMA PUBLIC
INSERT INTO PARSER VALUES(1381,'\u0420\u0415\u0410\u041b\u0418\u0417\u0410\u0426\u0418\u0418',3)
COMMIT
DISCONNECT
/*C604*/SET SCHEMA PUBLIC
INSERT INTO PARSER VALUES(1382,'\u041a\u041e\u0422\u041e\u0420\u042b\u041c',1)
COMMIT
DISCONNECT
/*C605*/SET SCHEMA PUBLIC
INSERT INTO PARSER VALUES(1383,'\u0420\u0410\u0411\u041e\u0422\u042b',5)
COMMIT
DISCONNECT
/*C606*/SET SCHEMA PUBLIC
INSERT INTO PARSER VALUES(1384,'\u0420\u041e\u041b\u042c',1)
COMMIT
DISCONNECT
/*C607*/SET SCHEMA PUBLIC
INSERT INTO PARSER VALUES(1385,'JAVA',1)
COMMIT
DISCONNECT
/*C608*/SET SCHEMA PUBLIC
INSERT INTO PARSER VALUES(1386,'\u0422\u0415\u0425\u041d\u041e\u041b\u041e\u0413\u0418\u0418',2)
COMMIT
DISCONNECT
/*C609*/SET SCHEMA PUBLIC
INSERT INTO PARSER VALUES(1387,'\u0421\u041e\u0411\u0421\u0422\u0412\u0415\u041d\u041d\u042b\u0425',1)
COMMIT
DISCONNECT
/*C610*/SET SCHEMA PUBLIC
INSERT INTO PARSER VALUES(1388,'\u0415\u0412\u0420\u041e\u041f\u042b',1)
COMMIT
DISCONNECT
/*C611*/SET SCHEMA PUBLIC
INSERT INTO PARSER VALUES(1389,'\u0423\u0427\u0415\u0422\u041e\u041c',1)
COMMIT
DISCONNECT
/*C612*/SET SCHEMA PUBLIC
INSERT INTO PARSER VALUES(1390,'\u0420\u0415\u041b\u0418\u0417\u041e\u0412',1)
COMMIT
DISCONNECT
/*C613*/SET SCHEMA PUBLIC
INSERT INTO PARSER VALUES(1391,'\u0414\u041e\u0412\u041e\u041b\u042c\u041d\u042b',4)
COMMIT
DISCONNECT
/*C614*/SET SCHEMA PUBLIC
INSERT INTO PARSER VALUES(1392,'\u0423\u041f\u0420\u0410\u0412\u041b\u0415\u041d\u0418\u042e',2)
COMMIT
DISCONNECT
/*C615*/SET SCHEMA PUBLIC
INSERT INTO PARSER VALUES(1393,'QA',1)
COMMIT
DISCONNECT
/*C616*/SET SCHEMA PUBLIC
INSERT INTO PARSER VALUES(1394,'\u041a\u041e\u041c\u0424\u041e\u0420\u0422\u041d\u042b\u0415',1)
COMMIT
DISCONNECT
/*C617*/SET SCHEMA PUBLIC
INSERT INTO PARSER VALUES(1395,'\u041f\u041e\u0421\u0422\u0423\u041f\u0410\u041b\u0410',1)
COMMIT
DISCONNECT
/*C618*/SET SCHEMA PUBLIC
INSERT INTO PARSER VALUES(1396,'\u0414\u041e\u0412\u0415\u0420\u042f\u042e\u0422',1)
COMMIT
DISCONNECT
/*C619*/SET SCHEMA PUBLIC
INSERT INTO PARSER VALUES(1397,'\u0412\u041e\u0417\u041c\u041e\u0416\u041d\u041e\u0415',1)
COMMIT
DISCONNECT
/*C620*/SET SCHEMA PUBLIC
INSERT INTO PARSER VALUES(1398,'\u0423\u0421\u041b\u0423\u0413\u0418',3)
COMMIT
DISCONNECT
/*C621*/SET SCHEMA PUBLIC
INSERT INTO PARSER VALUES(1399,'\u0422\u041e\u0427\u041d\u041e\u0421\u0422\u0418',1)
COMMIT
DISCONNECT
/*C622*/SET SCHEMA PUBLIC
INSERT INTO PARSER VALUES(1400,'\u0411\u0423\u0414\u0423\u0429\u0415\u0415',1)
COMMIT
DISCONNECT
/*C623*/SET SCHEMA PUBLIC
INSERT INTO PARSER VALUES(1401,'\u0412\u0415\u0420\u0421\u0418\u042f',1)
COMMIT
DISCONNECT
/*C624*/SET SCHEMA PUBLIC
INSERT INTO PARSER VALUES(1402,'\u0412\u0415\u0420\u0421\u0418\u042e',1)
COMMIT
DISCONNECT
/*C625*/SET SCHEMA PUBLIC
INSERT INTO PARSER VALUES(1403,'\u0427\u0415\u041b\u041e\u0412\u0415\u0427\u0415\u0421\u041a\u0418\u041c\u0418',1)
COMMIT
DISCONNECT
/*C626*/SET SCHEMA PUBLIC
INSERT INTO PARSER VALUES(1404,'\u0420\u0415\u0417\u0423\u041b\u042c\u0422\u0410\u0422\u042b',4)
COMMIT
DISCONNECT
/*C627*/SET SCHEMA PUBLIC
INSERT INTO PARSER VALUES(1405,'\u041c\u0410\u041a\u0421\u0418\u041c\u0423\u041c',1)
COMMIT
DISCONNECT
/*C628*/SET SCHEMA PUBLIC
INSERT INTO PARSER VALUES(1406,'\u0412\u0410\u0428\u0415\u0413\u041e',3)
COMMIT
DISCONNECT
/*C629*/SET SCHEMA PUBLIC
INSERT INTO PARSER VALUES(1407,'\u041d\u0415\u0423\u0414\u0410\u0427\u041d\u041e\u0419',1)
COMMIT
DISCONNECT
/*C630*/SET SCHEMA PUBLIC
INSERT INTO PARSER VALUES(1408,'\u0415\u0421\u0422\u042c',1)
COMMIT
DISCONNECT
/*C631*/SET SCHEMA PUBLIC
INSERT INTO PARSER VALUES(1409,'\u041f\u041e\u0414\u0425\u041e\u0414\u041e\u041c',1)
COMMIT
DISCONNECT
/*C632*/SET SCHEMA PUBLIC
INSERT INTO PARSER VALUES(1410,'\u041e\u0411\u042f\u0417\u0410\u0422\u0415\u041b\u042c\u0421\u0422\u0412\u0410',1)
COMMIT
DISCONNECT
/*C633*/SET SCHEMA PUBLIC
INSERT INTO PARSER VALUES(1411,'\u0421\u041e\u0417\u0414\u0410\u041d\u0418\u0418',1)
COMMIT
DISCONNECT
/*C634*/SET SCHEMA PUBLIC
INSERT INTO PARSER VALUES(1412,'\u041a\u041e\u041c\u041f\u041e\u041d\u0415\u041d\u0422\u042b',1)
COMMIT
DISCONNECT
/*C635*/SET SCHEMA PUBLIC
INSERT INTO PARSER VALUES(1413,'\u041e\u0421\u0412\u041e\u0418\u0412',1)
COMMIT
DISCONNECT
/*C636*/SET SCHEMA PUBLIC
INSERT INTO PARSER VALUES(1414,'\u0417\u0410\u041a\u041b\u042e\u0427\u0415\u041d\u0418\u042f',1)
COMMIT
DISCONNECT
/*C637*/SET SCHEMA PUBLIC
INSERT INTO PARSER VALUES(1415,'\u041b\u0418\u0414\u0415\u0420\u042b',1)
COMMIT
DISCONNECT
/*C638*/SET SCHEMA PUBLIC
INSERT INTO PARSER VALUES(1416,'\u0420\u0415\u0413\u0418\u0421\u0422\u0420\u0410\u0426\u0418\u042e',1)
COMMIT
DISCONNECT
/*C639*/SET SCHEMA PUBLIC
INSERT INTO PARSER VALUES(1417,'\u0423\u0421\u041b\u041e\u0412\u0418\u042f\u0425',1)
COMMIT
DISCONNECT
/*C640*/SET SCHEMA PUBLIC
INSERT INTO PARSER VALUES(1418,'\u041f\u0415\u0420\u0412\u042b\u0419',3)
COMMIT
DISCONNECT
/*C641*/SET SCHEMA PUBLIC
INSERT INTO PARSER VALUES(1419,'\u041f\u041e\u041d\u0418\u041c\u0410\u041d\u0418\u0415',1)
COMMIT
DISCONNECT
/*C642*/SET SCHEMA PUBLIC
INSERT INTO PARSER VALUES(1420,'\u041f\u0420\u041e\u0414\u0423\u041a\u0422\u041e\u0412',1)
COMMIT
DISCONNECT
/*C643*/SET SCHEMA PUBLIC
INSERT INTO PARSER VALUES(1421,'\u041a\u0410\u0427\u0415\u0421\u0422\u0412\u0415\u041d\u041d\u041e\u0413\u041e',1)
COMMIT
DISCONNECT
/*C644*/SET SCHEMA PUBLIC
INSERT INTO PARSER VALUES(1422,'\u0417\u0410\u041f\u041b\u0410\u041d\u0418\u0420\u041e\u0412\u0410\u041d\u041d\u041e\u0413\u041e',2)
COMMIT
DISCONNECT
/*C645*/SET SCHEMA PUBLIC
INSERT INTO PARSER VALUES(1423,'\u041f\u0420\u041e\u0422\u041e\u0422\u0418\u041f\u041e\u0412',1)
COMMIT
DISCONNECT
/*C646*/SET SCHEMA PUBLIC
INSERT INTO PARSER VALUES(1424,'\u041f\u0415\u0420\u0412\u042b\u0415',1)
COMMIT
DISCONNECT
/*C647*/SET SCHEMA PUBLIC
INSERT INTO PARSER VALUES(1425,'\u0421\u0422\u0420\u041e\u0415\u041d\u0418\u0415',1)
COMMIT
DISCONNECT
/*C648*/SET SCHEMA PUBLIC
INSERT INTO PARSER VALUES(1426,'\u041d\u0410\u0428\u0418',12)
COMMIT
DISCONNECT
/*C649*/SET SCHEMA PUBLIC
INSERT INTO PARSER VALUES(1427,'\u0420\u0410\u0411\u041e\u0422\u0410',1)
COMMIT
DISCONNECT
/*C650*/SET SCHEMA PUBLIC
INSERT INTO PARSER VALUES(1428,'\u0412\u041d\u0415\u0421\u041b\u0418',1)
COMMIT
DISCONNECT
/*C651*/SET SCHEMA PUBLIC
INSERT INTO PARSER VALUES(1429,'\u0412\u042b\u0421\u0422\u0420\u0410\u0418\u0412\u0410\u0415\u041c',1)
COMMIT
DISCONNECT
/*C652*/SET SCHEMA PUBLIC
INSERT INTO PARSER VALUES(1430,'\u0423\u0416\u0415',1)
COMMIT
DISCONNECT
/*C653*/SET SCHEMA PUBLIC
INSERT INTO PARSER VALUES(1431,'\u041a\u0412\u0410\u041b\u0418\u0424\u0418\u0426\u0418\u0420\u041e\u0412\u0410\u041d\u041d\u0410\u042f',1)
COMMIT
DISCONNECT
/*C654*/SET SCHEMA PUBLIC
INSERT INTO PARSER VALUES(1432,'\u041f\u0420\u041e\u0414\u0423\u041a\u0422\u0410',4)
COMMIT
DISCONNECT
/*C655*/SET SCHEMA PUBLIC
INSERT INTO PARSER VALUES(1433,'\u0421\u041e\u0422\u0420\u0423\u0414\u041d\u0418\u0427\u0415\u0421\u0422\u0412\u0410',2)
COMMIT
DISCONNECT
/*C656*/SET SCHEMA PUBLIC
INSERT INTO PARSER VALUES(1434,'\u0420\u0410\u0411\u041e\u0422\u0423',4)
COMMIT
DISCONNECT
/*C657*/SET SCHEMA PUBLIC
INSERT INTO PARSER VALUES(1435,'\u041d\u0410\u0428\u0415\u0413\u041e',4)
COMMIT
DISCONNECT
/*C658*/SET SCHEMA PUBLIC
INSERT INTO PARSER VALUES(1436,'\u0411\u042b',1)
COMMIT
DISCONNECT
/*C659*/SET SCHEMA PUBLIC
INSERT INTO PARSER VALUES(1437,'\u041b\u0415\u0422\u041d\u0418\u0419',1)
COMMIT
DISCONNECT
/*C660*/SET SCHEMA PUBLIC
INSERT INTO PARSER VALUES(1438,'\u0421\u0410\u041c\u0418',1)
COMMIT
DISCONNECT
/*C661*/SET SCHEMA PUBLIC
INSERT INTO PARSER VALUES(1439,'\u041f\u041b\u0410\u041d\u0418\u0420\u041e\u0412\u0410\u041b',1)
COMMIT
DISCONNECT
/*C662*/SET SCHEMA PUBLIC
INSERT INTO PARSER VALUES(1440,'\u0418\u041d\u0422\u0415\u041d\u0421\u0418\u0412',1)
COMMIT
DISCONNECT
/*C663*/SET SCHEMA PUBLIC
INSERT INTO PARSER VALUES(1441,'\u0412\u042b\u0421\u041e\u041a\u0410\u042f',1)
COMMIT
DISCONNECT
/*C664*/SET SCHEMA PUBLIC
INSERT INTO PARSER VALUES(1442,'\u0414\u041e\u041f\u041e\u041b\u041d\u0418\u0422\u0415\u041b\u042c\u041d\u042b\u0425',1)
COMMIT
DISCONNECT
/*C665*/SET SCHEMA PUBLIC
INSERT INTO PARSER VALUES(1443,'\u0427\u0410\u0421\u041e\u0412',1)
COMMIT
DISCONNECT
/*C666*/SET SCHEMA PUBLIC
INSERT INTO PARSER VALUES(1444,'\u0417\u0410\u041f\u0420\u041e\u0421\u042b',1)
COMMIT
DISCONNECT
/*C667*/SET SCHEMA PUBLIC
INSERT INTO PARSER VALUES(1445,'\u0423\u0420\u041e\u0412\u0415\u041d\u042c',1)
COMMIT
DISCONNECT
/*C668*/SET SCHEMA PUBLIC
INSERT INTO PARSER VALUES(1446,'\u0412\u0410\u0428\u0415',1)
COMMIT
DISCONNECT
/*C669*/SET SCHEMA PUBLIC
INSERT INTO PARSER VALUES(1447,'CNEWS',1)
COMMIT
DISCONNECT
/*C670*/SET SCHEMA PUBLIC
INSERT INTO PARSER VALUES(1448,'\u041d\u0410\u0419\u0422\u0418',1)
COMMIT
DISCONNECT
/*C671*/SET SCHEMA PUBLIC
INSERT INTO PARSER VALUES(1449,'\u0412\u0410\u0428\u0418',1)
COMMIT
DISCONNECT
/*C672*/SET SCHEMA PUBLIC
INSERT INTO PARSER VALUES(1450,'\u0412\u042b\u041f\u041e\u041b\u041d\u0415\u041d\u0418\u042e',1)
COMMIT
DISCONNECT
/*C673*/SET SCHEMA PUBLIC
INSERT INTO PARSER VALUES(1451,'\u0427\u0415\u0413\u041e',2)
COMMIT
DISCONNECT
/*C674*/SET SCHEMA PUBLIC
INSERT INTO PARSER VALUES(1452,'\u041d\u0410\u0418\u041b\u0423\u0427\u0428\u0418\u041c',1)
COMMIT
DISCONNECT
/*C675*/SET SCHEMA PUBLIC
INSERT INTO PARSER VALUES(1453,'\u0421\u0420\u0410\u0411\u041e\u0422\u0410\u041d\u041d\u0410\u042f',1)
COMMIT
DISCONNECT
/*C676*/SET SCHEMA PUBLIC
INSERT INTO PARSER VALUES(1454,'\u0412\u0410\u0428\u0423',1)
COMMIT
DISCONNECT
/*C677*/SET SCHEMA PUBLIC
INSERT INTO PARSER VALUES(1455,'\u041a\u0420\u0423\u041f\u041d\u042b\u0425',1)
COMMIT
DISCONNECT
/*C678*/SET SCHEMA PUBLIC
INSERT INTO PARSER VALUES(1456,'\u0413\u041e\u0422\u041e\u0412',1)
COMMIT
DISCONNECT
/*C679*/SET SCHEMA PUBLIC
INSERT INTO PARSER VALUES(1457,'\u0421\u041e\u0411\u041b\u042e\u0414\u0415\u041d\u042b',1)
COMMIT
DISCONNECT
/*C680*/SET SCHEMA PUBLIC
INSERT INTO PARSER VALUES(1458,'\u0415\u0414\u0418\u041d\u041e\u0413\u041e',1)
COMMIT
DISCONNECT
/*C681*/SET SCHEMA PUBLIC
INSERT INTO PARSER VALUES(1459,'\u0422\u041e\u0413\u041e',1)
COMMIT
DISCONNECT
/*C682*/SET SCHEMA PUBLIC
INSERT INTO PARSER VALUES(1460,'\u0412\u042b',6)
COMMIT
DISCONNECT
/*C683*/SET SCHEMA PUBLIC
INSERT INTO PARSER VALUES(1461,'\u0410\u0414\u0410\u041f\u0422\u0415\u0420',1)
COMMIT
DISCONNECT
/*C684*/SET SCHEMA PUBLIC
INSERT INTO PARSER VALUES(1462,'\u0412\u0421\u0415\u0413\u0414\u0410',12)
COMMIT
DISCONNECT
/*C685*/SET SCHEMA PUBLIC
INSERT INTO PARSER VALUES(1463,'\u041f\u0410\u0420\u0422\u041d\u0415\u0420\u041e\u041c',1)
COMMIT
DISCONNECT
/*C686*/SET SCHEMA PUBLIC
INSERT INTO PARSER VALUES(1464,'\u0413\u041e\u0420\u042b',1)
COMMIT
DISCONNECT
/*C687*/SET SCHEMA PUBLIC
INSERT INTO PARSER VALUES(1465,'\u041f\u0420\u041e\u0421\u041f\u0415\u041a\u0422',1)
COMMIT
DISCONNECT
/*C688*/SET SCHEMA PUBLIC
INSERT INTO PARSER VALUES(1466,'\u041f\u041e\u0414\u0425\u041e\u0414',2)
COMMIT
DISCONNECT
/*C689*/SET SCHEMA PUBLIC
INSERT INTO PARSER VALUES(1467,'\u041a\u0410\u0427\u0415\u0421\u0422\u0412\u0415\u041d\u041d\u042b\u0415',2)
COMMIT
DISCONNECT
/*C690*/SET SCHEMA PUBLIC
INSERT INTO PARSER VALUES(1468,'\u0417\u041d\u0410\u0415\u0422\u0415',1)
COMMIT
DISCONNECT
/*C691*/SET SCHEMA PUBLIC
INSERT INTO PARSER VALUES(1469,'\u0427\u0415\u0422\u041a\u0418\u0419',1)
COMMIT
DISCONNECT
/*C692*/SET SCHEMA PUBLIC
INSERT INTO PARSER VALUES(1470,'\u0420\u0410\u0417\u0423\u041c\u041d\u042b\u0415',1)
COMMIT
DISCONNECT
/*C693*/SET SCHEMA PUBLIC
INSERT INTO PARSER VALUES(1471,'\u0420\u0415\u0417\u0423\u041b\u042c\u0422\u0410\u0422\u0415',1)
COMMIT
DISCONNECT
/*C694*/SET SCHEMA PUBLIC
INSERT INTO PARSER VALUES(1472,'\u0412\u0417\u0410\u0418\u041c\u041e\u0412\u042b\u0413\u041e\u0414\u041d\u041e\u041c\u0423',1)
COMMIT
DISCONNECT
/*C695*/SET SCHEMA PUBLIC
INSERT INTO PARSER VALUES(1473,'\u041f\u041e\u0422\u0420\u0415\u0411\u041d\u041e\u0421\u0422\u042f\u0425',1)
COMMIT
DISCONNECT
/*C696*/SET SCHEMA PUBLIC
INSERT INTO PARSER VALUES(1474,'\u041e\u041a\u041e\u041d\u0427\u0410\u041d\u0418\u042e',1)
COMMIT
DISCONNECT
/*C697*/SET SCHEMA PUBLIC
INSERT INTO PARSER VALUES(1475,'\u041f\u0420\u0418\u041b\u041e\u0416\u0415\u041d\u0418\u0415\u041c',1)
COMMIT
DISCONNECT
/*C698*/SET SCHEMA PUBLIC
INSERT INTO PARSER VALUES(1476,'\u0425\u041e\u0422\u042f\u0422',1)
COMMIT
DISCONNECT
/*C699*/SET SCHEMA PUBLIC
INSERT INTO PARSER VALUES(1477,'\u0417\u041d\u0410\u042e',1)
COMMIT
DISCONNECT
/*C700*/SET SCHEMA PUBLIC
INSERT INTO PARSER VALUES(1478,'\u0410\u041d\u0410\u041b\u0418\u0417\u0423',2)
COMMIT
DISCONNECT
/*C701*/SET SCHEMA PUBLIC
INSERT INTO PARSER VALUES(1479,'\u0418\u0421\u041f\u041e\u041b\u042c\u0417\u0423\u0415\u0422',1)
COMMIT
DISCONNECT
/*C702*/SET SCHEMA PUBLIC
INSERT INTO PARSER VALUES(1480,'\u0424\u0420\u0410\u0417',1)
COMMIT
DISCONNECT
/*C703*/SET SCHEMA PUBLIC
INSERT INTO PARSER VALUES(1481,'\u0421\u0422\u0420\u0410\u041d',1)
COMMIT
DISCONNECT
/*C704*/SET SCHEMA PUBLIC
INSERT INTO PARSER VALUES(1482,'\u0420\u0410\u0411\u041e\u0422\u0410\u0415\u041c',1)
COMMIT
DISCONNECT
/*C705*/SET SCHEMA PUBLIC
INSERT INTO PARSER VALUES(1483,'\u0421\u0412\u041e\u0415',1)
COMMIT
DISCONNECT
/*C706*/SET SCHEMA PUBLIC
INSERT INTO PARSER VALUES(1484,'TO',1)
COMMIT
DISCONNECT
/*C707*/SET SCHEMA PUBLIC
INSERT INTO PARSER VALUES(1485,'\u0421\u0410\u041c\u041e\u041c',1)
COMMIT
DISCONNECT
/*C708*/SET SCHEMA PUBLIC
INSERT INTO PARSER VALUES(1486,'\u0421\u0412\u041e\u0419',2)
COMMIT
DISCONNECT
/*C709*/SET SCHEMA PUBLIC
INSERT INTO PARSER VALUES(1487,'\u0414\u0415\u041c\u041e\u041d\u0421\u0422\u0420\u0410\u0426\u0418\u042f',1)
COMMIT
DISCONNECT
/*C710*/SET SCHEMA PUBLIC
INSERT INTO PARSER VALUES(1488,'\u041f\u041e\u041b\u041d\u041e\u0421\u0422\u042c\u042e',2)
COMMIT
DISCONNECT
/*C711*/SET SCHEMA PUBLIC
INSERT INTO PARSER VALUES(1489,'\u0414\u041b\u042f',16)
COMMIT
DISCONNECT
/*C712*/SET SCHEMA PUBLIC
INSERT INTO PARSER VALUES(1490,'\u0421\u0410\u0419\u0422',1)
COMMIT
DISCONNECT
/*C713*/SET SCHEMA PUBLIC
INSERT INTO PARSER VALUES(1491,'\u0412\u0410\u0428\u0415\u0419',1)
COMMIT
DISCONNECT
/*C714*/SET SCHEMA PUBLIC
INSERT INTO PARSER VALUES(1492,'\u0415\u0416\u0415\u0414\u041d\u0415\u0412\u041d\u0410\u042f',1)
COMMIT
DISCONNECT
/*C715*/SET SCHEMA PUBLIC
INSERT INTO PARSER VALUES(1493,'\u0421\u041c\u0415\u041b\u042b\u0415',1)
COMMIT
DISCONNECT
/*C716*/SET SCHEMA PUBLIC
INSERT INTO PARSER VALUES(1494,'\u042d\u0422\u0410\u041f\u042b',1)
COMMIT
DISCONNECT
/*C717*/SET SCHEMA PUBLIC
INSERT INTO PARSER VALUES(1495,'\u041f\u0420\u0415\u0414\u041e\u0421\u0422\u0410\u0412\u0418\u041b\u0418',1)
COMMIT
DISCONNECT
/*C718*/SET SCHEMA PUBLIC
INSERT INTO PARSER VALUES(1496,'\u041c\u042b\u0421\u041b\u0418',1)
COMMIT
DISCONNECT
/*C719*/SET SCHEMA PUBLIC
INSERT INTO PARSER VALUES(1497,'\u041f\u0420\u041e\u0424\u0415\u0421\u0421\u0418\u041e\u041d\u0410\u041b\u042b',1)
COMMIT
DISCONNECT
/*C720*/SET SCHEMA PUBLIC
INSERT INTO PARSER VALUES(1498,'\u0421\u041e\u041a\u0420\u0410\u0429\u0410\u0415\u041c',1)
COMMIT
DISCONNECT
/*C721*/SET SCHEMA PUBLIC
INSERT INTO PARSER VALUES(1499,'\u041e\u041a\u0410\u0416\u0415\u041c',1)
COMMIT
DISCONNECT
/*C722*/SET SCHEMA PUBLIC
INSERT INTO PARSER VALUES(1500,'\u041e\u0426\u0415\u041d\u041a\u0410\u041c',1)
COMMIT
DISCONNECT
/*C723*/SET SCHEMA PUBLIC
INSERT INTO PARSER VALUES(1501,'\u041c\u041e\u041c\u0415\u041d\u0422\u0410\u041b\u042c\u041d\u041e',1)
COMMIT
DISCONNECT
/*C724*/SET SCHEMA PUBLIC
INSERT INTO PARSER VALUES(1502,'\u0412\u042b\u0413\u041e\u0414\u0423',1)
COMMIT
DISCONNECT
/*C725*/SET SCHEMA PUBLIC
INSERT INTO PARSER VALUES(1503,'\u041f\u041e\u0416\u0415\u041b\u0410\u041d\u0418\u042f',4)
COMMIT
DISCONNECT
/*C726*/SET SCHEMA PUBLIC
INSERT INTO PARSER VALUES(1504,'\u041f\u0420\u041e\u042f\u0412\u041b\u042f\u042e\u0422',1)
COMMIT
DISCONNECT
/*C727*/SET SCHEMA PUBLIC
INSERT INTO PARSER VALUES(1505,'\u041f\u0420\u041e\u0427\u0418\u0422\u0410\u041b\u0418',1)
COMMIT
DISCONNECT
/*C728*/SET SCHEMA PUBLIC
INSERT INTO PARSER VALUES(1506,'TECH',2)
COMMIT
DISCONNECT
/*C729*/SET SCHEMA PUBLIC
INSERT INTO PARSER VALUES(1507,'\u0427\u0422\u041e',3)
COMMIT
DISCONNECT
/*C730*/SET SCHEMA PUBLIC
INSERT INTO PARSER VALUES(1508,'\u0412\u041a\u041b\u0410\u0414\u041e\u041c',1)
COMMIT
DISCONNECT
/*C731*/SET SCHEMA PUBLIC
INSERT INTO PARSER VALUES(1509,'\u0411\u041b\u041e\u0413',1)
COMMIT
DISCONNECT
/*C732*/SET SCHEMA PUBLIC
INSERT INTO PARSER VALUES(1510,'\u041e\u0420\u0413\u0410\u041d\u0418\u0417\u041e\u0412\u0410\u041d\u041d\u041e\u0421\u0422\u042c',1)
COMMIT
DISCONNECT
/*C733*/SET SCHEMA PUBLIC
INSERT INTO PARSER VALUES(1511,'\u0421\u041f\u041e\u0421\u041e\u0411\u041d\u042b',1)
COMMIT
DISCONNECT
/*C734*/SET SCHEMA PUBLIC
INSERT INTO PARSER VALUES(1512,'\u0411\u0418\u0417\u041d\u0415\u0421',2)
COMMIT
DISCONNECT
/*C735*/SET SCHEMA PUBLIC
INSERT INTO PARSER VALUES(1513,'\u041b\u0423\u0427\u0428\u0418\u0419',1)
COMMIT
DISCONNECT
/*C736*/SET SCHEMA PUBLIC
INSERT INTO PARSER VALUES(1514,'\u041e\u0422\u0412\u0415\u0427\u0410\u042e\u0429\u0418\u0419',1)
COMMIT
DISCONNECT
/*C737*/SET SCHEMA PUBLIC
INSERT INTO PARSER VALUES(1515,'\u0412\u0415\u0414\u0423\u0429\u0423\u042e',1)
COMMIT
DISCONNECT
/*C738*/SET SCHEMA PUBLIC
INSERT INTO PARSER VALUES(1516,'\u041e\u0421\u0422\u0410\u041b\u0418\u0421\u042c',1)
COMMIT
DISCONNECT
/*C739*/SET SCHEMA PUBLIC
INSERT INTO PARSER VALUES(1517,'\u0421\u041e\u0412\u0420\u0415\u041c\u0415\u041d\u041d\u042b\u0425',1)
COMMIT
DISCONNECT
/*C740*/SET SCHEMA PUBLIC
INSERT INTO PARSER VALUES(1518,'\u0412\u042b\u041f\u0423\u0421\u0422\u0418\u041c',1)
COMMIT
DISCONNECT
/*C741*/SET SCHEMA PUBLIC
INSERT INTO PARSER VALUES(1519,'\u041f\u041b\u0410\u0422\u0424\u041e\u0420\u041c\u0423',1)
COMMIT
DISCONNECT
/*C742*/SET SCHEMA PUBLIC
INSERT INTO PARSER VALUES(1520,'\u041d\u0410\u0419\u0414\u0423\u0422',1)
COMMIT
DISCONNECT
/*C743*/SET SCHEMA PUBLIC
INSERT INTO PARSER VALUES(1521,'\u0412\u0415\u0414\u0415\u041d\u0418\u042f',1)
COMMIT
DISCONNECT
/*C744*/SET SCHEMA PUBLIC
INSERT INTO PARSER VALUES(1522,'\u0414\u0418\u0417\u0410\u0419\u041d\u0423',1)
COMMIT
DISCONNECT
/*C745*/SET SCHEMA PUBLIC
INSERT INTO PARSER VALUES(1523,'\u0420\u0410\u0421\u0421\u0427\u0418\u0422\u042b\u0412\u0410\u0422\u042c',1)
COMMIT
DISCONNECT
/*C746*/SET SCHEMA PUBLIC
INSERT INTO PARSER VALUES(1524,'\u0428\u0418\u0420\u041e\u041a\u041e\u0413\u041e',1)
COMMIT
DISCONNECT
/*C747*/SET SCHEMA PUBLIC
INSERT INTO PARSER VALUES(1525,'\u0418\u041d\u0422\u0415\u0420\u041d\u0415\u0422\u0410',1)
COMMIT
DISCONNECT
/*C748*/SET SCHEMA PUBLIC
INSERT INTO PARSER VALUES(1526,'\u041a\u0410\u0420\u042c\u0415\u0420\u042b',1)
COMMIT
DISCONNECT
/*C749*/SET SCHEMA PUBLIC
INSERT INTO PARSER VALUES(1527,'\u0421\u0420\u041e\u041a\u041e\u0412',1)
COMMIT
DISCONNECT
/*C750*/SET SCHEMA PUBLIC
INSERT INTO PARSER VALUES(1528,'\u041d\u0415\u041e\u0411\u0425\u041e\u0414\u0418\u041c\u0423\u042e',1)
COMMIT
DISCONNECT
/*C751*/SET SCHEMA PUBLIC
INSERT INTO PARSER VALUES(1529,'\u0421\u041e\u0422\u0420\u0423\u0414\u041d\u0418\u0427\u0415\u0421\u0422\u0412\u041e\u041c',1)
COMMIT
DISCONNECT
/*C752*/SET SCHEMA PUBLIC
INSERT INTO PARSER VALUES(1530,'\u0412\u041b\u041e\u0416\u0415\u041d\u0418\u042f',1)
COMMIT
DISCONNECT
/*C753*/SET SCHEMA PUBLIC
INSERT INTO PARSER VALUES(1531,'\u041a\u0410\u0420\u042c\u0415\u0420\u0410',1)
COMMIT
DISCONNECT
/*C754*/SET SCHEMA PUBLIC
INSERT INTO PARSER VALUES(1532,'\u0417\u0410',1)
COMMIT
DISCONNECT
/*C755*/SET SCHEMA PUBLIC
INSERT INTO PARSER VALUES(1533,'\u041f\u0420\u041e\u0413\u0420\u0410\u041c\u041c\u041d\u041e\u0415',2)
COMMIT
DISCONNECT
/*C756*/SET SCHEMA PUBLIC
INSERT INTO PARSER VALUES(1534,'\u0427\u0415\u0422\u041a\u041e\u0415',1)
COMMIT
DISCONNECT
/*C757*/SET SCHEMA PUBLIC
INSERT INTO PARSER VALUES(1535,'\u0414\u041e\u041c',1)
COMMIT
DISCONNECT
/*C758*/SET SCHEMA PUBLIC
INSERT INTO PARSER VALUES(1536,'\u0414\u041e\u0413\u041e\u0412\u041e\u0420\u0410',1)
COMMIT
DISCONNECT
/*C759*/SET SCHEMA PUBLIC
INSERT INTO PARSER VALUES(1537,'\u041d\u0410\u0421',5)
COMMIT
DISCONNECT
/*C760*/SET SCHEMA PUBLIC
INSERT INTO PARSER VALUES(1538,'\u0412\u041b\u0410\u0414\u0415\u041d\u0418\u0415',1)
COMMIT
DISCONNECT
/*C761*/SET SCHEMA PUBLIC
INSERT INTO PARSER VALUES(1539,'\u042d\u0422\u0410\u041f\u0410',1)
COMMIT
DISCONNECT
/*C762*/SET SCHEMA PUBLIC
INSERT INTO PARSER VALUES(1540,'\u041d\u0410\u041c',9)
COMMIT
DISCONNECT
/*C763*/SET SCHEMA PUBLIC
INSERT INTO PARSER VALUES(1541,'\u0421\u0424\u041e\u0420\u041c\u0418\u0420\u0423\u0415\u041c',1)
COMMIT
DISCONNECT
/*C764*/SET SCHEMA PUBLIC
INSERT INTO PARSER VALUES(1542,'\u0411\u042b\u041b\u0410',1)
COMMIT
DISCONNECT
/*C765*/SET SCHEMA PUBLIC
INSERT INTO PARSER VALUES(1543,'SDET',1)
COMMIT
DISCONNECT
/*C766*/SET SCHEMA PUBLIC
INSERT INTO PARSER VALUES(1544,'TIME',1)
COMMIT
DISCONNECT
/*C767*/SET SCHEMA PUBLIC
INSERT INTO PARSER VALUES(1545,'\u0420\u0410\u0411\u041e\u0422\u041e\u0421\u041f\u041e\u0421\u041e\u0411\u041d\u041e\u0421\u0422\u042c',1)
COMMIT
DISCONNECT
/*C768*/SET SCHEMA PUBLIC
INSERT INTO PARSER VALUES(1546,'\u0412\u041f\u0415\u0427\u0410\u0422\u041b\u0418\u041b\u0418',1)
COMMIT
DISCONNECT
/*C769*/SET SCHEMA PUBLIC
INSERT INTO PARSER VALUES(1547,'\u041c\u0415\u0421\u042f\u0426\u0410',2)
COMMIT
DISCONNECT
/*C770*/SET SCHEMA PUBLIC
INSERT INTO PARSER VALUES(1548,'\u041f\u0423\u0422\u0418',1)
COMMIT
DISCONNECT
/*C771*/SET SCHEMA PUBLIC
INSERT INTO PARSER VALUES(1549,'\u041f\u0420\u041e\u0421\u0422\u041e',1)
COMMIT
DISCONNECT
/*C772*/SET SCHEMA PUBLIC
INSERT INTO PARSER VALUES(1550,'\u041d\u0410\u0428',3)
COMMIT
DISCONNECT
/*C773*/SET SCHEMA PUBLIC
INSERT INTO PARSER VALUES(1551,'\u041e\u0421\u0422\u0410\u0412\u0410\u042f\u0421\u042c',1)
COMMIT
DISCONNECT
/*C774*/SET SCHEMA PUBLIC
INSERT INTO PARSER VALUES(1552,'\u041f\u041e\u0421\u041b\u0415',4)
COMMIT
DISCONNECT
/*C775*/SET SCHEMA PUBLIC
INSERT INTO PARSER VALUES(1553,'\u0411\u042b\u041b\u0418',3)
COMMIT
DISCONNECT
/*C776*/SET SCHEMA PUBLIC
INSERT INTO PARSER VALUES(1554,'\u0420\u0410\u0417\u0412\u0418\u0422\u0418\u042f',1)
COMMIT
DISCONNECT
/*C777*/SET SCHEMA PUBLIC
INSERT INTO PARSER VALUES(1555,'\u0418\u0417',1)
COMMIT
DISCONNECT
/*C778*/SET SCHEMA PUBLIC
INSERT INTO PARSER VALUES(1556,'\u041f\u041e\u041a\u0410\u0417\u0410\u041b\u0418',2)
COMMIT
DISCONNECT
/*C779*/SET SCHEMA PUBLIC
INSERT INTO PARSER VALUES(1557,'\u0423\u041b\u041e\u0416\u0418\u0422\u042c\u0421\u042f',1)
COMMIT
DISCONNECT
/*C780*/SET SCHEMA PUBLIC
INSERT INTO PARSER VALUES(1558,'\u0423\u0420\u041e\u0412\u041d\u0415',2)
COMMIT
DISCONNECT
/*C781*/SET SCHEMA PUBLIC
INSERT INTO PARSER VALUES(1559,'\u0418\u041c',1)
COMMIT
DISCONNECT
/*C782*/SET SCHEMA PUBLIC
INSERT INTO PARSER VALUES(1560,'\u041c\u0415\u0421\u042f\u0426\u0415\u0412',1)
COMMIT
DISCONNECT
/*C783*/SET SCHEMA PUBLIC
INSERT INTO PARSER VALUES(1561,'\u0422\u0415\u041c\u041f',1)
COMMIT
DISCONNECT
/*C784*/SET SCHEMA PUBLIC
INSERT INTO PARSER VALUES(1562,'\u0423\u041d\u0418\u041a\u0410\u041b\u042c\u041d\u042b\u0415',1)
COMMIT
DISCONNECT
/*C785*/SET SCHEMA PUBLIC
INSERT INTO PARSER VALUES(1563,'\u041e\u0411\u0415\u0429\u0410\u041d\u041d\u042b\u0415',1)
COMMIT
DISCONNECT
/*C786*/SET SCHEMA PUBLIC
INSERT INTO PARSER VALUES(1564,'\u0418\u0425',7)
COMMIT
DISCONNECT
/*C787*/SET SCHEMA PUBLIC
INSERT INTO PARSER VALUES(1565,'\u041a\u041b\u0418\u0415\u041d\u0422\u0410',1)
COMMIT
DISCONNECT
/*C788*/SET SCHEMA PUBLIC
INSERT INTO PARSER VALUES(1566,'\u041f\u041e\u041c\u041e\u0429\u042c\u042e',1)
COMMIT
DISCONNECT
/*C789*/SET SCHEMA PUBLIC
INSERT INTO PARSER VALUES(1567,'\u0423\u0412\u0415\u0420\u0415\u041d\u041d\u041e\u0415',1)
COMMIT
DISCONNECT
/*C790*/SET SCHEMA PUBLIC
INSERT INTO PARSER VALUES(1568,'\u041e\u0411\u0415\u0421\u041f\u0415\u0427\u0415\u041d\u0418\u042e',1)
COMMIT
DISCONNECT
/*C791*/SET SCHEMA PUBLIC
INSERT INTO PARSER VALUES(1569,'\u0420\u0410\u0417\u0420\u0410\u0411\u0410\u0422\u042b\u0412\u0410\u0415\u0422',1)
COMMIT
DISCONNECT
/*C792*/SET SCHEMA PUBLIC
INSERT INTO PARSER VALUES(1570,'\u041b\u042e\u0411\u042b\u0415',1)
COMMIT
DISCONNECT
/*C793*/SET SCHEMA PUBLIC
INSERT INTO PARSER VALUES(1571,'\u0421\u0410\u041c\u041e\u0413\u041e',1)
COMMIT
DISCONNECT
/*C794*/SET SCHEMA PUBLIC
INSERT INTO PARSER VALUES(1572,'\u041f\u0420\u041e\u0426\u0415\u0421\u0421\u042b',3)
COMMIT
DISCONNECT
/*C795*/SET SCHEMA PUBLIC
INSERT INTO PARSER VALUES(1573,'\u0422\u0415\u041c\u0418',1)
COMMIT
DISCONNECT
/*C796*/SET SCHEMA PUBLIC
INSERT INTO PARSER VALUES(1574,'\u041f\u041e\u0417\u0412\u041e\u041b\u0418\u041b\u041e',1)
COMMIT
DISCONNECT
/*C797*/SET SCHEMA PUBLIC
INSERT INTO PARSER VALUES(1575,'\u041b\u041e\u0413\u0418\u041a\u0418',1)
COMMIT
DISCONNECT
/*C798*/SET SCHEMA PUBLIC
INSERT INTO PARSER VALUES(1576,'MARKET',1)
COMMIT
DISCONNECT
/*C799*/SET SCHEMA PUBLIC
INSERT INTO PARSER VALUES(1577,'\u0420\u0410\u0411\u041e\u0422\u0410\u041b\u0410',1)
COMMIT
DISCONNECT
/*C800*/SET SCHEMA PUBLIC
INSERT INTO PARSER VALUES(1578,'\u041d\u0415\u0422\u0420\u0418\u0412\u0418\u0410\u041b\u042c\u041d\u042b\u0415',1)
COMMIT
DISCONNECT
/*C801*/SET SCHEMA PUBLIC
INSERT INTO PARSER VALUES(1579,'\u041f\u0420\u0415\u0414\u041b\u0410\u0413\u0410\u041b\u0418',1)
COMMIT
DISCONNECT
/*C802*/SET SCHEMA PUBLIC
INSERT INTO PARSER VALUES(1580,'\u0420\u0415\u0410\u041b\u0418\u0417\u0423\u042e\u0422\u0421\u042f',1)
COMMIT
DISCONNECT
/*C803*/SET SCHEMA PUBLIC
INSERT INTO PARSER VALUES(1581,'COMPANY',2)
COMMIT
DISCONNECT
/*C804*/SET SCHEMA PUBLIC
INSERT INTO PARSER VALUES(1582,'\u041c\u041e\u0411\u0418\u041b\u042c\u041d\u042b\u0425',1)
COMMIT
DISCONNECT
/*C805*/SET SCHEMA PUBLIC
INSERT INTO PARSER VALUES(1583,'\u041f\u0420\u0415\u0418\u041c\u0423\u0429\u0415\u0421\u0422\u0412\u041e',2)
COMMIT
DISCONNECT
/*C806*/SET SCHEMA PUBLIC
INSERT INTO PARSER VALUES(1584,'\u041d\u0423\u0416\u041d\u041e',1)
COMMIT
DISCONNECT
/*C807*/SET SCHEMA PUBLIC
INSERT INTO PARSER VALUES(1585,'\u041a\u041b\u0418\u0415\u041d\u0422\u042b',2)
COMMIT
DISCONNECT
/*C808*/SET SCHEMA PUBLIC
INSERT INTO PARSER VALUES(1586,'\u0418\u0421\u041a\u041b\u042e\u0427\u0418\u0422\u0415\u041b\u042c\u041d\u041e',1)
COMMIT
DISCONNECT
/*C809*/SET SCHEMA PUBLIC
INSERT INTO PARSER VALUES(1587,'\u0421\u041f\u0415\u041a\u0422\u0420\u0410',1)
COMMIT
DISCONNECT
/*C810*/SET SCHEMA PUBLIC
INSERT INTO PARSER VALUES(1588,'\u0414\u0410\u041b\u0410',1)
COMMIT
DISCONNECT
/*C811*/SET SCHEMA PUBLIC
INSERT INTO PARSER VALUES(1589,'\u0412\u042b\u0421\u041e\u041a\u041e',1)
COMMIT
DISCONNECT
/*C812*/SET SCHEMA PUBLIC
INSERT INTO PARSER VALUES(1590,'\u041d\u0410\u0426\u0415\u041b\u0415\u041d\u042b',1)
COMMIT
DISCONNECT
/*C813*/SET SCHEMA PUBLIC
INSERT INTO PARSER VALUES(1591,'\u0424\u0410\u0419\u041b\u041e\u0412',1)
COMMIT
DISCONNECT
/*C814*/SET SCHEMA PUBLIC
INSERT INTO PARSER VALUES(1592,'\u0420\u041e\u0421\u0422\u0410',1)
COMMIT
DISCONNECT
/*C815*/SET SCHEMA PUBLIC
INSERT INTO PARSER VALUES(1593,'\u041a\u041e\u041d\u0422\u0410\u041a\u0422\u042b',2)
COMMIT
DISCONNECT
/*C816*/SET SCHEMA PUBLIC
INSERT INTO PARSER VALUES(1594,'\u0421\u0420\u041e\u041a\u0418',5)
COMMIT
DISCONNECT
/*C817*/SET SCHEMA PUBLIC
INSERT INTO PARSER VALUES(1595,'\u041f\u0420\u041e\u0422\u041e\u0422\u0418\u041f\u0410',1)
COMMIT
DISCONNECT
/*C818*/SET SCHEMA PUBLIC
INSERT INTO PARSER VALUES(1596,'\u0413\u041e\u0422\u041e\u0412\u042b',2)
COMMIT
DISCONNECT
/*C819*/SET SCHEMA PUBLIC
INSERT INTO PARSER VALUES(1597,'\u041e\u0416\u0418\u0414\u0410\u0422\u042c',2)
COMMIT
DISCONNECT
/*C820*/SET SCHEMA PUBLIC
INSERT INTO PARSER VALUES(1598,'\u0421\u0420\u041e\u041a\u0410',1)
COMMIT
DISCONNECT
/*C821*/SET SCHEMA PUBLIC
INSERT INTO PARSER VALUES(1599,'\u041a\u0420\u0415\u0410\u0422\u0418\u0412\u041d\u041e',1)
COMMIT
DISCONNECT
/*C822*/SET SCHEMA PUBLIC
INSERT INTO PARSER VALUES(1600,'\u041c\u0415\u041d\u0415\u0414\u0416\u041c\u0415\u041d\u0422\u041e\u041c',1)
COMMIT
DISCONNECT
/*C823*/SET SCHEMA PUBLIC
INSERT INTO PARSER VALUES(1601,'\u041f\u0420\u041e\u0424\u0415\u0421\u0421\u0418\u041e\u041d\u0410\u041b\u042c\u041d\u0410\u042f',1)
COMMIT
DISCONNECT
/*C824*/SET SCHEMA PUBLIC
INSERT INTO PARSER VALUES(1602,'\u0422\u0412\u041e\u0420\u0427\u0415\u0421\u041a\u0418\u0415',1)
COMMIT
DISCONNECT
/*C825*/SET SCHEMA PUBLIC
INSERT INTO PARSER VALUES(1603,'\u0427\u0415\u0420\u0415\u0417',4)
COMMIT
DISCONNECT
/*C826*/SET SCHEMA PUBLIC
INSERT INTO PARSER VALUES(1604,'\u0413\u041e\u0422\u041e\u0412\u042b\u0419',1)
COMMIT
DISCONNECT
/*C827*/SET SCHEMA PUBLIC
INSERT INTO PARSER VALUES(1605,'SCIENCE',2)
COMMIT
DISCONNECT
/*C828*/SET SCHEMA PUBLIC
INSERT INTO PARSER VALUES(1606,'\u041f\u0420\u041e\u0418\u0417\u0412\u041e\u0414\u0418\u0422\u0415\u041b\u042c\u041d\u041e\u0421\u0422\u0418',1)
COMMIT
DISCONNECT
/*C829*/SET SCHEMA PUBLIC
INSERT INTO PARSER VALUES(1607,'\u0414\u041e\u0421\u0422\u041e\u0419\u041d\u042b\u0419',1)
COMMIT
DISCONNECT
/*C830*/SET SCHEMA PUBLIC
INSERT INTO PARSER VALUES(1608,'\u0420\u0415\u0417\u0423\u041b\u042c\u0422\u0410\u0422',5)
COMMIT
DISCONNECT
/*C831*/SET SCHEMA PUBLIC
INSERT INTO PARSER VALUES(1609,'\u0421\u0416\u0410\u0422\u042b\u0415',1)
COMMIT
DISCONNECT
/*C832*/SET SCHEMA PUBLIC
INSERT INTO PARSER VALUES(1610,'\u0412\u041a\u041b\u0410\u0414',1)
COMMIT
DISCONNECT
/*C833*/SET SCHEMA PUBLIC
INSERT INTO PARSER VALUES(1611,'\u041f\u041e\u0414\u0422\u0412\u0415\u0420\u0416\u0414\u0410\u0415\u0422\u0415',1)
COMMIT
DISCONNECT
/*C834*/SET SCHEMA PUBLIC
INSERT INTO PARSER VALUES(1612,'\u0412\u042b\u041f\u041e\u041b\u041d\u042f\u042e\u0422\u0421\u042f',1)
COMMIT
DISCONNECT
/*C835*/SET SCHEMA PUBLIC
INSERT INTO PARSER VALUES(1613,'\u0420\u0410\u0417\u0420\u0410\u0411\u041e\u0422\u0427\u0418\u041a\u041e\u0412',1)
COMMIT
DISCONNECT
/*C836*/SET SCHEMA PUBLIC
INSERT INTO PARSER VALUES(1614,'\u0418\u041d\u0422\u0415\u0420\u0424\u0415\u0419\u0421\u0415',1)
COMMIT
DISCONNECT
/*C837*/SET SCHEMA PUBLIC
INSERT INTO PARSER VALUES(1615,'\u0421\u0422\u0420\u0410\u0425\u041e\u0412\u042b\u0425',2)
COMMIT
DISCONNECT
/*C838*/SET SCHEMA PUBLIC
INSERT INTO PARSER VALUES(1616,'\u041d\u0410\u0428\u0418\u041c',3)
COMMIT
DISCONNECT
/*C839*/SET SCHEMA PUBLIC
INSERT INTO PARSER VALUES(1617,'\u0414\u0415\u041c\u041e\u041d\u0421\u0422\u0420\u0418\u0420\u041e\u0412\u0410\u041b',1)
COMMIT
DISCONNECT
/*C840*/SET SCHEMA PUBLIC
INSERT INTO PARSER VALUES(1618,'\u0417\u0410\u0414\u0410\u0427\u0415',1)
COMMIT
DISCONNECT
/*C841*/SET SCHEMA PUBLIC
INSERT INTO PARSER VALUES(1619,'\u0417\u0410\u0414\u0410\u0427\u0418',6)
COMMIT
DISCONNECT
/*C842*/SET SCHEMA PUBLIC
INSERT INTO PARSER VALUES(1620,'\u0414\u0420\u0423\u0413\u0410\u042f',1)
COMMIT
DISCONNECT
/*C843*/SET SCHEMA PUBLIC
INSERT INTO PARSER VALUES(1621,'\u0414\u041e\u0421\u0422\u0418\u0427\u042c',1)
COMMIT
DISCONNECT
/*C844*/SET SCHEMA PUBLIC
INSERT INTO PARSER VALUES(1622,'\u041e\u0411\u0415\u0421\u041f\u0415\u0427\u0415\u041d\u0418\u0415',4)
COMMIT
DISCONNECT
/*C845*/SET SCHEMA PUBLIC
INSERT INTO PARSER VALUES(1623,'\u041f\u0410\u0420\u0422\u041d\u0415\u0420\u0421\u041a\u0418\u0425',1)
COMMIT
DISCONNECT
/*C846*/SET SCHEMA PUBLIC
INSERT INTO PARSER VALUES(1624,'\u0418\u0414\u0415\u0418',1)
COMMIT
DISCONNECT
/*C847*/SET SCHEMA PUBLIC
INSERT INTO PARSER VALUES(1625,'\u041f\u0420\u041e\u0410\u041a\u0422\u0418\u0412\u041d\u041e\u0421\u0422\u042c',1)
COMMIT
DISCONNECT
/*C848*/SET SCHEMA PUBLIC
INSERT INTO PARSER VALUES(1626,'\u041e\u041f\u0420\u0410\u0412\u0414\u0410\u041b\u0418',1)
COMMIT
DISCONNECT
/*C849*/SET SCHEMA PUBLIC
INSERT INTO PARSER VALUES(1627,'\u041e\u0411\u0421\u0423\u0416\u0414\u0410\u0422\u042c',1)
COMMIT
DISCONNECT
/*C850*/SET SCHEMA PUBLIC
INSERT INTO PARSER VALUES(1628,'\u041d\u0415\u0417\u041d\u0410\u041a\u041e\u041c\u0423\u042e',1)
COMMIT
DISCONNECT
/*C851*/SET SCHEMA PUBLIC
INSERT INTO PARSER VALUES(1629,'\u0418\u041d\u0418\u0426\u0418\u0410\u0422\u0418\u0412\u041d\u041e\u0421\u0422\u042c',1)
COMMIT
DISCONNECT
/*C852*/SET SCHEMA PUBLIC
INSERT INTO PARSER VALUES(1630,'\u041f\u041e\u0421\u041c\u041e\u0422\u0420\u0415\u0422\u042c',1)
COMMIT
DISCONNECT
/*C853*/SET SCHEMA PUBLIC
INSERT INTO PARSER VALUES(1631,'\u041e\u0422\u041a\u0420\u042b\u041b\u0410',1)
COMMIT
DISCONNECT
/*C854*/SET SCHEMA PUBLIC
INSERT INTO PARSER VALUES(1632,'\u0418\u041d\u0422\u0415\u0413\u0420\u0410\u0422\u041e\u0420\u041e\u041c',1)
COMMIT
DISCONNECT
/*C855*/SET SCHEMA PUBLIC
INSERT INTO PARSER VALUES(1633,'\u041e\u041f\u0415\u0420\u0410\u0422\u0418\u0412\u041d\u0410\u042f',1)
COMMIT
DISCONNECT
/*C856*/SET SCHEMA PUBLIC
INSERT INTO PARSER VALUES(1634,'\u041d\u0415\u0422',1)
COMMIT
DISCONNECT
/*C857*/SET SCHEMA PUBLIC
INSERT INTO PARSER VALUES(1635,'\u041e\u0422\u0412\u0415\u0422\u0421\u0422\u0412\u0415\u041d\u041d\u041e\u0421\u0422\u042c',2)
COMMIT
DISCONNECT
/*C858*/SET SCHEMA PUBLIC
INSERT INTO PARSER VALUES(1636,'\u041d\u0410\u0428\u0415\u0419',1)
COMMIT
DISCONNECT
/*C859*/SET SCHEMA PUBLIC
INSERT INTO PARSER VALUES(1637,'\u0420\u0410\u0417\u0411\u0418\u0412\u041a\u0423',1)
COMMIT
DISCONNECT
/*C860*/SET SCHEMA PUBLIC
INSERT INTO PARSER VALUES(1638,'\u042d\u0424\u0424\u0415\u041a\u0422\u0418\u0412\u041d\u041e',1)
COMMIT
DISCONNECT
/*C861*/SET SCHEMA PUBLIC
INSERT INTO PARSER VALUES(1639,'JIRA',2)
COMMIT
DISCONNECT
/*C862*/SET SCHEMA PUBLIC
INSERT INTO PARSER VALUES(1640,'\u041e\u0420\u0418\u0415\u041d\u0422\u0418\u0420\u0423\u042e\u0422',1)
COMMIT
DISCONNECT
/*C863*/SET SCHEMA PUBLIC
INSERT INTO PARSER VALUES(1641,'\u0410\u0423\u0422\u0421\u041e\u0420\u0421\u0418\u041d\u0413',2)
COMMIT
DISCONNECT
/*C864*/SET SCHEMA PUBLIC
INSERT INTO PARSER VALUES(1642,'\u041c\u042b',24)
COMMIT
DISCONNECT
/*C865*/SET SCHEMA PUBLIC
INSERT INTO PARSER VALUES(1643,'\u0411\u041b\u0415\u0421\u0422\u042f\u0429\u0418\u0415',1)
COMMIT
DISCONNECT
/*C866*/SET SCHEMA PUBLIC
INSERT INTO PARSER VALUES(1644,'\u041d\u0410',17)
COMMIT
DISCONNECT
/*C867*/SET SCHEMA PUBLIC
INSERT INTO PARSER VALUES(1645,'\u0422\u0415\u0425\u041d\u041e\u041b\u041e\u0413\u0418\u0427\u0415\u0421\u041a\u0410\u042f',1)
COMMIT
DISCONNECT
/*C868*/SET SCHEMA PUBLIC
INSERT INTO PARSER VALUES(1646,'\u0410\u0412\u0422\u041e\u041c\u0410\u0422\u0418\u0417\u0410\u0426\u0418\u042f',2)
COMMIT
DISCONNECT
/*C869*/SET SCHEMA PUBLIC
INSERT INTO PARSER VALUES(1647,'\u0421\u0422\u0410\u0411\u0418\u041b\u042c\u041d\u041e\u0413\u041e',1)
COMMIT
DISCONNECT
/*C870*/SET SCHEMA PUBLIC
INSERT INTO PARSER VALUES(1648,'\u041f\u0420\u0415\u0414\u0410\u041d\u041d\u041e\u0421\u0422\u042c',1)
COMMIT
DISCONNECT
/*C871*/SET SCHEMA PUBLIC
INSERT INTO PARSER VALUES(1649,'\u0418\u0421\u041f\u041e\u041b\u042c\u0417\u041e\u0412\u0410\u041d\u0418\u0415',1)
COMMIT
DISCONNECT
/*C872*/SET SCHEMA PUBLIC
INSERT INTO PARSER VALUES(1650,'\u041f\u041e\u041b\u042c\u0417\u041e\u0412\u0410\u0422\u0415\u041b\u0418',1)
COMMIT
DISCONNECT
/*C873*/SET SCHEMA PUBLIC
INSERT INTO PARSER VALUES(1651,'\u041d\u0415',4)
COMMIT
DISCONNECT
/*C874*/SET SCHEMA PUBLIC
INSERT INTO PARSER VALUES(1652,'SERVICE',2)
COMMIT
DISCONNECT
/*C875*/SET SCHEMA PUBLIC
INSERT INTO PARSER VALUES(1653,'\u041d\u0418',1)
COMMIT
DISCONNECT
/*C876*/SET SCHEMA PUBLIC
INSERT INTO PARSER VALUES(1654,'\u0411\u041e\u041b\u042c\u0428\u0415',1)
COMMIT
DISCONNECT
/*C877*/SET SCHEMA PUBLIC
INSERT INTO PARSER VALUES(1655,'\u0414\u0423\u0428\u041e\u0419',1)
COMMIT
DISCONNECT
/*C878*/SET SCHEMA PUBLIC
INSERT INTO PARSER VALUES(1656,'\u041d\u0410\u041c\u0418',1)
COMMIT
DISCONNECT
/*C879*/SET SCHEMA PUBLIC
INSERT INTO PARSER VALUES(1657,'\u0413\u041e\u0422\u041e\u0412\u0410',1)
COMMIT
DISCONNECT
/*C880*/SET SCHEMA PUBLIC
INSERT INTO PARSER VALUES(1658,'\u041f\u041e\u041b\u0423\u0427\u0410\u0415\u041c',2)
COMMIT
DISCONNECT
/*C881*/SET SCHEMA PUBLIC
INSERT INTO PARSER VALUES(1659,'\u0421\u041b\u041e\u0416\u041d\u042b\u0425',2)
COMMIT
DISCONNECT
/*C882*/SET SCHEMA PUBLIC
INSERT INTO PARSER VALUES(1660,'\u0420\u0410\u0411\u041e\u0422\u0410\u042e\u0429\u0418\u0419',1)
COMMIT
DISCONNECT
/*C883*/SET SCHEMA PUBLIC
INSERT INTO PARSER VALUES(1661,'\u0420\u0410\u0411\u041e\u0422\u0410\u042e\u0429\u0418\u041c',1)
COMMIT
DISCONNECT
/*C884*/SET SCHEMA PUBLIC
INSERT INTO PARSER VALUES(1662,'\u0412\u0421\u0415',10)
COMMIT
DISCONNECT
/*C885*/SET SCHEMA PUBLIC
INSERT INTO PARSER VALUES(1663,'\u041d\u041e\u0412\u041e\u0421\u0422\u0418',4)
COMMIT
DISCONNECT
/*C886*/SET SCHEMA PUBLIC
INSERT INTO PARSER VALUES(1664,'\u0421\u041e\u0411\u0420\u0410\u041d\u041d\u041e\u0421\u0422\u042c',1)
COMMIT
DISCONNECT
/*C887*/SET SCHEMA PUBLIC
INSERT INTO PARSER VALUES(1665,'\u0410\u041d\u0410\u041b\u0418\u0422\u0418\u041a\u0418',1)
COMMIT
DISCONNECT
/*C888*/SET SCHEMA PUBLIC
INSERT INTO PARSER VALUES(1666,'\u041a\u0410\u041a',1)
COMMIT
DISCONNECT
/*C889*/SET SCHEMA PUBLIC
INSERT INTO PARSER VALUES(1667,'\u041e\u0411\u0429\u0415\u041d\u0418\u0415',1)
COMMIT
DISCONNECT
/*C890*/SET SCHEMA PUBLIC
INSERT INTO PARSER VALUES(1668,'\u041f\u041e\u0413\u0420\u0423\u0417\u0418\u041b\u0418\u0421\u042c',1)
COMMIT
DISCONNECT
/*C891*/SET SCHEMA PUBLIC
INSERT INTO PARSER VALUES(1669,'\u0414\u041e\u041b\u0413\u041e\u0421\u0420\u041e\u0427\u041d\u0423\u042e',1)
COMMIT
DISCONNECT
/*C892*/SET SCHEMA PUBLIC
INSERT INTO PARSER VALUES(1670,'\u0422\u0415\u0425\u041d\u041e\u041b\u041e\u0413\u0418\u0427\u0415\u0421\u041a\u041e\u0413\u041e',1)
COMMIT
DISCONNECT
/*C893*/SET SCHEMA PUBLIC
INSERT INTO PARSER VALUES(1671,'\u041a\u0420\u0415\u0410\u0422\u0418\u0412\u041d\u042b\u0415',1)
COMMIT
DISCONNECT
/*C894*/SET SCHEMA PUBLIC
INSERT INTO PARSER VALUES(1672,'\u0424\u0423\u041d\u041a\u0426\u0418\u041e\u041d\u0410\u041b\u041e\u041c',1)
COMMIT
DISCONNECT
/*C895*/SET SCHEMA PUBLIC
INSERT INTO PARSER VALUES(1673,'\u0410\u041d\u0410\u041b\u0418\u0422\u0418\u041a\u0415',1)
COMMIT
DISCONNECT
/*C896*/SET SCHEMA PUBLIC
INSERT INTO PARSER VALUES(1674,'\u042d\u0422\u0410\u0416',1)
COMMIT
DISCONNECT
/*C897*/SET SCHEMA PUBLIC
INSERT INTO PARSER VALUES(1675,'\u041f\u0420\u0415\u0414\u041e\u0421\u0422\u0410\u0412\u041b\u042f\u042e\u0422',1)
COMMIT
DISCONNECT
